Using pre-set license
Built from '2020.2/staging' branch; Version is '2020.2.7f1 (c53830e277f1) revision 12924976'; Using compiler version '192528614'; Build Type 'Release'
OS: 'Windows 10 Pro; OS build 19044.1706; Version 2009; 64bit' Language: 'en' Physical Memory: 8064 MB
BatchMode: 1, IsHumanControllingUs: 0, StartBugReporterOnCrash: 0, Is64bit: 1, IsPro: 0

 COMMAND LINE ARGUMENTS:
C:\Program Files\Unity\Hub\Editor\2020.2.7f1\Editor\Unity.exe
-adb2
-batchMode
-noUpm
-name
AssetImportWorker4
-projectPath
E:/Games/GitHub/Zombieversity/Zombieversity
-logFile
Logs/AssetImportWorker4.log
-srvPort
62872
Successfully changed project path to: E:/Games/GitHub/Zombieversity/Zombieversity
E:/Games/GitHub/Zombieversity/Zombieversity
Using Asset Import Pipeline V2.
Refreshing native plugins compatible for Editor in 75.72 ms, found 1 plugins.
Preloading 0 native plugins for Editor in 0.00 ms.
Initialize engine version: 2020.2.7f1 (c53830e277f1)
[Subsystems] Discovering subsystems at path C:/Program Files/Unity/Hub/Editor/2020.2.7f1/Editor/Data/Resources/UnitySubsystems
[Subsystems] Discovering subsystems at path E:/Games/GitHub/Zombieversity/Zombieversity/Assets
GfxDevice: creating device client; threaded=0
Direct3D:
    Version:  Direct3D 11.0 [level 11.1]
    Renderer: Intel(R) HD Graphics Family (ID=0xa16)
    Vendor:   
    VRAM:     2048 MB
    Driver:   20.19.15.5126
Initialize mono
Mono path[0] = 'C:/Program Files/Unity/Hub/Editor/2020.2.7f1/Editor/Data/Managed'
Mono path[1] = 'C:/Program Files/Unity/Hub/Editor/2020.2.7f1/Editor/Data/MonoBleedingEdge/lib/mono/unityjit'
Mono config path = 'C:/Program Files/Unity/Hub/Editor/2020.2.7f1/Editor/Data/MonoBleedingEdge/etc'
Using monoOptions --debugger-agent=transport=dt_socket,embedding=1,server=y,suspend=n,address=127.0.0.1:56552
Begin MonoManager ReloadAssembly
Registering precompiled unity dll's ...
Register platform support module: C:/Program Files/Unity/Hub/Editor/2020.2.7f1/Editor/Data/PlaybackEngines/WebGLSupport/UnityEditor.WebGL.Extensions.dll
Register platform support module: C:/Program Files/Unity/Hub/Editor/2020.2.7f1/Editor/Data/PlaybackEngines/MacStandaloneSupport/UnityEditor.OSXStandalone.Extensions.dll
Register platform support module: C:/Program Files/Unity/Hub/Editor/2020.2.7f1/Editor/Data/PlaybackEngines/WindowsStandaloneSupport/UnityEditor.WindowsStandalone.Extensions.dll
Registered in 0.007314 seconds.
Native extension for WindowsStandalone target not found
Native extension for OSXStandalone target not found
Native extension for WebGL target not found
Refreshing native plugins compatible for Editor in 53.00 ms, found 1 plugins.
Preloading 0 native plugins for Editor in 0.00 ms.
Invoked RoslynAnalysisRunner static constructor.
RoslynAnalysisRunner will not be running.
RoslynAnalysisRunner has terminated.
Mono: successfully reloaded assembly
- Completed reload, in  2.350 seconds
Platform modules already initialized, skipping
Registering precompiled user dll's ...
Registered in 0.010813 seconds.
Begin MonoManager ReloadAssembly
Native extension for WindowsStandalone target not found
Native extension for OSXStandalone target not found
Native extension for WebGL target not found
Refreshing native plugins compatible for Editor in 165.61 ms, found 1 plugins.
Preloading 0 native plugins for Editor in 0.00 ms.
Invoked RoslynAnalysisRunner static constructor.
RoslynAnalysisRunner will not be running.
RoslynAnalysisRunner has terminated.
Mono: successfully reloaded assembly
- Completed reload, in  3.733 seconds
Platform modules already initialized, skipping
========================================================================
Worker process is ready to serve import requests
Launched and connected shader compiler UnityShaderCompiler.exe after 0.76 seconds
Refreshing native plugins compatible for Editor in 0.83 ms, found 1 plugins.
Preloading 0 native plugins for Editor in 0.00 ms.
Unloading 1843 Unused Serialized files (Serialized files now loaded: 0)
System memory in use before: 85.9 MB.
System memory in use after: 85.9 MB.

Unloading 27 unused Assets to reduce memory usage. Loaded Objects now: 2290.
Total: 5.005800 ms (FindLiveObjects: 0.410900 ms CreateObjectMapping: 0.114300 ms MarkObjects: 4.304100 ms  DeleteObjects: 0.174400 ms)

========================================================================
Received Import Request.
  path: Assets/Client/Scenes/Overworld-Campus.unity
  artifactKey: Guid(465c18f7b2846db42a7b38f282a0947e) Importer(815301076,1909f56bfc062723c751e8b465ee728b)
Start importing Assets/Client/Scenes/Overworld-Campus.unity using Guid(465c18f7b2846db42a7b38f282a0947e) Importer(815301076,1909f56bfc062723c751e8b465ee728b)  -> (artifact id: '6beba7822ebb074444dd64dd96d407ec') in 0.111294 seconds
  Import took 0.147666 seconds .

========================================================================
Received Prepare
Registering precompiled user dll's ...
Registered in 0.005421 seconds.
Begin MonoManager ReloadAssembly
Native extension for WindowsStandalone target not found
Native extension for OSXStandalone target not found
Native extension for WebGL target not found
Refreshing native plugins compatible for Editor in 1.33 ms, found 1 plugins.
Preloading 0 native plugins for Editor in 0.00 ms.
Invoked RoslynAnalysisRunner static constructor.
RoslynAnalysisRunner will not be running.
RoslynAnalysisRunner has terminated.
Mono: successfully reloaded assembly
- Completed reload, in  7.534 seconds
Platform modules already initialized, skipping
Refreshing native plugins compatible for Editor in 2.04 ms, found 1 plugins.
Preloading 0 native plugins for Editor in 0.00 ms.
Unloading 1838 Unused Serialized files (Serialized files now loaded: 0)
System memory in use before: 85.9 MB.
System memory in use after: 85.9 MB.

Unloading 15 unused Assets to reduce memory usage. Loaded Objects now: 2294.
Total: 26.812600 ms (FindLiveObjects: 1.098000 ms CreateObjectMapping: 1.129900 ms MarkObjects: 23.684000 ms  DeleteObjects: 0.893700 ms)

========================================================================
Received Import Request.
  Time since last request: 551.003954 seconds.
  path: Assets/Client/Scenes/Overworld-Uni.unity
  artifactKey: Guid(42c35194c6414b44a913234d793d51ab) Importer(815301076,1909f56bfc062723c751e8b465ee728b)
Start importing Assets/Client/Scenes/Overworld-Uni.unity using Guid(42c35194c6414b44a913234d793d51ab) Importer(815301076,1909f56bfc062723c751e8b465ee728b)  -> (artifact id: 'cb2968ccc100271a314d91a8b4e91fdd') in 0.039954 seconds
  Import took 0.103031 seconds .

========================================================================
Received Import Request.
  Time since last request: 75.781190 seconds.
  path: Assets/Client/Scenes/Overworld-Uni.unity
  artifactKey: Guid(42c35194c6414b44a913234d793d51ab) Importer(815301076,1909f56bfc062723c751e8b465ee728b)
Start importing Assets/Client/Scenes/Overworld-Uni.unity using Guid(42c35194c6414b44a913234d793d51ab) Importer(815301076,1909f56bfc062723c751e8b465ee728b)  -> (artifact id: '8d95d5f2fe94e50869dd0be2f284512a') in 0.009098 seconds
  Import took 0.037891 seconds .

========================================================================
Received Prepare
Registering precompiled user dll's ...
Registered in 0.004100 seconds.
Begin MonoManager ReloadAssembly
Native extension for WindowsStandalone target not found
Native extension for OSXStandalone target not found
Native extension for WebGL target not found
Refreshing native plugins compatible for Editor in 0.52 ms, found 1 plugins.
Preloading 0 native plugins for Editor in 0.00 ms.
Invoked RoslynAnalysisRunner static constructor.
RoslynAnalysisRunner will not be running.
RoslynAnalysisRunner has terminated.
Mono: successfully reloaded assembly
- Completed reload, in  1.413 seconds
Platform modules already initialized, skipping
Refreshing native plugins compatible for Editor in 0.83 ms, found 1 plugins.
Preloading 0 native plugins for Editor in 0.00 ms.
Unloading 1838 Unused Serialized files (Serialized files now loaded: 0)
System memory in use before: 86.0 MB.
System memory in use after: 85.9 MB.

Unloading 15 unused Assets to reduce memory usage. Loaded Objects now: 2298.
Total: 6.983100 ms (FindLiveObjects: 0.523900 ms CreateObjectMapping: 0.159100 ms MarkObjects: 6.146300 ms  DeleteObjects: 0.151200 ms)

========================================================================
Received Prepare
Registering precompiled user dll's ...
Registered in 0.013397 seconds.
Begin MonoManager ReloadAssembly
Native extension for WindowsStandalone target not found
Native extension for OSXStandalone target not found
Native extension for WebGL target not found
Refreshing native plugins compatible for Editor in 2.12 ms, found 1 plugins.
Preloading 0 native plugins for Editor in 0.00 ms.
Invoked RoslynAnalysisRunner static constructor.
RoslynAnalysisRunner will not be running.
RoslynAnalysisRunner has terminated.
Mono: successfully reloaded assembly
- Completed reload, in  6.776 seconds
Platform modules already initialized, skipping
Refreshing native plugins compatible for Editor in 3.26 ms, found 1 plugins.
Preloading 0 native plugins for Editor in 0.00 ms.
Unloading 1838 Unused Serialized files (Serialized files now loaded: 0)
System memory in use before: 86.0 MB.
System memory in use after: 86.0 MB.

Unloading 15 unused Assets to reduce memory usage. Loaded Objects now: 2302.
Total: 64.797400 ms (FindLiveObjects: 2.450900 ms CreateObjectMapping: 1.448100 ms MarkObjects: 60.166000 ms  DeleteObjects: 0.717300 ms)

========================================================================
Received Prepare
Registering precompiled user dll's ...
Registered in 0.004718 seconds.
Begin MonoManager ReloadAssembly
Native extension for WindowsStandalone target not found
Native extension for OSXStandalone target not found
Native extension for WebGL target not found
Refreshing native plugins compatible for Editor in 0.49 ms, found 1 plugins.
Preloading 0 native plugins for Editor in 0.00 ms.
Invoked RoslynAnalysisRunner static constructor.
RoslynAnalysisRunner will not be running.
RoslynAnalysisRunner has terminated.
Mono: successfully reloaded assembly
- Completed reload, in  1.636 seconds
Platform modules already initialized, skipping
Refreshing native plugins compatible for Editor in 0.81 ms, found 1 plugins.
Preloading 0 native plugins for Editor in 0.00 ms.
Unloading 1838 Unused Serialized files (Serialized files now loaded: 0)
System memory in use before: 86.0 MB.
System memory in use after: 86.0 MB.

Unloading 15 unused Assets to reduce memory usage. Loaded Objects now: 2306.
Total: 5.148900 ms (FindLiveObjects: 0.284900 ms CreateObjectMapping: 0.158200 ms MarkObjects: 4.541700 ms  DeleteObjects: 0.161600 ms)

========================================================================
Received Prepare
Registering precompiled user dll's ...
Registered in 0.003408 seconds.
Begin MonoManager ReloadAssembly
Native extension for WindowsStandalone target not found
Native extension for OSXStandalone target not found
Native extension for WebGL target not found
Refreshing native plugins compatible for Editor in 0.45 ms, found 1 plugins.
Preloading 0 native plugins for Editor in 0.00 ms.
Invoked RoslynAnalysisRunner static constructor.
RoslynAnalysisRunner will not be running.
RoslynAnalysisRunner has terminated.
Mono: successfully reloaded assembly
- Completed reload, in  1.253 seconds
Platform modules already initialized, skipping
Refreshing native plugins compatible for Editor in 0.88 ms, found 1 plugins.
Preloading 0 native plugins for Editor in 0.00 ms.
Unloading 1838 Unused Serialized files (Serialized files now loaded: 0)
System memory in use before: 86.0 MB.
System memory in use after: 86.0 MB.

Unloading 15 unused Assets to reduce memory usage. Loaded Objects now: 2310.
Total: 6.102100 ms (FindLiveObjects: 0.470900 ms CreateObjectMapping: 0.184800 ms MarkObjects: 5.282100 ms  DeleteObjects: 0.161900 ms)

========================================================================
Received Prepare
Registering precompiled user dll's ...
Registered in 0.005924 seconds.
Begin MonoManager ReloadAssembly
Native extension for WindowsStandalone target not found
Native extension for OSXStandalone target not found
Native extension for WebGL target not found
Refreshing native plugins compatible for Editor in 0.52 ms, found 1 plugins.
Preloading 0 native plugins for Editor in 0.00 ms.
Invoked RoslynAnalysisRunner static constructor.
RoslynAnalysisRunner will not be running.
RoslynAnalysisRunner has terminated.
Mono: successfully reloaded assembly
- Completed reload, in  1.593 seconds
Platform modules already initialized, skipping
Refreshing native plugins compatible for Editor in 0.91 ms, found 1 plugins.
Preloading 0 native plugins for Editor in 0.00 ms.
Unloading 1838 Unused Serialized files (Serialized files now loaded: 0)
System memory in use before: 86.0 MB.
System memory in use after: 86.0 MB.

Unloading 15 unused Assets to reduce memory usage. Loaded Objects now: 2314.
Total: 5.395000 ms (FindLiveObjects: 0.304400 ms CreateObjectMapping: 0.125000 ms MarkObjects: 4.807200 ms  DeleteObjects: 0.156000 ms)

========================================================================
Received Prepare
Registering precompiled user dll's ...
Registered in 0.006012 seconds.
Begin MonoManager ReloadAssembly
Native extension for WindowsStandalone target not found
Native extension for OSXStandalone target not found
Native extension for WebGL target not found
Refreshing native plugins compatible for Editor in 0.57 ms, found 1 plugins.
Preloading 0 native plugins for Editor in 0.00 ms.
Invoked RoslynAnalysisRunner static constructor.
RoslynAnalysisRunner will not be running.
RoslynAnalysisRunner has terminated.
Mono: successfully reloaded assembly
- Completed reload, in  1.555 seconds
Platform modules already initialized, skipping
Refreshing native plugins compatible for Editor in 0.84 ms, found 1 plugins.
Preloading 0 native plugins for Editor in 0.00 ms.
Unloading 1838 Unused Serialized files (Serialized files now loaded: 0)
System memory in use before: 86.0 MB.
System memory in use after: 86.0 MB.

Unloading 15 unused Assets to reduce memory usage. Loaded Objects now: 2318.
Total: 5.621300 ms (FindLiveObjects: 0.358900 ms CreateObjectMapping: 0.144300 ms MarkObjects: 4.961400 ms  DeleteObjects: 0.154300 ms)

========================================================================
Received Prepare
Registering precompiled user dll's ...
Registered in 0.007632 seconds.
Begin MonoManager ReloadAssembly
Native extension for WindowsStandalone target not found
Native extension for OSXStandalone target not found
Native extension for WebGL target not found
Refreshing native plugins compatible for Editor in 1.59 ms, found 1 plugins.
Preloading 0 native plugins for Editor in 0.00 ms.
Invoked RoslynAnalysisRunner static constructor.
RoslynAnalysisRunner will not be running.
RoslynAnalysisRunner has terminated.
Mono: successfully reloaded assembly
- Completed reload, in  3.528 seconds
Platform modules already initialized, skipping
Refreshing native plugins compatible for Editor in 0.81 ms, found 1 plugins.
Preloading 0 native plugins for Editor in 0.00 ms.
Unloading 1838 Unused Serialized files (Serialized files now loaded: 0)
System memory in use before: 86.0 MB.
System memory in use after: 86.0 MB.

Unloading 15 unused Assets to reduce memory usage. Loaded Objects now: 2322.
Total: 5.186900 ms (FindLiveObjects: 0.288600 ms CreateObjectMapping: 0.134800 ms MarkObjects: 4.608300 ms  DeleteObjects: 0.153000 ms)

========================================================================
Received Prepare
Registering precompiled user dll's ...
Registered in 0.004085 seconds.
Begin MonoManager ReloadAssembly
Native extension for WindowsStandalone target not found
Native extension for OSXStandalone target not found
Native extension for WebGL target not found
Refreshing native plugins compatible for Editor in 0.46 ms, found 1 plugins.
Preloading 0 native plugins for Editor in 0.00 ms.
Invoked RoslynAnalysisRunner static constructor.
RoslynAnalysisRunner will not be running.
RoslynAnalysisRunner has terminated.
Mono: successfully reloaded assembly
- Completed reload, in  1.293 seconds
Platform modules already initialized, skipping
Refreshing native plugins compatible for Editor in 0.81 ms, found 1 plugins.
Preloading 0 native plugins for Editor in 0.00 ms.
Unloading 1838 Unused Serialized files (Serialized files now loaded: 0)
System memory in use before: 86.0 MB.
System memory in use after: 86.0 MB.

Unloading 15 unused Assets to reduce memory usage. Loaded Objects now: 2326.
Total: 5.531000 ms (FindLiveObjects: 0.808700 ms CreateObjectMapping: 0.143100 ms MarkObjects: 4.424600 ms  DeleteObjects: 0.151600 ms)

========================================================================
Received Prepare
Refreshing native plugins compatible for Editor in 4.45 ms, found 1 plugins.
Preloading 0 native plugins for Editor in 0.00 ms.
Unloading 13 Unused Serialized files (Serialized files now loaded: 0)
System memory in use before: 50.0 MB.
System memory in use after: 50.0 MB.

Unloading 13 unused Assets to reduce memory usage. Loaded Objects now: 2326.
Total: 7.058800 ms (FindLiveObjects: 0.541200 ms CreateObjectMapping: 0.275800 ms MarkObjects: 6.046900 ms  DeleteObjects: 0.190800 ms)

========================================================================
Received Prepare
Registering precompiled user dll's ...
Registered in 0.003609 seconds.
Begin MonoManager ReloadAssembly
Native extension for WindowsStandalone target not found
Native extension for OSXStandalone target not found
Native extension for WebGL target not found
Refreshing native plugins compatible for Editor in 0.57 ms, found 1 plugins.
Preloading 0 native plugins for Editor in 0.00 ms.
Invoked RoslynAnalysisRunner static constructor.
RoslynAnalysisRunner will not be running.
RoslynAnalysisRunner has terminated.
Mono: successfully reloaded assembly
- Completed reload, in  2.170 seconds
Platform modules already initialized, skipping
Refreshing native plugins compatible for Editor in 1.00 ms, found 1 plugins.
Preloading 0 native plugins for Editor in 0.00 ms.
Unloading 1838 Unused Serialized files (Serialized files now loaded: 0)
System memory in use before: 86.1 MB.
System memory in use after: 86.0 MB.

Unloading 15 unused Assets to reduce memory usage. Loaded Objects now: 2330.
Total: 7.509500 ms (FindLiveObjects: 0.701700 ms CreateObjectMapping: 0.306300 ms MarkObjects: 6.308900 ms  DeleteObjects: 0.188600 ms)

========================================================================
Received Prepare
Refreshing native plugins compatible for Editor in 7.10 ms, found 1 plugins.
Preloading 0 native plugins for Editor in 0.00 ms.
Unloading 13 Unused Serialized files (Serialized files now loaded: 0)
System memory in use before: 50.0 MB.
System memory in use after: 50.0 MB.

Unloading 13 unused Assets to reduce memory usage. Loaded Objects now: 2330.
Total: 10.143700 ms (FindLiveObjects: 1.097100 ms CreateObjectMapping: 0.413600 ms MarkObjects: 8.271300 ms  DeleteObjects: 0.358700 ms)

========================================================================
Received Prepare
Refreshing native plugins compatible for Editor in 6.30 ms, found 1 plugins.
Preloading 0 native plugins for Editor in 0.00 ms.
Unloading 13 Unused Serialized files (Serialized files now loaded: 0)
System memory in use before: 50.0 MB.
System memory in use after: 50.0 MB.

Unloading 13 unused Assets to reduce memory usage. Loaded Objects now: 2330.
Total: 7.152000 ms (FindLiveObjects: 0.552900 ms CreateObjectMapping: 0.150900 ms MarkObjects: 6.285200 ms  DeleteObjects: 0.159800 ms)

========================================================================
Received Prepare
Refreshing native plugins compatible for Editor in 4.55 ms, found 1 plugins.
Preloading 0 native plugins for Editor in 0.00 ms.
Unloading 13 Unused Serialized files (Serialized files now loaded: 0)
System memory in use before: 50.0 MB.
System memory in use after: 50.0 MB.

Unloading 13 unused Assets to reduce memory usage. Loaded Objects now: 2330.
Total: 6.001900 ms (FindLiveObjects: 0.341600 ms CreateObjectMapping: 0.101600 ms MarkObjects: 5.366700 ms  DeleteObjects: 0.189100 ms)

========================================================================
Received Prepare
Registering precompiled user dll's ...
Registered in 0.003301 seconds.
Begin MonoManager ReloadAssembly
Native extension for WindowsStandalone target not found
Native extension for OSXStandalone target not found
Native extension for WebGL target not found
Refreshing native plugins compatible for Editor in 1.37 ms, found 1 plugins.
Preloading 0 native plugins for Editor in 0.00 ms.
Invoked RoslynAnalysisRunner static constructor.
RoslynAnalysisRunner will not be running.
RoslynAnalysisRunner has terminated.
Mono: successfully reloaded assembly
- Completed reload, in  1.810 seconds
Platform modules already initialized, skipping
Refreshing native plugins compatible for Editor in 0.97 ms, found 1 plugins.
Preloading 0 native plugins for Editor in 0.00 ms.
Unloading 1838 Unused Serialized files (Serialized files now loaded: 0)
System memory in use before: 86.1 MB.
System memory in use after: 86.1 MB.

Unloading 15 unused Assets to reduce memory usage. Loaded Objects now: 2334.
Total: 6.034400 ms (FindLiveObjects: 0.653100 ms CreateObjectMapping: 0.227500 ms MarkObjects: 4.991800 ms  DeleteObjects: 0.159500 ms)

========================================================================
Received Prepare
Registering precompiled user dll's ...
Registered in 0.003388 seconds.
Begin MonoManager ReloadAssembly
Native extension for WindowsStandalone target not found
Native extension for OSXStandalone target not found
Native extension for WebGL target not found
Refreshing native plugins compatible for Editor in 1.30 ms, found 1 plugins.
Preloading 0 native plugins for Editor in 0.00 ms.
Invoked RoslynAnalysisRunner static constructor.
RoslynAnalysisRunner will not be running.
RoslynAnalysisRunner has terminated.
Mono: successfully reloaded assembly
- Completed reload, in  1.656 seconds
Platform modules already initialized, skipping
Refreshing native plugins compatible for Editor in 0.81 ms, found 1 plugins.
Preloading 0 native plugins for Editor in 0.00 ms.
Unloading 1838 Unused Serialized files (Serialized files now loaded: 0)
System memory in use before: 86.1 MB.
System memory in use after: 86.1 MB.

Unloading 15 unused Assets to reduce memory usage. Loaded Objects now: 2338.
Total: 6.712400 ms (FindLiveObjects: 0.585200 ms CreateObjectMapping: 0.210600 ms MarkObjects: 5.768500 ms  DeleteObjects: 0.146300 ms)

========================================================================
Received Prepare
Registering precompiled user dll's ...
Registered in 0.003871 seconds.
Begin MonoManager ReloadAssembly
Native extension for WindowsStandalone target not found
Native extension for OSXStandalone target not found
Native extension for WebGL target not found
Refreshing native plugins compatible for Editor in 1.31 ms, found 1 plugins.
Preloading 0 native plugins for Editor in 0.00 ms.
Invoked RoslynAnalysisRunner static constructor.
RoslynAnalysisRunner will not be running.
RoslynAnalysisRunner has terminated.
Mono: successfully reloaded assembly
- Completed reload, in  1.817 seconds
Platform modules already initialized, skipping
Refreshing native plugins compatible for Editor in 0.81 ms, found 1 plugins.
Preloading 0 native plugins for Editor in 0.00 ms.
Unloading 1838 Unused Serialized files (Serialized files now loaded: 0)
System memory in use before: 86.1 MB.
System memory in use after: 86.1 MB.

Unloading 15 unused Assets to reduce memory usage. Loaded Objects now: 2342.
Total: 8.137700 ms (FindLiveObjects: 0.677000 ms CreateObjectMapping: 0.453500 ms MarkObjects: 6.842000 ms  DeleteObjects: 0.162400 ms)

========================================================================
Received Prepare
Registering precompiled user dll's ...
Registered in 0.003375 seconds.
Begin MonoManager ReloadAssembly
Native extension for WindowsStandalone target not found
Native extension for OSXStandalone target not found
Native extension for WebGL target not found
Refreshing native plugins compatible for Editor in 0.55 ms, found 1 plugins.
Preloading 0 native plugins for Editor in 0.00 ms.
Invoked RoslynAnalysisRunner static constructor.
RoslynAnalysisRunner will not be running.
RoslynAnalysisRunner has terminated.
Mono: successfully reloaded assembly
- Completed reload, in  2.033 seconds
Platform modules already initialized, skipping
Refreshing native plugins compatible for Editor in 0.84 ms, found 1 plugins.
Preloading 0 native plugins for Editor in 0.00 ms.
Unloading 1838 Unused Serialized files (Serialized files now loaded: 0)
System memory in use before: 86.1 MB.
System memory in use after: 86.1 MB.

Unloading 15 unused Assets to reduce memory usage. Loaded Objects now: 2346.
Total: 5.330000 ms (FindLiveObjects: 0.331600 ms CreateObjectMapping: 0.237600 ms MarkObjects: 4.601400 ms  DeleteObjects: 0.156700 ms)

========================================================================
Received Prepare
Registering precompiled user dll's ...
Registered in 0.004414 seconds.
Begin MonoManager ReloadAssembly
Native extension for WindowsStandalone target not found
Native extension for OSXStandalone target not found
Native extension for WebGL target not found
Refreshing native plugins compatible for Editor in 0.49 ms, found 1 plugins.
Preloading 0 native plugins for Editor in 0.00 ms.
Invoked RoslynAnalysisRunner static constructor.
RoslynAnalysisRunner will not be running.
RoslynAnalysisRunner has terminated.
Mono: successfully reloaded assembly
- Completed reload, in  1.569 seconds
Platform modules already initialized, skipping
Refreshing native plugins compatible for Editor in 0.81 ms, found 1 plugins.
Preloading 0 native plugins for Editor in 0.00 ms.
Unloading 1838 Unused Serialized files (Serialized files now loaded: 0)
System memory in use before: 86.1 MB.
System memory in use after: 86.1 MB.

Unloading 15 unused Assets to reduce memory usage. Loaded Objects now: 2350.
Total: 5.302700 ms (FindLiveObjects: 0.411400 ms CreateObjectMapping: 0.101900 ms MarkObjects: 4.537900 ms  DeleteObjects: 0.248600 ms)

========================================================================
Received Prepare
Registering precompiled user dll's ...
Registered in 0.005064 seconds.
Begin MonoManager ReloadAssembly
Native extension for WindowsStandalone target not found
Native extension for OSXStandalone target not found
Native extension for WebGL target not found
Refreshing native plugins compatible for Editor in 0.54 ms, found 1 plugins.
Preloading 0 native plugins for Editor in 0.00 ms.
Invoked RoslynAnalysisRunner static constructor.
RoslynAnalysisRunner will not be running.
RoslynAnalysisRunner has terminated.
Mono: successfully reloaded assembly
- Completed reload, in  1.559 seconds
Platform modules already initialized, skipping
Refreshing native plugins compatible for Editor in 0.84 ms, found 1 plugins.
Preloading 0 native plugins for Editor in 0.00 ms.
Unloading 1838 Unused Serialized files (Serialized files now loaded: 0)
System memory in use before: 86.1 MB.
System memory in use after: 86.1 MB.

Unloading 15 unused Assets to reduce memory usage. Loaded Objects now: 2354.
Total: 5.938400 ms (FindLiveObjects: 0.245700 ms CreateObjectMapping: 0.098900 ms MarkObjects: 5.399400 ms  DeleteObjects: 0.192000 ms)

========================================================================
Received Prepare
Registering precompiled user dll's ...
Registered in 0.004778 seconds.
Begin MonoManager ReloadAssembly
Native extension for WindowsStandalone target not found
Native extension for OSXStandalone target not found
Native extension for WebGL target not found
Refreshing native plugins compatible for Editor in 0.52 ms, found 1 plugins.
Preloading 0 native plugins for Editor in 0.00 ms.
Invoked RoslynAnalysisRunner static constructor.
RoslynAnalysisRunner will not be running.
RoslynAnalysisRunner has terminated.
Mono: successfully reloaded assembly
- Completed reload, in  1.590 seconds
Platform modules already initialized, skipping
Refreshing native plugins compatible for Editor in 0.83 ms, found 1 plugins.
Preloading 0 native plugins for Editor in 0.00 ms.
Unloading 1838 Unused Serialized files (Serialized files now loaded: 0)
System memory in use before: 86.1 MB.
System memory in use after: 86.1 MB.

Unloading 15 unused Assets to reduce memory usage. Loaded Objects now: 2358.
Total: 5.019900 ms (FindLiveObjects: 0.254700 ms CreateObjectMapping: 0.100500 ms MarkObjects: 4.515000 ms  DeleteObjects: 0.148000 ms)

========================================================================
Received Prepare
Registering precompiled user dll's ...
Registered in 0.004631 seconds.
Begin MonoManager ReloadAssembly
Native extension for WindowsStandalone target not found
Native extension for OSXStandalone target not found
Native extension for WebGL target not found
Refreshing native plugins compatible for Editor in 0.73 ms, found 1 plugins.
Preloading 0 native plugins for Editor in 0.00 ms.
Invoked RoslynAnalysisRunner static constructor.
RoslynAnalysisRunner will not be running.
RoslynAnalysisRunner has terminated.
Mono: successfully reloaded assembly
- Completed reload, in  1.379 seconds
Platform modules already initialized, skipping
Refreshing native plugins compatible for Editor in 0.82 ms, found 1 plugins.
Preloading 0 native plugins for Editor in 0.00 ms.
Unloading 1838 Unused Serialized files (Serialized files now loaded: 0)
System memory in use before: 86.1 MB.
System memory in use after: 86.1 MB.

Unloading 15 unused Assets to reduce memory usage. Loaded Objects now: 2362.
Total: 5.136900 ms (FindLiveObjects: 0.292700 ms CreateObjectMapping: 0.148300 ms MarkObjects: 4.541200 ms  DeleteObjects: 0.152800 ms)

========================================================================
Received Import Request.
  Time since last request: 2901.828003 seconds.
  path: Assets/Client/Scenes/Narration.unity
  artifactKey: Guid(3392815a90f16264a8024aacd9ca0dfe) Importer(815301076,1909f56bfc062723c751e8b465ee728b)
Start importing Assets/Client/Scenes/Narration.unity using Guid(3392815a90f16264a8024aacd9ca0dfe) Importer(815301076,1909f56bfc062723c751e8b465ee728b)  -> (artifact id: '1db3975feacb8701e69609422111241a') in 0.039385 seconds
  Import took 0.048260 seconds .

========================================================================
Received Prepare
Registering precompiled user dll's ...
Registered in 0.003940 seconds.
Begin MonoManager ReloadAssembly
Native extension for WindowsStandalone target not found
Native extension for OSXStandalone target not found
Native extension for WebGL target not found
Refreshing native plugins compatible for Editor in 0.54 ms, found 1 plugins.
Preloading 0 native plugins for Editor in 0.00 ms.
Invoked RoslynAnalysisRunner static constructor.
RoslynAnalysisRunner will not be running.
RoslynAnalysisRunner has terminated.
Mono: successfully reloaded assembly
- Completed reload, in  1.973 seconds
Platform modules already initialized, skipping
Refreshing native plugins compatible for Editor in 0.80 ms, found 1 plugins.
Preloading 0 native plugins for Editor in 0.00 ms.
Unloading 1838 Unused Serialized files (Serialized files now loaded: 0)
System memory in use before: 86.1 MB.
System memory in use after: 86.1 MB.

Unloading 15 unused Assets to reduce memory usage. Loaded Objects now: 2366.
Total: 10.999500 ms (FindLiveObjects: 1.359300 ms CreateObjectMapping: 0.465900 ms MarkObjects: 8.931400 ms  DeleteObjects: 0.240500 ms)

========================================================================
Received Prepare
Registering precompiled user dll's ...
Registered in 0.003257 seconds.
Begin MonoManager ReloadAssembly
Native extension for WindowsStandalone target not found
Native extension for OSXStandalone target not found
Native extension for WebGL target not found
Refreshing native plugins compatible for Editor in 0.71 ms, found 1 plugins.
Preloading 0 native plugins for Editor in 0.00 ms.
Invoked RoslynAnalysisRunner static constructor.
RoslynAnalysisRunner will not be running.
RoslynAnalysisRunner has terminated.
Mono: successfully reloaded assembly
- Completed reload, in  1.964 seconds
Platform modules already initialized, skipping
Refreshing native plugins compatible for Editor in 2.15 ms, found 1 plugins.
Preloading 0 native plugins for Editor in 0.00 ms.
Unloading 1838 Unused Serialized files (Serialized files now loaded: 0)
System memory in use before: 86.1 MB.
System memory in use after: 86.1 MB.

Unloading 15 unused Assets to reduce memory usage. Loaded Objects now: 2370.
Total: 6.477200 ms (FindLiveObjects: 0.365200 ms CreateObjectMapping: 0.228800 ms MarkObjects: 5.714000 ms  DeleteObjects: 0.166900 ms)

========================================================================
Received Prepare
Registering precompiled user dll's ...
Registered in 0.003082 seconds.
Begin MonoManager ReloadAssembly
Native extension for WindowsStandalone target not found
Native extension for OSXStandalone target not found
Native extension for WebGL target not found
Refreshing native plugins compatible for Editor in 0.63 ms, found 1 plugins.
Preloading 0 native plugins for Editor in 0.00 ms.
Invoked RoslynAnalysisRunner static constructor.
RoslynAnalysisRunner will not be running.
RoslynAnalysisRunner has terminated.
Mono: successfully reloaded assembly
- Completed reload, in  1.666 seconds
Platform modules already initialized, skipping
Refreshing native plugins compatible for Editor in 0.90 ms, found 1 plugins.
Preloading 0 native plugins for Editor in 0.00 ms.
Unloading 1838 Unused Serialized files (Serialized files now loaded: 0)
System memory in use before: 86.2 MB.
System memory in use after: 86.2 MB.

Unloading 15 unused Assets to reduce memory usage. Loaded Objects now: 2374.
Total: 6.228500 ms (FindLiveObjects: 0.289400 ms CreateObjectMapping: 0.134800 ms MarkObjects: 5.624800 ms  DeleteObjects: 0.177000 ms)

========================================================================
Received Import Request.
  Time since last request: 387.409476 seconds.
  path: Assets/Client/Scenes/Overworld-Campus.unity
  artifactKey: Guid(465c18f7b2846db42a7b38f282a0947e) Importer(815301076,1909f56bfc062723c751e8b465ee728b)
Start importing Assets/Client/Scenes/Overworld-Campus.unity using Guid(465c18f7b2846db42a7b38f282a0947e) Importer(815301076,1909f56bfc062723c751e8b465ee728b)  -> (artifact id: 'f23ebd2d3a720885ac11c99af169b91b') in 0.035376 seconds
  Import took 0.072948 seconds .

========================================================================
Received Import Request.
  Time since last request: 190.804484 seconds.
  path: Assets/Client/Scenes/Main Menu.unity
  artifactKey: Guid(573ee0186adcdb04c85b25a2d3e83571) Importer(815301076,1909f56bfc062723c751e8b465ee728b)
Start importing Assets/Client/Scenes/Main Menu.unity using Guid(573ee0186adcdb04c85b25a2d3e83571) Importer(815301076,1909f56bfc062723c751e8b465ee728b)  -> (artifact id: '27edc477816457c80ca2e3ce9a435a05') in 0.019120 seconds
  Import took 0.070348 seconds .

========================================================================
Received Import Request.
  Time since last request: 1.529170 seconds.
  path: Assets/Client/Scenes/Overworld-Uni.unity
  artifactKey: Guid(42c35194c6414b44a913234d793d51ab) Importer(815301076,1909f56bfc062723c751e8b465ee728b)
Start importing Assets/Client/Scenes/Overworld-Uni.unity using Guid(42c35194c6414b44a913234d793d51ab) Importer(815301076,1909f56bfc062723c751e8b465ee728b)  -> (artifact id: 'cb2178ab5a82bb3cbdb5e4d92cbbb9a9') in 0.016509 seconds
  Import took 0.023888 seconds .

========================================================================
Received Prepare
Registering precompiled user dll's ...
Registered in 0.003499 seconds.
Begin MonoManager ReloadAssembly
Native extension for WindowsStandalone target not found
Native extension for OSXStandalone target not found
Native extension for WebGL target not found
Refreshing native plugins compatible for Editor in 0.59 ms, found 1 plugins.
Preloading 0 native plugins for Editor in 0.00 ms.
Invoked RoslynAnalysisRunner static constructor.
RoslynAnalysisRunner will not be running.
RoslynAnalysisRunner has terminated.
Mono: successfully reloaded assembly
- Completed reload, in  1.702 seconds
Platform modules already initialized, skipping
Refreshing native plugins compatible for Editor in 2.44 ms, found 1 plugins.
Preloading 0 native plugins for Editor in 0.00 ms.
Unloading 1838 Unused Serialized files (Serialized files now loaded: 0)
System memory in use before: 86.2 MB.
System memory in use after: 86.2 MB.

Unloading 15 unused Assets to reduce memory usage. Loaded Objects now: 2378.
Total: 6.093300 ms (FindLiveObjects: 0.266600 ms CreateObjectMapping: 0.104000 ms MarkObjects: 5.534100 ms  DeleteObjects: 0.185700 ms)

========================================================================
Received Import Request.
  Time since last request: 1903.351282 seconds.
  path: Assets/Client/Scenes/Battle.unity
  artifactKey: Guid(2cda990e2423bbf4892e6590ba056729) Importer(815301076,1909f56bfc062723c751e8b465ee728b)
Start importing Assets/Client/Scenes/Battle.unity using Guid(2cda990e2423bbf4892e6590ba056729) Importer(815301076,1909f56bfc062723c751e8b465ee728b)  -> (artifact id: '95fc86032408545c58e01f9e37992c9d') in 0.033901 seconds
  Import took 0.074177 seconds .

========================================================================
Received Import Request.
  Time since last request: 5.534961 seconds.
  path: Assets/Client/Scenes/Boss Battle.unity
  artifactKey: Guid(bccb3e45cc649264dafd6f24db6c9385) Importer(815301076,1909f56bfc062723c751e8b465ee728b)
Start importing Assets/Client/Scenes/Boss Battle.unity using Guid(bccb3e45cc649264dafd6f24db6c9385) Importer(815301076,1909f56bfc062723c751e8b465ee728b)  -> (artifact id: 'a9f83a65fe8d9fcbd7d87b8dcc2bc6c0') in 0.021020 seconds
  Import took 0.028073 seconds .

========================================================================
Received Import Request.
  Time since last request: 0.001342 seconds.
  path: Assets/Client/Scenes/Boss Battle.unity
  artifactKey: Guid(bccb3e45cc649264dafd6f24db6c9385) Importer(815301076,1909f56bfc062723c751e8b465ee728b)
Start importing Assets/Client/Scenes/Boss Battle.unity using Guid(bccb3e45cc649264dafd6f24db6c9385) Importer(815301076,1909f56bfc062723c751e8b465ee728b)  -> (artifact id: 'a9f83a65fe8d9fcbd7d87b8dcc2bc6c0') in 0.008873 seconds
  Import took 0.016280 seconds .

========================================================================
Received Prepare
Registering precompiled user dll's ...
Registered in 0.005247 seconds.
Begin MonoManager ReloadAssembly
Native extension for WindowsStandalone target not found
Native extension for OSXStandalone target not found
Native extension for WebGL target not found
Refreshing native plugins compatible for Editor in 0.47 ms, found 1 plugins.
Preloading 0 native plugins for Editor in 0.00 ms.
Invoked RoslynAnalysisRunner static constructor.
RoslynAnalysisRunner will not be running.
RoslynAnalysisRunner has terminated.
Mono: successfully reloaded assembly
- Completed reload, in  1.388 seconds
Platform modules already initialized, skipping
Refreshing native plugins compatible for Editor in 0.81 ms, found 1 plugins.
Preloading 0 native plugins for Editor in 0.00 ms.
Unloading 1838 Unused Serialized files (Serialized files now loaded: 0)
System memory in use before: 86.2 MB.
System memory in use after: 86.2 MB.

Unloading 15 unused Assets to reduce memory usage. Loaded Objects now: 2382.
Total: 5.080300 ms (FindLiveObjects: 0.489800 ms CreateObjectMapping: 0.139800 ms MarkObjects: 4.293700 ms  DeleteObjects: 0.154500 ms)

========================================================================
Received Prepare
Registering precompiled user dll's ...
Registered in 0.004470 seconds.
Begin MonoManager ReloadAssembly
Native extension for WindowsStandalone target not found
Native extension for OSXStandalone target not found
Native extension for WebGL target not found
Refreshing native plugins compatible for Editor in 0.46 ms, found 1 plugins.
Preloading 0 native plugins for Editor in 0.00 ms.
Invoked RoslynAnalysisRunner static constructor.
RoslynAnalysisRunner will not be running.
RoslynAnalysisRunner has terminated.
Mono: successfully reloaded assembly
- Completed reload, in  1.291 seconds
Platform modules already initialized, skipping
Refreshing native plugins compatible for Editor in 0.79 ms, found 1 plugins.
Preloading 0 native plugins for Editor in 0.00 ms.
Unloading 1838 Unused Serialized files (Serialized files now loaded: 0)
System memory in use before: 86.2 MB.
System memory in use after: 86.2 MB.

Unloading 15 unused Assets to reduce memory usage. Loaded Objects now: 2386.
Total: 4.977300 ms (FindLiveObjects: 0.268900 ms CreateObjectMapping: 0.101300 ms MarkObjects: 4.450200 ms  DeleteObjects: 0.155100 ms)

========================================================================
Received Import Request.
  Time since last request: 535.172908 seconds.
  path: Assets/Client/Prefabs/Battle/Boss.prefab
  artifactKey: Guid(76e055438c284294ca12b2f995f2218d) Importer(815301076,1909f56bfc062723c751e8b465ee728b)
Start importing Assets/Client/Prefabs/Battle/Boss.prefab using Guid(76e055438c284294ca12b2f995f2218d) Importer(815301076,1909f56bfc062723c751e8b465ee728b)  -> (artifact id: 'cc04de43c49aa21afa975757e89497da') in 0.427430 seconds
  Import took 0.435406 seconds .

========================================================================
Received Prepare
Registering precompiled user dll's ...
Registered in 0.003465 seconds.
Begin MonoManager ReloadAssembly
Native extension for WindowsStandalone target not found
Native extension for OSXStandalone target not found
Native extension for WebGL target not found
Refreshing native plugins compatible for Editor in 0.60 ms, found 1 plugins.
Preloading 0 native plugins for Editor in 0.00 ms.
Invoked RoslynAnalysisRunner static constructor.
RoslynAnalysisRunner will not be running.
RoslynAnalysisRunner has terminated.
Mono: successfully reloaded assembly
- Completed reload, in  2.118 seconds
Platform modules already initialized, skipping
Refreshing native plugins compatible for Editor in 0.94 ms, found 1 plugins.
Preloading 0 native plugins for Editor in 0.00 ms.
Unloading 1838 Unused Serialized files (Serialized files now loaded: 0)
System memory in use before: 89.3 MB.
System memory in use after: 89.3 MB.

Unloading 15 unused Assets to reduce memory usage. Loaded Objects now: 2397.
Total: 5.843200 ms (FindLiveObjects: 0.310900 ms CreateObjectMapping: 0.133400 ms MarkObjects: 5.220000 ms  DeleteObjects: 0.176600 ms)

========================================================================
Received Prepare
Registering precompiled user dll's ...
Registered in 0.003968 seconds.
Begin MonoManager ReloadAssembly
Native extension for WindowsStandalone target not found
Native extension for OSXStandalone target not found
Native extension for WebGL target not found
Refreshing native plugins compatible for Editor in 0.50 ms, found 1 plugins.
Preloading 0 native plugins for Editor in 0.00 ms.
Invoked RoslynAnalysisRunner static constructor.
RoslynAnalysisRunner will not be running.
RoslynAnalysisRunner has terminated.
Mono: successfully reloaded assembly
- Completed reload, in  1.366 seconds
Platform modules already initialized, skipping
Refreshing native plugins compatible for Editor in 0.81 ms, found 1 plugins.
Preloading 0 native plugins for Editor in 0.00 ms.
Unloading 1838 Unused Serialized files (Serialized files now loaded: 0)
System memory in use before: 89.3 MB.
System memory in use after: 89.3 MB.

Unloading 15 unused Assets to reduce memory usage. Loaded Objects now: 2401.
Total: 5.360000 ms (FindLiveObjects: 0.308600 ms CreateObjectMapping: 0.130300 ms MarkObjects: 4.761000 ms  DeleteObjects: 0.157100 ms)

========================================================================
Received Prepare
Registering precompiled user dll's ...
Registered in 0.003740 seconds.
Begin MonoManager ReloadAssembly
Native extension for WindowsStandalone target not found
Native extension for OSXStandalone target not found
Native extension for WebGL target not found
Refreshing native plugins compatible for Editor in 0.50 ms, found 1 plugins.
Preloading 0 native plugins for Editor in 0.00 ms.
Invoked RoslynAnalysisRunner static constructor.
RoslynAnalysisRunner will not be running.
RoslynAnalysisRunner has terminated.
Mono: successfully reloaded assembly
- Completed reload, in  1.604 seconds
Platform modules already initialized, skipping
Refreshing native plugins compatible for Editor in 0.87 ms, found 1 plugins.
Preloading 0 native plugins for Editor in 0.00 ms.
Unloading 1838 Unused Serialized files (Serialized files now loaded: 0)
System memory in use before: 89.3 MB.
System memory in use after: 89.3 MB.

Unloading 15 unused Assets to reduce memory usage. Loaded Objects now: 2405.
Total: 5.196900 ms (FindLiveObjects: 0.263400 ms CreateObjectMapping: 0.189700 ms MarkObjects: 4.584000 ms  DeleteObjects: 0.157900 ms)

========================================================================
Received Prepare
Registering precompiled user dll's ...
Registered in 0.003463 seconds.
Begin MonoManager ReloadAssembly
Native extension for WindowsStandalone target not found
Native extension for OSXStandalone target not found
Native extension for WebGL target not found
Refreshing native plugins compatible for Editor in 0.54 ms, found 1 plugins.
Preloading 0 native plugins for Editor in 0.00 ms.
Invoked RoslynAnalysisRunner static constructor.
RoslynAnalysisRunner will not be running.
RoslynAnalysisRunner has terminated.
Mono: successfully reloaded assembly
- Completed reload, in  1.562 seconds
Platform modules already initialized, skipping
Refreshing native plugins compatible for Editor in 1.36 ms, found 1 plugins.
Preloading 0 native plugins for Editor in 0.00 ms.
Unloading 1838 Unused Serialized files (Serialized files now loaded: 0)
System memory in use before: 89.4 MB.
System memory in use after: 89.3 MB.

Unloading 15 unused Assets to reduce memory usage. Loaded Objects now: 2409.
Total: 9.142300 ms (FindLiveObjects: 0.411400 ms CreateObjectMapping: 0.138100 ms MarkObjects: 8.368300 ms  DeleteObjects: 0.222400 ms)

========================================================================
Received Prepare
Refreshing native plugins compatible for Editor in 8.05 ms, found 1 plugins.
Preloading 0 native plugins for Editor in 0.00 ms.
Unloading 13 Unused Serialized files (Serialized files now loaded: 0)
System memory in use before: 53.3 MB.
System memory in use after: 53.3 MB.

Unloading 13 unused Assets to reduce memory usage. Loaded Objects now: 2409.
Total: 6.357700 ms (FindLiveObjects: 0.459000 ms CreateObjectMapping: 0.121400 ms MarkObjects: 5.613400 ms  DeleteObjects: 0.161100 ms)

========================================================================
Received Prepare
Refreshing native plugins compatible for Editor in 5.95 ms, found 1 plugins.
Preloading 0 native plugins for Editor in 0.00 ms.
Unloading 13 Unused Serialized files (Serialized files now loaded: 0)
System memory in use before: 53.3 MB.
System memory in use after: 53.3 MB.

Unloading 13 unused Assets to reduce memory usage. Loaded Objects now: 2409.
Total: 8.613800 ms (FindLiveObjects: 1.768600 ms CreateObjectMapping: 0.321600 ms MarkObjects: 6.361700 ms  DeleteObjects: 0.159500 ms)

========================================================================
Received Prepare
Refreshing native plugins compatible for Editor in 4.05 ms, found 1 plugins.
Preloading 0 native plugins for Editor in 0.00 ms.
Unloading 13 Unused Serialized files (Serialized files now loaded: 0)
System memory in use before: 53.3 MB.
System memory in use after: 53.3 MB.

Unloading 13 unused Assets to reduce memory usage. Loaded Objects now: 2409.
Total: 5.987900 ms (FindLiveObjects: 0.476500 ms CreateObjectMapping: 0.144600 ms MarkObjects: 5.207100 ms  DeleteObjects: 0.157200 ms)

========================================================================
Received Prepare
Refreshing native plugins compatible for Editor in 4.86 ms, found 1 plugins.
Preloading 0 native plugins for Editor in 0.00 ms.
Unloading 13 Unused Serialized files (Serialized files now loaded: 0)
System memory in use before: 53.3 MB.
System memory in use after: 53.3 MB.

Unloading 13 unused Assets to reduce memory usage. Loaded Objects now: 2409.
Total: 6.170200 ms (FindLiveObjects: 0.444200 ms CreateObjectMapping: 0.174200 ms MarkObjects: 5.365900 ms  DeleteObjects: 0.183100 ms)

========================================================================
Received Prepare
Refreshing native plugins compatible for Editor in 4.18 ms, found 1 plugins.
Preloading 0 native plugins for Editor in 0.00 ms.
Unloading 13 Unused Serialized files (Serialized files now loaded: 0)
System memory in use before: 53.3 MB.
System memory in use after: 53.3 MB.

Unloading 13 unused Assets to reduce memory usage. Loaded Objects now: 2409.
Total: 6.070900 ms (FindLiveObjects: 0.361100 ms CreateObjectMapping: 0.136700 ms MarkObjects: 5.403300 ms  DeleteObjects: 0.167000 ms)

========================================================================
Received Prepare
Refreshing native plugins compatible for Editor in 4.13 ms, found 1 plugins.
Preloading 0 native plugins for Editor in 0.00 ms.
Unloading 13 Unused Serialized files (Serialized files now loaded: 0)
System memory in use before: 53.3 MB.
System memory in use after: 53.3 MB.

Unloading 13 unused Assets to reduce memory usage. Loaded Objects now: 2409.
Total: 6.122000 ms (FindLiveObjects: 0.469100 ms CreateObjectMapping: 0.129600 ms MarkObjects: 5.359300 ms  DeleteObjects: 0.160900 ms)

========================================================================
Received Prepare
Registering precompiled user dll's ...
Registered in 0.004095 seconds.
Begin MonoManager ReloadAssembly
Native extension for WindowsStandalone target not found
Native extension for OSXStandalone target not found
Native extension for WebGL target not found
Refreshing native plugins compatible for Editor in 0.61 ms, found 1 plugins.
Preloading 0 native plugins for Editor in 0.00 ms.
Invoked RoslynAnalysisRunner static constructor.
RoslynAnalysisRunner will not be running.
RoslynAnalysisRunner has terminated.
Mono: successfully reloaded assembly
- Completed reload, in  1.793 seconds
Platform modules already initialized, skipping
Refreshing native plugins compatible for Editor in 0.93 ms, found 1 plugins.
Preloading 0 native plugins for Editor in 0.00 ms.
Unloading 1838 Unused Serialized files (Serialized files now loaded: 0)
System memory in use before: 89.4 MB.
System memory in use after: 89.4 MB.

Unloading 15 unused Assets to reduce memory usage. Loaded Objects now: 2413.
Total: 9.372900 ms (FindLiveObjects: 1.241100 ms CreateObjectMapping: 1.283300 ms MarkObjects: 6.603600 ms  DeleteObjects: 0.242800 ms)

========================================================================
Received Prepare
Refreshing native plugins compatible for Editor in 4.63 ms, found 1 plugins.
Preloading 0 native plugins for Editor in 0.00 ms.
Unloading 13 Unused Serialized files (Serialized files now loaded: 0)
System memory in use before: 53.3 MB.
System memory in use after: 53.3 MB.

Unloading 13 unused Assets to reduce memory usage. Loaded Objects now: 2413.
Total: 5.240000 ms (FindLiveObjects: 0.693000 ms CreateObjectMapping: 0.129700 ms MarkObjects: 4.261500 ms  DeleteObjects: 0.153200 ms)

========================================================================
Received Prepare
Refreshing native plugins compatible for Editor in 4.75 ms, found 1 plugins.
Preloading 0 native plugins for Editor in 0.00 ms.
Unloading 13 Unused Serialized files (Serialized files now loaded: 0)
System memory in use before: 53.3 MB.
System memory in use after: 53.3 MB.

Unloading 13 unused Assets to reduce memory usage. Loaded Objects now: 2413.
Total: 6.211700 ms (FindLiveObjects: 0.376400 ms CreateObjectMapping: 0.135100 ms MarkObjects: 5.513800 ms  DeleteObjects: 0.183600 ms)

========================================================================
Received Import Request.
  Time since last request: 1383.794790 seconds.
  path: Assets/Client/Scenes/Narration.unity
  artifactKey: Guid(3392815a90f16264a8024aacd9ca0dfe) Importer(815301076,1909f56bfc062723c751e8b465ee728b)
Start importing Assets/Client/Scenes/Narration.unity using Guid(3392815a90f16264a8024aacd9ca0dfe) Importer(815301076,1909f56bfc062723c751e8b465ee728b)  -> (artifact id: '00f8c24673855faa4ce4a7f621e88f8f') in 0.024490 seconds
  Import took 0.046286 seconds .

========================================================================
Received Import Request.
  Time since last request: 68.112291 seconds.
  path: Assets/Client/Scenes/Overworld-Campus.unity
  artifactKey: Guid(465c18f7b2846db42a7b38f282a0947e) Importer(815301076,1909f56bfc062723c751e8b465ee728b)
Start importing Assets/Client/Scenes/Overworld-Campus.unity using Guid(465c18f7b2846db42a7b38f282a0947e) Importer(815301076,1909f56bfc062723c751e8b465ee728b)  -> (artifact id: '63a4fb574f5a7ee86a959e35d0186b34') in 0.012557 seconds
  Import took 0.048504 seconds .

========================================================================
Received Import Request.
  Time since last request: 69.669166 seconds.
  path: Assets/Client/Scenes/Overworld-Campus.unity
  artifactKey: Guid(465c18f7b2846db42a7b38f282a0947e) Importer(815301076,1909f56bfc062723c751e8b465ee728b)
Start importing Assets/Client/Scenes/Overworld-Campus.unity using Guid(465c18f7b2846db42a7b38f282a0947e) Importer(815301076,1909f56bfc062723c751e8b465ee728b)  -> (artifact id: '330655b977622d8b8a45d75719a48692') in 0.035302 seconds
  Import took 0.066875 seconds .

========================================================================
Received Import Request.
  Time since last request: 1.154159 seconds.
  path: Assets/Client/Scenes/Overworld-Uni.unity
  artifactKey: Guid(42c35194c6414b44a913234d793d51ab) Importer(815301076,1909f56bfc062723c751e8b465ee728b)
Start importing Assets/Client/Scenes/Overworld-Uni.unity using Guid(42c35194c6414b44a913234d793d51ab) Importer(815301076,1909f56bfc062723c751e8b465ee728b)  -> (artifact id: 'c7ff6cf8fb93884671c9fa42fffcbfb9') in 0.020016 seconds
  Import took 0.041904 seconds .

========================================================================
Received Import Request.
  Time since last request: 87.643744 seconds.
  path: Assets/Client/Scenes/Main Menu.unity
  artifactKey: Guid(573ee0186adcdb04c85b25a2d3e83571) Importer(815301076,1909f56bfc062723c751e8b465ee728b)
Start importing Assets/Client/Scenes/Main Menu.unity using Guid(573ee0186adcdb04c85b25a2d3e83571) Importer(815301076,1909f56bfc062723c751e8b465ee728b)  -> (artifact id: 'a65559dbe69d438297bd6731b13c3c85') in 0.013118 seconds
  Import took 0.033558 seconds .

========================================================================
Received Import Request.
  Time since last request: 4.519778 seconds.
  path: Assets/Client/Scenes/Battle.unity
  artifactKey: Guid(2cda990e2423bbf4892e6590ba056729) Importer(815301076,1909f56bfc062723c751e8b465ee728b)
Start importing Assets/Client/Scenes/Battle.unity using Guid(2cda990e2423bbf4892e6590ba056729) Importer(815301076,1909f56bfc062723c751e8b465ee728b)  -> (artifact id: '20a0be07efd32d471d715ce289480ff0') in 0.010074 seconds
  Import took 0.054583 seconds .

========================================================================
Received Prepare
Registering precompiled user dll's ...
Registered in 0.004043 seconds.
Begin MonoManager ReloadAssembly
Native extension for WindowsStandalone target not found
Native extension for OSXStandalone target not found
Native extension for WebGL target not found
Refreshing native plugins compatible for Editor in 0.64 ms, found 1 plugins.
Preloading 0 native plugins for Editor in 0.00 ms.
Invoked RoslynAnalysisRunner static constructor.
RoslynAnalysisRunner will not be running.
RoslynAnalysisRunner has terminated.
Mono: successfully reloaded assembly
- Completed reload, in  2.070 seconds
Platform modules already initialized, skipping
Refreshing native plugins compatible for Editor in 1.89 ms, found 1 plugins.
Preloading 0 native plugins for Editor in 0.00 ms.
Unloading 1838 Unused Serialized files (Serialized files now loaded: 0)
System memory in use before: 89.4 MB.
System memory in use after: 89.4 MB.

Unloading 15 unused Assets to reduce memory usage. Loaded Objects now: 2417.
Total: 5.727400 ms (FindLiveObjects: 0.304100 ms CreateObjectMapping: 0.135500 ms MarkObjects: 4.912100 ms  DeleteObjects: 0.373000 ms)

========================================================================
Received Import Request.
  Time since last request: 586.095422 seconds.
  path: Assets/Client/Scenes/Boss Battle.unity
  artifactKey: Guid(bccb3e45cc649264dafd6f24db6c9385) Importer(815301076,1909f56bfc062723c751e8b465ee728b)
Start importing Assets/Client/Scenes/Boss Battle.unity using Guid(bccb3e45cc649264dafd6f24db6c9385) Importer(815301076,1909f56bfc062723c751e8b465ee728b)  -> (artifact id: '0d9b65ae4b035866aaf19d922df5243a') in 0.031162 seconds
  Import took 0.038653 seconds .

========================================================================
Received Import Request.
  Time since last request: 11.522939 seconds.
  path: Assets/Client/Scenes/Battle.unity
  artifactKey: Guid(2cda990e2423bbf4892e6590ba056729) Importer(815301076,1909f56bfc062723c751e8b465ee728b)
Start importing Assets/Client/Scenes/Battle.unity using Guid(2cda990e2423bbf4892e6590ba056729) Importer(815301076,1909f56bfc062723c751e8b465ee728b)  -> (artifact id: '5684afb464fb30691fa472e319a67cf5') in 0.010690 seconds
  Import took 0.065698 seconds .

========================================================================
Received Prepare
Registering precompiled user dll's ...
Registered in 0.004292 seconds.
Begin MonoManager ReloadAssembly
Native extension for WindowsStandalone target not found
Native extension for OSXStandalone target not found
Native extension for WebGL target not found
Refreshing native plugins compatible for Editor in 0.59 ms, found 1 plugins.
Preloading 0 native plugins for Editor in 0.00 ms.
Invoked RoslynAnalysisRunner static constructor.
RoslynAnalysisRunner will not be running.
RoslynAnalysisRunner has terminated.
Mono: successfully reloaded assembly
- Completed reload, in  1.299 seconds
Platform modules already initialized, skipping
Refreshing native plugins compatible for Editor in 0.83 ms, found 1 plugins.
Preloading 0 native plugins for Editor in 0.00 ms.
Unloading 1838 Unused Serialized files (Serialized files now loaded: 0)
System memory in use before: 89.4 MB.
System memory in use after: 89.4 MB.

Unloading 15 unused Assets to reduce memory usage. Loaded Objects now: 2421.
Total: 6.651200 ms (FindLiveObjects: 0.289400 ms CreateObjectMapping: 0.122300 ms MarkObjects: 6.073700 ms  DeleteObjects: 0.163800 ms)

========================================================================
Received Prepare
Registering precompiled user dll's ...
Registered in 0.004431 seconds.
Begin MonoManager ReloadAssembly
Native extension for WindowsStandalone target not found
Native extension for OSXStandalone target not found
Native extension for WebGL target not found
Refreshing native plugins compatible for Editor in 0.91 ms, found 1 plugins.
Preloading 0 native plugins for Editor in 0.00 ms.
Invoked RoslynAnalysisRunner static constructor.
RoslynAnalysisRunner will not be running.
RoslynAnalysisRunner has terminated.
Mono: successfully reloaded assembly
- Completed reload, in  1.891 seconds
Platform modules already initialized, skipping
Refreshing native plugins compatible for Editor in 1.11 ms, found 1 plugins.
Preloading 0 native plugins for Editor in 0.00 ms.
Unloading 1838 Unused Serialized files (Serialized files now loaded: 0)
System memory in use before: 89.5 MB.
System memory in use after: 89.5 MB.

Unloading 15 unused Assets to reduce memory usage. Loaded Objects now: 2425.
Total: 8.187400 ms (FindLiveObjects: 0.426100 ms CreateObjectMapping: 0.126300 ms MarkObjects: 7.474900 ms  DeleteObjects: 0.157700 ms)

========================================================================
Received Prepare
Registering precompiled user dll's ...
Registered in 0.005982 seconds.
Begin MonoManager ReloadAssembly
Native extension for WindowsStandalone target not found
Native extension for OSXStandalone target not found
Native extension for WebGL target not found
Refreshing native plugins compatible for Editor in 0.75 ms, found 1 plugins.
Preloading 0 native plugins for Editor in 0.00 ms.
Invoked RoslynAnalysisRunner static constructor.
RoslynAnalysisRunner will not be running.
RoslynAnalysisRunner has terminated.
Mono: successfully reloaded assembly
- Completed reload, in  2.623 seconds
Platform modules already initialized, skipping
Refreshing native plugins compatible for Editor in 3.04 ms, found 1 plugins.
Preloading 0 native plugins for Editor in 0.00 ms.
Unloading 1838 Unused Serialized files (Serialized files now loaded: 0)
System memory in use before: 89.5 MB.
System memory in use after: 89.5 MB.

Unloading 15 unused Assets to reduce memory usage. Loaded Objects now: 2429.
Total: 7.602000 ms (FindLiveObjects: 0.361000 ms CreateObjectMapping: 0.126900 ms MarkObjects: 6.814700 ms  DeleteObjects: 0.296800 ms)

========================================================================
Received Prepare
Registering precompiled user dll's ...
Registered in 0.004621 seconds.
Begin MonoManager ReloadAssembly
Native extension for WindowsStandalone target not found
Native extension for OSXStandalone target not found
Native extension for WebGL target not found
Refreshing native plugins compatible for Editor in 0.46 ms, found 1 plugins.
Preloading 0 native plugins for Editor in 0.00 ms.
Invoked RoslynAnalysisRunner static constructor.
RoslynAnalysisRunner will not be running.
RoslynAnalysisRunner has terminated.
Mono: successfully reloaded assembly
- Completed reload, in  1.424 seconds
Platform modules already initialized, skipping
Refreshing native plugins compatible for Editor in 1.01 ms, found 1 plugins.
Preloading 0 native plugins for Editor in 0.00 ms.
Unloading 1838 Unused Serialized files (Serialized files now loaded: 0)
System memory in use before: 89.5 MB.
System memory in use after: 89.5 MB.

Unloading 15 unused Assets to reduce memory usage. Loaded Objects now: 2433.
Total: 5.810800 ms (FindLiveObjects: 0.435500 ms CreateObjectMapping: 0.207900 ms MarkObjects: 5.013000 ms  DeleteObjects: 0.152500 ms)

========================================================================
Received Prepare
Refreshing native plugins compatible for Editor in 4.83 ms, found 1 plugins.
Preloading 0 native plugins for Editor in 0.00 ms.
Unloading 13 Unused Serialized files (Serialized files now loaded: 0)
System memory in use before: 53.4 MB.
System memory in use after: 53.4 MB.

Unloading 13 unused Assets to reduce memory usage. Loaded Objects now: 2433.
Total: 6.660600 ms (FindLiveObjects: 1.036600 ms CreateObjectMapping: 0.256700 ms MarkObjects: 5.203100 ms  DeleteObjects: 0.161700 ms)

========================================================================
Received Import Request.
  Time since last request: 3650.884017 seconds.
  path: Assets/Client/Scenes/Boss Battle.unity
  artifactKey: Guid(bccb3e45cc649264dafd6f24db6c9385) Importer(815301076,1909f56bfc062723c751e8b465ee728b)
Start importing Assets/Client/Scenes/Boss Battle.unity using Guid(bccb3e45cc649264dafd6f24db6c9385) Importer(815301076,1909f56bfc062723c751e8b465ee728b)  -> (artifact id: '283c9f021ae92bacab5e768672cad852') in 0.044514 seconds
  Import took 0.052091 seconds .

========================================================================
Received Import Request.
  Time since last request: 109.553831 seconds.
  path: Assets/Client/Scenes/Battle.unity
  artifactKey: Guid(2cda990e2423bbf4892e6590ba056729) Importer(815301076,1909f56bfc062723c751e8b465ee728b)
Start importing Assets/Client/Scenes/Battle.unity using Guid(2cda990e2423bbf4892e6590ba056729) Importer(815301076,1909f56bfc062723c751e8b465ee728b)  -> (artifact id: 'c016d8f10be57343de7870952bef6d28') in 0.019290 seconds
  Import took 0.056231 seconds .

========================================================================
Received Prepare
Registering precompiled user dll's ...
Registered in 0.015508 seconds.
Begin MonoManager ReloadAssembly
Native extension for WindowsStandalone target not found
Native extension for OSXStandalone target not found
Native extension for WebGL target not found
Refreshing native plugins compatible for Editor in 1.28 ms, found 1 plugins.
Preloading 0 native plugins for Editor in 0.00 ms.
Invoked RoslynAnalysisRunner static constructor.
RoslynAnalysisRunner will not be running.
RoslynAnalysisRunner has terminated.
Mono: successfully reloaded assembly
- Completed reload, in  1.633 seconds
Platform modules already initialized, skipping
Refreshing native plugins compatible for Editor in 0.97 ms, found 1 plugins.
Preloading 0 native plugins for Editor in 0.00 ms.
Unloading 1838 Unused Serialized files (Serialized files now loaded: 0)
System memory in use before: 89.5 MB.
System memory in use after: 89.5 MB.

Unloading 15 unused Assets to reduce memory usage. Loaded Objects now: 2437.
Total: 7.443400 ms (FindLiveObjects: 0.459600 ms CreateObjectMapping: 0.278800 ms MarkObjects: 6.525900 ms  DeleteObjects: 0.176100 ms)

========================================================================
Received Prepare
Registering precompiled user dll's ...
Registered in 0.007068 seconds.
Begin MonoManager ReloadAssembly
Native extension for WindowsStandalone target not found
Native extension for OSXStandalone target not found
Native extension for WebGL target not found
Refreshing native plugins compatible for Editor in 0.47 ms, found 1 plugins.
Preloading 0 native plugins for Editor in 0.00 ms.
Invoked RoslynAnalysisRunner static constructor.
RoslynAnalysisRunner will not be running.
RoslynAnalysisRunner has terminated.
Mono: successfully reloaded assembly
- Completed reload, in  1.677 seconds
Platform modules already initialized, skipping
Refreshing native plugins compatible for Editor in 0.81 ms, found 1 plugins.
Preloading 0 native plugins for Editor in 0.00 ms.
Unloading 1838 Unused Serialized files (Serialized files now loaded: 0)
System memory in use before: 89.5 MB.
System memory in use after: 89.5 MB.

Unloading 15 unused Assets to reduce memory usage. Loaded Objects now: 2441.
Total: 5.646200 ms (FindLiveObjects: 0.361100 ms CreateObjectMapping: 0.141300 ms MarkObjects: 4.990700 ms  DeleteObjects: 0.151200 ms)

========================================================================
Received Prepare
Refreshing native plugins compatible for Editor in 6.44 ms, found 1 plugins.
Preloading 0 native plugins for Editor in 0.00 ms.
Unloading 13 Unused Serialized files (Serialized files now loaded: 0)
System memory in use before: 53.4 MB.
System memory in use after: 53.4 MB.

Unloading 13 unused Assets to reduce memory usage. Loaded Objects now: 2441.
Total: 5.612800 ms (FindLiveObjects: 0.460700 ms CreateObjectMapping: 0.169800 ms MarkObjects: 4.815400 ms  DeleteObjects: 0.164300 ms)

========================================================================
Received Import Request.
  Time since last request: 427.976300 seconds.
  path: Assets/Client/Scenes/Overworld-Uni.unity
  artifactKey: Guid(42c35194c6414b44a913234d793d51ab) Importer(815301076,1909f56bfc062723c751e8b465ee728b)
Start importing Assets/Client/Scenes/Overworld-Uni.unity using Guid(42c35194c6414b44a913234d793d51ab) Importer(815301076,1909f56bfc062723c751e8b465ee728b)  -> (artifact id: '3e5f6cfdac1dced4b420a4194100b548') in 0.074412 seconds
  Import took 0.103924 seconds .

========================================================================
Received Import Request.
  Time since last request: 16.764640 seconds.
  path: Assets/Client/Scripts/Battle/BattleSystem.cs
  artifactKey: Guid(124a93bda9b98de4da027708de7e8c10) Importer(815301076,1909f56bfc062723c751e8b465ee728b)
Start importing Assets/Client/Scripts/Battle/BattleSystem.cs using Guid(124a93bda9b98de4da027708de7e8c10) Importer(815301076,1909f56bfc062723c751e8b465ee728b)  -> (artifact id: 'e24e901b6141e61b35f539cdd817a811') in 0.208310 seconds
  Import took 0.214635 seconds .

========================================================================
Received Prepare
Registering precompiled user dll's ...
Registered in 0.016122 seconds.
Begin MonoManager ReloadAssembly
Native extension for WindowsStandalone target not found
Native extension for OSXStandalone target not found
Native extension for WebGL target not found
Refreshing native plugins compatible for Editor in 0.50 ms, found 1 plugins.
Preloading 0 native plugins for Editor in 0.00 ms.
Invoked RoslynAnalysisRunner static constructor.
RoslynAnalysisRunner will not be running.
RoslynAnalysisRunner has terminated.
Mono: successfully reloaded assembly
- Completed reload, in  2.106 seconds
Platform modules already initialized, skipping
Refreshing native plugins compatible for Editor in 1.96 ms, found 1 plugins.
Preloading 0 native plugins for Editor in 0.00 ms.
Unloading 1838 Unused Serialized files (Serialized files now loaded: 0)
System memory in use before: 89.5 MB.
System memory in use after: 89.5 MB.

Unloading 15 unused Assets to reduce memory usage. Loaded Objects now: 2445.
Total: 11.901900 ms (FindLiveObjects: 0.723800 ms CreateObjectMapping: 0.228400 ms MarkObjects: 10.635800 ms  DeleteObjects: 0.311200 ms)

========================================================================
Received Import Request.
  Time since last request: 80.352693 seconds.
  path: Assets/Client/Scripts/Battle/BattleSystem.cs
  artifactKey: Guid(124a93bda9b98de4da027708de7e8c10) Importer(815301076,1909f56bfc062723c751e8b465ee728b)
Start importing Assets/Client/Scripts/Battle/BattleSystem.cs using Guid(124a93bda9b98de4da027708de7e8c10) Importer(815301076,1909f56bfc062723c751e8b465ee728b)  -> (artifact id: 'da7511d1b37cb26fcf24359b64d3fc3a') in 0.017866 seconds
  Import took 0.024525 seconds .

========================================================================
Received Import Request.
  Time since last request: 0.061873 seconds.
  path: Assets/Client/Scripts/Battle/BattleSystem.cs
  artifactKey: Guid(124a93bda9b98de4da027708de7e8c10) Importer(815301076,1909f56bfc062723c751e8b465ee728b)
Start importing Assets/Client/Scripts/Battle/BattleSystem.cs using Guid(124a93bda9b98de4da027708de7e8c10) Importer(815301076,1909f56bfc062723c751e8b465ee728b)  -> (artifact id: 'da7511d1b37cb26fcf24359b64d3fc3a') in 0.006755 seconds
  Import took 0.014056 seconds .

========================================================================
Received Prepare
Registering precompiled user dll's ...
Registered in 0.004457 seconds.
Begin MonoManager ReloadAssembly
Native extension for WindowsStandalone target not found
Native extension for OSXStandalone target not found
Native extension for WebGL target not found
Refreshing native plugins compatible for Editor in 7.05 ms, found 1 plugins.
Preloading 0 native plugins for Editor in 0.00 ms.
Invoked RoslynAnalysisRunner static constructor.
RoslynAnalysisRunner will not be running.
RoslynAnalysisRunner has terminated.
Mono: successfully reloaded assembly
- Completed reload, in  2.295 seconds
Platform modules already initialized, skipping
Refreshing native plugins compatible for Editor in 0.82 ms, found 1 plugins.
Preloading 0 native plugins for Editor in 0.00 ms.
Unloading 1838 Unused Serialized files (Serialized files now loaded: 0)
System memory in use before: 89.5 MB.
System memory in use after: 89.5 MB.

Unloading 15 unused Assets to reduce memory usage. Loaded Objects now: 2449.
Total: 7.237900 ms (FindLiveObjects: 0.249600 ms CreateObjectMapping: 0.099500 ms MarkObjects: 6.724200 ms  DeleteObjects: 0.162200 ms)

========================================================================
Received Prepare
Registering precompiled user dll's ...
Registered in 0.003317 seconds.
Begin MonoManager ReloadAssembly
Native extension for WindowsStandalone target not found
Native extension for OSXStandalone target not found
Native extension for WebGL target not found
Refreshing native plugins compatible for Editor in 0.50 ms, found 1 plugins.
Preloading 0 native plugins for Editor in 0.00 ms.
Invoked RoslynAnalysisRunner static constructor.
RoslynAnalysisRunner will not be running.
RoslynAnalysisRunner has terminated.
Mono: successfully reloaded assembly
- Completed reload, in  1.789 seconds
Platform modules already initialized, skipping
Refreshing native plugins compatible for Editor in 1.15 ms, found 1 plugins.
Preloading 0 native plugins for Editor in 0.00 ms.
Unloading 1838 Unused Serialized files (Serialized files now loaded: 0)
System memory in use before: 89.5 MB.
System memory in use after: 89.5 MB.

Unloading 15 unused Assets to reduce memory usage. Loaded Objects now: 2453.
Total: 5.232900 ms (FindLiveObjects: 0.316900 ms CreateObjectMapping: 0.153700 ms MarkObjects: 4.542300 ms  DeleteObjects: 0.217900 ms)

========================================================================
Received Prepare
Registering precompiled user dll's ...
Registered in 0.003778 seconds.
Begin MonoManager ReloadAssembly
Native extension for WindowsStandalone target not found
Native extension for OSXStandalone target not found
Native extension for WebGL target not found
Refreshing native plugins compatible for Editor in 0.52 ms, found 1 plugins.
Preloading 0 native plugins for Editor in 0.00 ms.
Invoked RoslynAnalysisRunner static constructor.
RoslynAnalysisRunner will not be running.
RoslynAnalysisRunner has terminated.
Mono: successfully reloaded assembly
- Completed reload, in  1.895 seconds
Platform modules already initialized, skipping
Refreshing native plugins compatible for Editor in 0.87 ms, found 1 plugins.
Preloading 0 native plugins for Editor in 0.00 ms.
Unloading 1838 Unused Serialized files (Serialized files now loaded: 0)
System memory in use before: 89.5 MB.
System memory in use after: 89.5 MB.

Unloading 15 unused Assets to reduce memory usage. Loaded Objects now: 2457.
Total: 8.379400 ms (FindLiveObjects: 0.500400 ms CreateObjectMapping: 0.249400 ms MarkObjects: 7.397400 ms  DeleteObjects: 0.230100 ms)

========================================================================
Received Prepare
Registering precompiled user dll's ...
Registered in 0.006919 seconds.
Begin MonoManager ReloadAssembly
Native extension for WindowsStandalone target not found
Native extension for OSXStandalone target not found
Native extension for WebGL target not found
Refreshing native plugins compatible for Editor in 0.52 ms, found 1 plugins.
Preloading 0 native plugins for Editor in 0.00 ms.
Invoked RoslynAnalysisRunner static constructor.
RoslynAnalysisRunner will not be running.
RoslynAnalysisRunner has terminated.
Mono: successfully reloaded assembly
- Completed reload, in  1.814 seconds
Platform modules already initialized, skipping
Refreshing native plugins compatible for Editor in 0.83 ms, found 1 plugins.
Preloading 0 native plugins for Editor in 0.00 ms.
Unloading 1838 Unused Serialized files (Serialized files now loaded: 0)
System memory in use before: 89.6 MB.
System memory in use after: 89.6 MB.

Unloading 15 unused Assets to reduce memory usage. Loaded Objects now: 2461.
Total: 6.554100 ms (FindLiveObjects: 0.350400 ms CreateObjectMapping: 0.207900 ms MarkObjects: 5.648300 ms  DeleteObjects: 0.345100 ms)

========================================================================
Received Prepare
Registering precompiled user dll's ...
Registered in 0.003472 seconds.
Begin MonoManager ReloadAssembly
Native extension for WindowsStandalone target not found
Native extension for OSXStandalone target not found
Native extension for WebGL target not found
Refreshing native plugins compatible for Editor in 0.79 ms, found 1 plugins.
Preloading 0 native plugins for Editor in 0.00 ms.
Invoked RoslynAnalysisRunner static constructor.
RoslynAnalysisRunner will not be running.
RoslynAnalysisRunner has terminated.
Mono: successfully reloaded assembly
- Completed reload, in  3.110 seconds
Platform modules already initialized, skipping
Refreshing native plugins compatible for Editor in 0.79 ms, found 1 plugins.
Preloading 0 native plugins for Editor in 0.00 ms.
Unloading 1838 Unused Serialized files (Serialized files now loaded: 0)
System memory in use before: 89.6 MB.
System memory in use after: 89.6 MB.

Unloading 15 unused Assets to reduce memory usage. Loaded Objects now: 2465.
Total: 11.560300 ms (FindLiveObjects: 0.418200 ms CreateObjectMapping: 0.241900 ms MarkObjects: 10.599300 ms  DeleteObjects: 0.296500 ms)

========================================================================
Received Prepare
Refreshing native plugins compatible for Editor in 6.05 ms, found 1 plugins.
Preloading 0 native plugins for Editor in 0.00 ms.
Unloading 13 Unused Serialized files (Serialized files now loaded: 0)
System memory in use before: 53.5 MB.
System memory in use after: 53.5 MB.

Unloading 13 unused Assets to reduce memory usage. Loaded Objects now: 2465.
Total: 8.682600 ms (FindLiveObjects: 0.538200 ms CreateObjectMapping: 0.189700 ms MarkObjects: 7.589600 ms  DeleteObjects: 0.362200 ms)

========================================================================
Received Prepare
Registering precompiled user dll's ...
Registered in 0.003811 seconds.
Begin MonoManager ReloadAssembly
Native extension for WindowsStandalone target not found
Native extension for OSXStandalone target not found
Native extension for WebGL target not found
Refreshing native plugins compatible for Editor in 0.62 ms, found 1 plugins.
Preloading 0 native plugins for Editor in 0.00 ms.
Invoked RoslynAnalysisRunner static constructor.
RoslynAnalysisRunner will not be running.
RoslynAnalysisRunner has terminated.
Mono: successfully reloaded assembly
- Completed reload, in  3.421 seconds
Platform modules already initialized, skipping
Refreshing native plugins compatible for Editor in 1.09 ms, found 1 plugins.
Preloading 0 native plugins for Editor in 0.00 ms.
Unloading 1838 Unused Serialized files (Serialized files now loaded: 0)
System memory in use before: 89.6 MB.
System memory in use after: 89.6 MB.

Unloading 15 unused Assets to reduce memory usage. Loaded Objects now: 2469.
Total: 13.225100 ms (FindLiveObjects: 0.290000 ms CreateObjectMapping: 0.123200 ms MarkObjects: 10.663500 ms  DeleteObjects: 2.144600 ms)

========================================================================
Received Prepare
Registering precompiled user dll's ...
Registered in 0.006513 seconds.
Begin MonoManager ReloadAssembly
Native extension for WindowsStandalone target not found
Native extension for OSXStandalone target not found
Native extension for WebGL target not found
Refreshing native plugins compatible for Editor in 0.50 ms, found 1 plugins.
Preloading 0 native plugins for Editor in 0.00 ms.
Invoked RoslynAnalysisRunner static constructor.
RoslynAnalysisRunner will not be running.
RoslynAnalysisRunner has terminated.
Mono: successfully reloaded assembly
- Completed reload, in  1.759 seconds
Platform modules already initialized, skipping
Refreshing native plugins compatible for Editor in 1.08 ms, found 1 plugins.
Preloading 0 native plugins for Editor in 0.00 ms.
Unloading 1838 Unused Serialized files (Serialized files now loaded: 0)
System memory in use before: 89.6 MB.
System memory in use after: 89.6 MB.

Unloading 15 unused Assets to reduce memory usage. Loaded Objects now: 2473.
Total: 6.335800 ms (FindLiveObjects: 0.550500 ms CreateObjectMapping: 0.320000 ms MarkObjects: 5.314000 ms  DeleteObjects: 0.148800 ms)

========================================================================
Received Prepare
Registering precompiled user dll's ...
Registered in 0.004260 seconds.
Begin MonoManager ReloadAssembly
Native extension for WindowsStandalone target not found
Native extension for OSXStandalone target not found
Native extension for WebGL target not found
Refreshing native plugins compatible for Editor in 0.50 ms, found 1 plugins.
Preloading 0 native plugins for Editor in 0.00 ms.
Invoked RoslynAnalysisRunner static constructor.
RoslynAnalysisRunner will not be running.
RoslynAnalysisRunner has terminated.
Mono: successfully reloaded assembly
- Completed reload, in  1.752 seconds
Platform modules already initialized, skipping
Refreshing native plugins compatible for Editor in 0.81 ms, found 1 plugins.
Preloading 0 native plugins for Editor in 0.00 ms.
Unloading 1838 Unused Serialized files (Serialized files now loaded: 0)
System memory in use before: 89.6 MB.
System memory in use after: 89.6 MB.

Unloading 15 unused Assets to reduce memory usage. Loaded Objects now: 2477.
Total: 7.535800 ms (FindLiveObjects: 0.490900 ms CreateObjectMapping: 0.184800 ms MarkObjects: 6.701700 ms  DeleteObjects: 0.156200 ms)

========================================================================
Received Import Request.
  Time since last request: 1147.617938 seconds.
  path: Assets/Client/Scenes/Boss Battle.unity
  artifactKey: Guid(bccb3e45cc649264dafd6f24db6c9385) Importer(815301076,1909f56bfc062723c751e8b465ee728b)
Start importing Assets/Client/Scenes/Boss Battle.unity using Guid(bccb3e45cc649264dafd6f24db6c9385) Importer(815301076,1909f56bfc062723c751e8b465ee728b)  -> (artifact id: '7ba8c97171d87e0b40b2272e6b0912d1') in 0.033948 seconds
  Import took 0.040254 seconds .

========================================================================
Received Prepare
Registering precompiled user dll's ...
Registered in 0.004592 seconds.
Begin MonoManager ReloadAssembly
Native extension for WindowsStandalone target not found
Native extension for OSXStandalone target not found
Native extension for WebGL target not found
Refreshing native plugins compatible for Editor in 0.55 ms, found 1 plugins.
Preloading 0 native plugins for Editor in 0.00 ms.
Invoked RoslynAnalysisRunner static constructor.
RoslynAnalysisRunner will not be running.
RoslynAnalysisRunner has terminated.
Mono: successfully reloaded assembly
- Completed reload, in  1.627 seconds
Platform modules already initialized, skipping
Refreshing native plugins compatible for Editor in 0.99 ms, found 1 plugins.
Preloading 0 native plugins for Editor in 0.00 ms.
Unloading 1838 Unused Serialized files (Serialized files now loaded: 0)
System memory in use before: 89.6 MB.
System memory in use after: 89.6 MB.

Unloading 15 unused Assets to reduce memory usage. Loaded Objects now: 2481.
Total: 7.735300 ms (FindLiveObjects: 1.522500 ms CreateObjectMapping: 0.537100 ms MarkObjects: 5.497100 ms  DeleteObjects: 0.175600 ms)

========================================================================
Received Prepare
Registering precompiled user dll's ...
Registered in 0.004380 seconds.
Begin MonoManager ReloadAssembly
Native extension for WindowsStandalone target not found
Native extension for OSXStandalone target not found
Native extension for WebGL target not found
Refreshing native plugins compatible for Editor in 0.51 ms, found 1 plugins.
Preloading 0 native plugins for Editor in 0.00 ms.
Invoked RoslynAnalysisRunner static constructor.
RoslynAnalysisRunner will not be running.
RoslynAnalysisRunner has terminated.
Mono: successfully reloaded assembly
- Completed reload, in  1.944 seconds
Platform modules already initialized, skipping
Refreshing native plugins compatible for Editor in 0.87 ms, found 1 plugins.
Preloading 0 native plugins for Editor in 0.00 ms.
Unloading 1838 Unused Serialized files (Serialized files now loaded: 0)
System memory in use before: 89.6 MB.
System memory in use after: 89.6 MB.

Unloading 15 unused Assets to reduce memory usage. Loaded Objects now: 2485.
Total: 8.136400 ms (FindLiveObjects: 1.216100 ms CreateObjectMapping: 0.189700 ms MarkObjects: 6.513000 ms  DeleteObjects: 0.215000 ms)

========================================================================
Received Prepare
Refreshing native plugins compatible for Editor in 4.91 ms, found 1 plugins.
Preloading 0 native plugins for Editor in 0.00 ms.
Unloading 13 Unused Serialized files (Serialized files now loaded: 0)
System memory in use before: 53.6 MB.
System memory in use after: 53.6 MB.

Unloading 13 unused Assets to reduce memory usage. Loaded Objects now: 2485.
Total: 8.723800 ms (FindLiveObjects: 0.591900 ms CreateObjectMapping: 0.271900 ms MarkObjects: 7.695600 ms  DeleteObjects: 0.161700 ms)

========================================================================
Received Import Request.
  Time since last request: 175.604194 seconds.
  path: Assets/Plugins/Hierarchy 2/Editor Resources/Icons/icon_branch_I.png
  artifactKey: Guid(62535b6c7266bf440b9aa800596c7806) Importer(815301076,1909f56bfc062723c751e8b465ee728b)
Start importing Assets/Plugins/Hierarchy 2/Editor Resources/Icons/icon_branch_I.png using Guid(62535b6c7266bf440b9aa800596c7806) Importer(815301076,1909f56bfc062723c751e8b465ee728b)  -> (artifact id: 'cc2ca6b6566506c258060c168b11760b') in 1.664090 seconds
  Import took 1.674780 seconds .

========================================================================
Received Import Request.
  Time since last request: 0.000414 seconds.
  path: Assets/Plugins/Hierarchy 2/Editor Resources/Icons/icon_branch_T.png
  artifactKey: Guid(133b094552954f64aa4f77e744113d9a) Importer(815301076,1909f56bfc062723c751e8b465ee728b)
Start importing Assets/Plugins/Hierarchy 2/Editor Resources/Icons/icon_branch_T.png using Guid(133b094552954f64aa4f77e744113d9a) Importer(815301076,1909f56bfc062723c751e8b465ee728b)  -> (artifact id: '6ed78dbb831852a102c6361a5aeed7c9') in 0.081900 seconds
  Import took 0.199875 seconds .

========================================================================
Received Import Request.
  Time since last request: 0.000359 seconds.
  path: Assets/Plugins/Hierarchy 2/Editor Resources/Icons/icon_branch_L.png
  artifactKey: Guid(bf7e68a3f72eea64f831f21ac8405a1c) Importer(815301076,1909f56bfc062723c751e8b465ee728b)
Start importing Assets/Plugins/Hierarchy 2/Editor Resources/Icons/icon_branch_L.png using Guid(bf7e68a3f72eea64f831f21ac8405a1c) Importer(815301076,1909f56bfc062723c751e8b465ee728b)  -> (artifact id: 'b94cd3ec04610228a22ad3df8636ecc4') in 0.083740 seconds
  Import took 0.115043 seconds .

========================================================================
Received Prepare
Refreshing native plugins compatible for Editor in 4.26 ms, found 1 plugins.
Preloading 0 native plugins for Editor in 0.00 ms.
Unloading 13 Unused Serialized files (Serialized files now loaded: 0)
System memory in use before: 53.6 MB.
System memory in use after: 53.6 MB.

Unloading 13 unused Assets to reduce memory usage. Loaded Objects now: 2487.
Total: 7.488100 ms (FindLiveObjects: 0.563800 ms CreateObjectMapping: 0.172600 ms MarkObjects: 6.590400 ms  DeleteObjects: 0.158300 ms)

========================================================================
Received Prepare
Registering precompiled user dll's ...
Registered in 0.004812 seconds.
Begin MonoManager ReloadAssembly
Native extension for WindowsStandalone target not found
Native extension for OSXStandalone target not found
Native extension for WebGL target not found
Refreshing native plugins compatible for Editor in 0.68 ms, found 1 plugins.
Preloading 0 native plugins for Editor in 0.00 ms.
Invoked RoslynAnalysisRunner static constructor.
RoslynAnalysisRunner will not be running.
RoslynAnalysisRunner has terminated.
Mono: successfully reloaded assembly
- Completed reload, in 10.806 seconds
Platform modules already initialized, skipping
Refreshing native plugins compatible for Editor in 8.45 ms, found 1 plugins.
Preloading 0 native plugins for Editor in 0.00 ms.
Unloading 1838 Unused Serialized files (Serialized files now loaded: 0)
System memory in use before: 89.6 MB.
System memory in use after: 89.6 MB.

Unloading 15 unused Assets to reduce memory usage. Loaded Objects now: 2491.
Total: 41.373400 ms (FindLiveObjects: 4.144200 ms CreateObjectMapping: 0.526600 ms MarkObjects: 36.170600 ms  DeleteObjects: 0.524600 ms)

========================================================================
Received Import Request.
  Time since last request: 8445.738602 seconds.
  path: Assets/Client/Scenes/Overworld-Uni.unity
  artifactKey: Guid(42c35194c6414b44a913234d793d51ab) Importer(815301076,1909f56bfc062723c751e8b465ee728b)
Start importing Assets/Client/Scenes/Overworld-Uni.unity using Guid(42c35194c6414b44a913234d793d51ab) Importer(815301076,1909f56bfc062723c751e8b465ee728b)  -> (artifact id: 'ff4400301bc5553923a3a6ac02cce56e') in 0.067391 seconds
  Import took 0.116298 seconds .

========================================================================
Received Prepare
Registering precompiled user dll's ...
Registered in 0.004973 seconds.
Begin MonoManager ReloadAssembly
Native extension for WindowsStandalone target not found
Native extension for OSXStandalone target not found
Native extension for WebGL target not found
Refreshing native plugins compatible for Editor in 0.63 ms, found 1 plugins.
Preloading 0 native plugins for Editor in 0.00 ms.
Invoked RoslynAnalysisRunner static constructor.
RoslynAnalysisRunner will not be running.
RoslynAnalysisRunner has terminated.
Mono: successfully reloaded assembly
- Completed reload, in  2.658 seconds
Platform modules already initialized, skipping
Refreshing native plugins compatible for Editor in 1.09 ms, found 1 plugins.
Preloading 0 native plugins for Editor in 0.00 ms.
Unloading 1838 Unused Serialized files (Serialized files now loaded: 0)
System memory in use before: 89.7 MB.
System memory in use after: 89.7 MB.

Unloading 15 unused Assets to reduce memory usage. Loaded Objects now: 2495.
Total: 8.319200 ms (FindLiveObjects: 0.939500 ms CreateObjectMapping: 0.339100 ms MarkObjects: 6.840800 ms  DeleteObjects: 0.195100 ms)

========================================================================
Received Prepare
Registering precompiled user dll's ...
Registered in 0.007166 seconds.
Begin MonoManager ReloadAssembly
Native extension for WindowsStandalone target not found
Native extension for OSXStandalone target not found
Native extension for WebGL target not found
Refreshing native plugins compatible for Editor in 1.56 ms, found 1 plugins.
Preloading 0 native plugins for Editor in 0.00 ms.
Invoked RoslynAnalysisRunner static constructor.
RoslynAnalysisRunner will not be running.
RoslynAnalysisRunner has terminated.
Mono: successfully reloaded assembly
- Completed reload, in  2.923 seconds
Platform modules already initialized, skipping
Refreshing native plugins compatible for Editor in 1.10 ms, found 1 plugins.
Preloading 0 native plugins for Editor in 0.00 ms.
Unloading 1838 Unused Serialized files (Serialized files now loaded: 0)
System memory in use before: 89.7 MB.
System memory in use after: 89.7 MB.

Unloading 15 unused Assets to reduce memory usage. Loaded Objects now: 2499.
Total: 6.838500 ms (FindLiveObjects: 0.362900 ms CreateObjectMapping: 0.152400 ms MarkObjects: 6.123000 ms  DeleteObjects: 0.197400 ms)

========================================================================
Received Prepare
Registering precompiled user dll's ...
Registered in 0.006529 seconds.
Begin MonoManager ReloadAssembly
Native extension for WindowsStandalone target not found
Native extension for OSXStandalone target not found
Native extension for WebGL target not found
Refreshing native plugins compatible for Editor in 1.02 ms, found 1 plugins.
Preloading 0 native plugins for Editor in 0.00 ms.
Invoked RoslynAnalysisRunner static constructor.
RoslynAnalysisRunner will not be running.
RoslynAnalysisRunner has terminated.
Mono: successfully reloaded assembly
- Completed reload, in  2.857 seconds
Platform modules already initialized, skipping
Refreshing native plugins compatible for Editor in 1.42 ms, found 1 plugins.
Preloading 0 native plugins for Editor in 0.00 ms.
Unloading 1838 Unused Serialized files (Serialized files now loaded: 0)
System memory in use before: 89.7 MB.
System memory in use after: 89.7 MB.

Unloading 15 unused Assets to reduce memory usage. Loaded Objects now: 2503.
Total: 7.970500 ms (FindLiveObjects: 0.503200 ms CreateObjectMapping: 0.285900 ms MarkObjects: 6.690400 ms  DeleteObjects: 0.487800 ms)

========================================================================
Received Prepare
Registering precompiled user dll's ...
Registered in 0.004884 seconds.
Begin MonoManager ReloadAssembly
Native extension for WindowsStandalone target not found
Native extension for OSXStandalone target not found
Native extension for WebGL target not found
Refreshing native plugins compatible for Editor in 0.61 ms, found 1 plugins.
Preloading 0 native plugins for Editor in 0.00 ms.
Invoked RoslynAnalysisRunner static constructor.
RoslynAnalysisRunner will not be running.
RoslynAnalysisRunner has terminated.
Mono: successfully reloaded assembly
- Completed reload, in  2.623 seconds
Platform modules already initialized, skipping
Refreshing native plugins compatible for Editor in 1.22 ms, found 1 plugins.
Preloading 0 native plugins for Editor in 0.00 ms.
Unloading 1838 Unused Serialized files (Serialized files now loaded: 0)
System memory in use before: 89.7 MB.
System memory in use after: 89.7 MB.

Unloading 15 unused Assets to reduce memory usage. Loaded Objects now: 2507.
Total: 9.271100 ms (FindLiveObjects: 1.119000 ms CreateObjectMapping: 0.247300 ms MarkObjects: 7.703400 ms  DeleteObjects: 0.194700 ms)

AssetImportWorkerClient::OnTransportError - code=2 error=End of file
