Using pre-set license
Built from '2020.2/staging' branch; Version is '2020.2.7f1 (c53830e277f1) revision 12924976'; Using compiler version '192528614'; Build Type 'Release'
OS: 'Windows 10 Pro; OS build 19044.1586; Version 2009; 64bit' Language: 'en' Physical Memory: 8064 MB
BatchMode: 1, IsHumanControllingUs: 0, StartBugReporterOnCrash: 0, Is64bit: 1, IsPro: 0

 COMMAND LINE ARGUMENTS:
C:\Program Files\Unity\Hub\Editor\2020.2.7f1\Editor\Unity.exe
-adb2
-batchMode
-noUpm
-name
AssetImportWorker0
-projectPath
E:/Games/GitHub/Zombieversity/Zombieversity
-logFile
Logs/AssetImportWorker0.log
-srvPort
53497
Successfully changed project path to: E:/Games/GitHub/Zombieversity/Zombieversity
E:/Games/GitHub/Zombieversity/Zombieversity
Using Asset Import Pipeline V2.
Refreshing native plugins compatible for Editor in 68.46 ms, found 1 plugins.
Preloading 0 native plugins for Editor in 0.00 ms.
Initialize engine version: 2020.2.7f1 (c53830e277f1)
[Subsystems] Discovering subsystems at path C:/Program Files/Unity/Hub/Editor/2020.2.7f1/Editor/Data/Resources/UnitySubsystems
[Subsystems] Discovering subsystems at path E:/Games/GitHub/Zombieversity/Zombieversity/Assets
GfxDevice: creating device client; threaded=0
Direct3D:
    Version:  Direct3D 11.0 [level 11.1]
    Renderer: Intel(R) HD Graphics Family (ID=0xa16)
    Vendor:   
    VRAM:     2048 MB
    Driver:   20.19.15.5126
Initialize mono
Mono path[0] = 'C:/Program Files/Unity/Hub/Editor/2020.2.7f1/Editor/Data/Managed'
Mono path[1] = 'C:/Program Files/Unity/Hub/Editor/2020.2.7f1/Editor/Data/MonoBleedingEdge/lib/mono/unityjit'
Mono config path = 'C:/Program Files/Unity/Hub/Editor/2020.2.7f1/Editor/Data/MonoBleedingEdge/etc'
Using monoOptions --debugger-agent=transport=dt_socket,embedding=1,server=y,suspend=n,address=127.0.0.1:56272
Begin MonoManager ReloadAssembly
Registering precompiled unity dll's ...
Register platform support module: C:/Program Files/Unity/Hub/Editor/2020.2.7f1/Editor/Data/PlaybackEngines/WebGLSupport/UnityEditor.WebGL.Extensions.dll
Register platform support module: C:/Program Files/Unity/Hub/Editor/2020.2.7f1/Editor/Data/PlaybackEngines/MacStandaloneSupport/UnityEditor.OSXStandalone.Extensions.dll
Register platform support module: C:/Program Files/Unity/Hub/Editor/2020.2.7f1/Editor/Data/PlaybackEngines/WindowsStandaloneSupport/UnityEditor.WindowsStandalone.Extensions.dll
Registered in 0.008888 seconds.
Native extension for WindowsStandalone target not found
Native extension for OSXStandalone target not found
Native extension for WebGL target not found
Refreshing native plugins compatible for Editor in 56.05 ms, found 1 plugins.
Preloading 0 native plugins for Editor in 0.00 ms.
Invoked RoslynAnalysisRunner static constructor.
RoslynAnalysisRunner will not be running.
RoslynAnalysisRunner has terminated.
Mono: successfully reloaded assembly
- Completed reload, in  2.753 seconds
Platform modules already initialized, skipping
Registering precompiled user dll's ...
Registered in 0.005169 seconds.
Begin MonoManager ReloadAssembly
Native extension for WindowsStandalone target not found
Native extension for OSXStandalone target not found
Native extension for WebGL target not found
Refreshing native plugins compatible for Editor in 86.81 ms, found 1 plugins.
Preloading 0 native plugins for Editor in 0.00 ms.
Invoked RoslynAnalysisRunner static constructor.
RoslynAnalysisRunner will not be running.
RoslynAnalysisRunner has terminated.
Mono: successfully reloaded assembly
- Completed reload, in  1.939 seconds
Platform modules already initialized, skipping
========================================================================
Worker process is ready to serve import requests
Launched and connected shader compiler UnityShaderCompiler.exe after 1.06 seconds
Refreshing native plugins compatible for Editor in 0.93 ms, found 1 plugins.
Preloading 0 native plugins for Editor in 0.00 ms.
Unloading 1834 Unused Serialized files (Serialized files now loaded: 0)
System memory in use before: 85.5 MB.
System memory in use after: 85.5 MB.

Unloading 27 unused Assets to reduce memory usage. Loaded Objects now: 2281.
Total: 6.157200 ms (FindLiveObjects: 0.434800 ms CreateObjectMapping: 0.181500 ms MarkObjects: 5.366600 ms  DeleteObjects: 0.171100 ms)

========================================================================
Received Import Request.
  path: Assets/Client/Scenes/Overworld.unity
  artifactKey: Guid(465c18f7b2846db42a7b38f282a0947e) Importer(815301076,1909f56bfc062723c751e8b465ee728b)
Start importing Assets/Client/Scenes/Overworld.unity using Guid(465c18f7b2846db42a7b38f282a0947e) Importer(815301076,1909f56bfc062723c751e8b465ee728b)  -> (artifact id: '3a6ed77b89f33d3654b7fd072c7d9067') in 0.911852 seconds
  Import took 1.635288 seconds .

========================================================================
Received Import Request.
  Time since last request: 80.872482 seconds.
  path: Assets/Client/Scenes/tree111.png
  artifactKey: Guid(4904f1334b1873e4b9b33fb5fa6c2184) Importer(815301076,1909f56bfc062723c751e8b465ee728b)
Start importing Assets/Client/Scenes/tree111.png using Guid(4904f1334b1873e4b9b33fb5fa6c2184) Importer(815301076,1909f56bfc062723c751e8b465ee728b)  -> (artifact id: '6fa9f19236674998f0eca4dd0734417a') in 1.666759 seconds
  Import took 1.696152 seconds .

AssetImportWorkerClient::OnTransportError - code=2 error=End of file
