Using pre-set license
Built from '2020.2/staging' branch; Version is '2020.2.7f1 (c53830e277f1) revision 12924976'; Using compiler version '192528614'; Build Type 'Release'
OS: 'Windows 10 Pro; OS build 19044.1645; Version 2009; 64bit' Language: 'en' Physical Memory: 8064 MB
BatchMode: 1, IsHumanControllingUs: 0, StartBugReporterOnCrash: 0, Is64bit: 1, IsPro: 0

 COMMAND LINE ARGUMENTS:
C:\Program Files\Unity\Hub\Editor\2020.2.7f1\Editor\Unity.exe
-adb2
-batchMode
-noUpm
-name
AssetImportWorker7
-projectPath
E:/Games/GitHub/Zombieversity/Zombieversity
-logFile
Logs/AssetImportWorker7.log
-srvPort
64625
Successfully changed project path to: E:/Games/GitHub/Zombieversity/Zombieversity
E:/Games/GitHub/Zombieversity/Zombieversity
Using Asset Import Pipeline V2.
Refreshing native plugins compatible for Editor in 55.20 ms, found 1 plugins.
Preloading 0 native plugins for Editor in 0.00 ms.
Initialize engine version: 2020.2.7f1 (c53830e277f1)
[Subsystems] Discovering subsystems at path C:/Program Files/Unity/Hub/Editor/2020.2.7f1/Editor/Data/Resources/UnitySubsystems
[Subsystems] Discovering subsystems at path E:/Games/GitHub/Zombieversity/Zombieversity/Assets
GfxDevice: creating device client; threaded=0
Direct3D:
    Version:  Direct3D 11.0 [level 11.1]
    Renderer: Intel(R) HD Graphics Family (ID=0xa16)
    Vendor:   
    VRAM:     2048 MB
    Driver:   20.19.15.5126
Initialize mono
Mono path[0] = 'C:/Program Files/Unity/Hub/Editor/2020.2.7f1/Editor/Data/Managed'
Mono path[1] = 'C:/Program Files/Unity/Hub/Editor/2020.2.7f1/Editor/Data/MonoBleedingEdge/lib/mono/unityjit'
Mono config path = 'C:/Program Files/Unity/Hub/Editor/2020.2.7f1/Editor/Data/MonoBleedingEdge/etc'
Using monoOptions --debugger-agent=transport=dt_socket,embedding=1,server=y,suspend=n,address=127.0.0.1:56728
Begin MonoManager ReloadAssembly
Registering precompiled unity dll's ...
Register platform support module: C:/Program Files/Unity/Hub/Editor/2020.2.7f1/Editor/Data/PlaybackEngines/WebGLSupport/UnityEditor.WebGL.Extensions.dll
Register platform support module: C:/Program Files/Unity/Hub/Editor/2020.2.7f1/Editor/Data/PlaybackEngines/MacStandaloneSupport/UnityEditor.OSXStandalone.Extensions.dll
Register platform support module: C:/Program Files/Unity/Hub/Editor/2020.2.7f1/Editor/Data/PlaybackEngines/WindowsStandaloneSupport/UnityEditor.WindowsStandalone.Extensions.dll
Registered in 0.008788 seconds.
Native extension for WindowsStandalone target not found
Native extension for OSXStandalone target not found
Native extension for WebGL target not found
Refreshing native plugins compatible for Editor in 95.47 ms, found 1 plugins.
Preloading 0 native plugins for Editor in 0.00 ms.
Invoked RoslynAnalysisRunner static constructor.
RoslynAnalysisRunner will not be running.
RoslynAnalysisRunner has terminated.
Mono: successfully reloaded assembly
- Completed reload, in  7.150 seconds
Platform modules already initialized, skipping
Registering precompiled user dll's ...
Registered in 0.005880 seconds.
Begin MonoManager ReloadAssembly
Native extension for WindowsStandalone target not found
Native extension for OSXStandalone target not found
Native extension for WebGL target not found
Refreshing native plugins compatible for Editor in 55.91 ms, found 1 plugins.
Preloading 0 native plugins for Editor in 0.00 ms.
Invoked RoslynAnalysisRunner static constructor.
RoslynAnalysisRunner will not be running.
RoslynAnalysisRunner has terminated.
Mono: successfully reloaded assembly
- Completed reload, in 12.184 seconds
Platform modules already initialized, skipping
========================================================================
Worker process is ready to serve import requests
Launched and connected shader compiler UnityShaderCompiler.exe after 0.37 seconds
Refreshing native plugins compatible for Editor in 1.07 ms, found 1 plugins.
Preloading 0 native plugins for Editor in 0.00 ms.
Unloading 1839 Unused Serialized files (Serialized files now loaded: 0)
System memory in use before: 85.8 MB.
System memory in use after: 85.8 MB.

Unloading 27 unused Assets to reduce memory usage. Loaded Objects now: 2286.
Total: 7.368900 ms (FindLiveObjects: 0.307100 ms CreateObjectMapping: 0.138700 ms MarkObjects: 6.739600 ms  DeleteObjects: 0.181000 ms)

========================================================================
Received Import Request.
  path: Assets/Client/Scripts/Battle/BattleManager.cs
  artifactKey: Guid(8c06d9bce5f7e324989729bca7c3ba75) Importer(815301076,1909f56bfc062723c751e8b465ee728b)
Start importing Assets/Client/Scripts/Battle/BattleManager.cs using Guid(8c06d9bce5f7e324989729bca7c3ba75) Importer(815301076,1909f56bfc062723c751e8b465ee728b)  -> (artifact id: '765f0ba34899114415cf15d503658c81') in 0.427992 seconds
  Import took 0.507356 seconds .

========================================================================
Received Import Request.
  Time since last request: 4891.745938 seconds.
  path: Assets/Client/Scripts/Battle/BattleManager.cs
  artifactKey: Guid(8c06d9bce5f7e324989729bca7c3ba75) Importer(815301076,1909f56bfc062723c751e8b465ee728b)
Start importing Assets/Client/Scripts/Battle/BattleManager.cs using Guid(8c06d9bce5f7e324989729bca7c3ba75) Importer(815301076,1909f56bfc062723c751e8b465ee728b)  -> (artifact id: '0777f0dfd18ff473f571e23308b5db9a') in 0.027557 seconds
  Import took 0.074960 seconds .

========================================================================
Received Prepare
Registering precompiled user dll's ...
Registered in 0.838381 seconds.
Begin MonoManager ReloadAssembly
Native extension for WindowsStandalone target not found
Native extension for OSXStandalone target not found
Native extension for WebGL target not found
Refreshing native plugins compatible for Editor in 0.59 ms, found 1 plugins.
Preloading 0 native plugins for Editor in 0.00 ms.
Invoked RoslynAnalysisRunner static constructor.
RoslynAnalysisRunner will not be running.
RoslynAnalysisRunner has terminated.
Mono: successfully reloaded assembly
- Completed reload, in  1.551 seconds
Platform modules already initialized, skipping
Refreshing native plugins compatible for Editor in 1.01 ms, found 1 plugins.
Preloading 0 native plugins for Editor in 0.00 ms.
Unloading 1834 Unused Serialized files (Serialized files now loaded: 0)
System memory in use before: 85.8 MB.
System memory in use after: 85.8 MB.

Unloading 15 unused Assets to reduce memory usage. Loaded Objects now: 2290.
Total: 6.263300 ms (FindLiveObjects: 0.325300 ms CreateObjectMapping: 0.138800 ms MarkObjects: 5.613400 ms  DeleteObjects: 0.183200 ms)

========================================================================
Received Prepare
Registering precompiled user dll's ...
Registered in 0.003319 seconds.
Begin MonoManager ReloadAssembly
Native extension for WindowsStandalone target not found
Native extension for OSXStandalone target not found
Native extension for WebGL target not found
Refreshing native plugins compatible for Editor in 0.50 ms, found 1 plugins.
Preloading 0 native plugins for Editor in 0.00 ms.
Invoked RoslynAnalysisRunner static constructor.
RoslynAnalysisRunner will not be running.
RoslynAnalysisRunner has terminated.
Mono: successfully reloaded assembly
- Completed reload, in  1.294 seconds
Platform modules already initialized, skipping
Refreshing native plugins compatible for Editor in 0.84 ms, found 1 plugins.
Preloading 0 native plugins for Editor in 0.00 ms.
Unloading 1834 Unused Serialized files (Serialized files now loaded: 0)
System memory in use before: 85.8 MB.
System memory in use after: 85.8 MB.

Unloading 15 unused Assets to reduce memory usage. Loaded Objects now: 2294.
Total: 5.302400 ms (FindLiveObjects: 0.480400 ms CreateObjectMapping: 0.215800 ms MarkObjects: 4.445000 ms  DeleteObjects: 0.159000 ms)

========================================================================
Received Prepare
Registering precompiled user dll's ...
Registered in 0.004218 seconds.
Begin MonoManager ReloadAssembly
Native extension for WindowsStandalone target not found
Native extension for OSXStandalone target not found
Native extension for WebGL target not found
Refreshing native plugins compatible for Editor in 0.52 ms, found 1 plugins.
Preloading 0 native plugins for Editor in 0.00 ms.
Invoked RoslynAnalysisRunner static constructor.
RoslynAnalysisRunner will not be running.
RoslynAnalysisRunner has terminated.
Mono: successfully reloaded assembly
- Completed reload, in  1.635 seconds
Platform modules already initialized, skipping
Refreshing native plugins compatible for Editor in 0.83 ms, found 1 plugins.
Preloading 0 native plugins for Editor in 0.00 ms.
Unloading 1834 Unused Serialized files (Serialized files now loaded: 0)
System memory in use before: 85.8 MB.
System memory in use after: 85.8 MB.

Unloading 15 unused Assets to reduce memory usage. Loaded Objects now: 2298.
Total: 5.923200 ms (FindLiveObjects: 0.328200 ms CreateObjectMapping: 0.208300 ms MarkObjects: 5.151000 ms  DeleteObjects: 0.232900 ms)

========================================================================
Received Prepare
Registering precompiled user dll's ...
Registered in 0.004260 seconds.
Begin MonoManager ReloadAssembly
Native extension for WindowsStandalone target not found
Native extension for OSXStandalone target not found
Native extension for WebGL target not found
Refreshing native plugins compatible for Editor in 0.56 ms, found 1 plugins.
Preloading 0 native plugins for Editor in 0.00 ms.
Invoked RoslynAnalysisRunner static constructor.
RoslynAnalysisRunner will not be running.
RoslynAnalysisRunner has terminated.
Mono: successfully reloaded assembly
- Completed reload, in  1.681 seconds
Platform modules already initialized, skipping
Refreshing native plugins compatible for Editor in 0.87 ms, found 1 plugins.
Preloading 0 native plugins for Editor in 0.00 ms.
Unloading 1834 Unused Serialized files (Serialized files now loaded: 0)
System memory in use before: 85.9 MB.
System memory in use after: 85.9 MB.

Unloading 15 unused Assets to reduce memory usage. Loaded Objects now: 2302.
Total: 7.089800 ms (FindLiveObjects: 0.309200 ms CreateObjectMapping: 0.220400 ms MarkObjects: 6.401100 ms  DeleteObjects: 0.156900 ms)

========================================================================
Received Prepare
Registering precompiled user dll's ...
Registered in 0.004660 seconds.
Begin MonoManager ReloadAssembly
Native extension for WindowsStandalone target not found
Native extension for OSXStandalone target not found
Native extension for WebGL target not found
Refreshing native plugins compatible for Editor in 0.51 ms, found 1 plugins.
Preloading 0 native plugins for Editor in 0.00 ms.
Invoked RoslynAnalysisRunner static constructor.
RoslynAnalysisRunner will not be running.
RoslynAnalysisRunner has terminated.
Mono: successfully reloaded assembly
- Completed reload, in  1.669 seconds
Platform modules already initialized, skipping
Refreshing native plugins compatible for Editor in 0.87 ms, found 1 plugins.
Preloading 0 native plugins for Editor in 0.00 ms.
Unloading 1834 Unused Serialized files (Serialized files now loaded: 0)
System memory in use before: 85.9 MB.
System memory in use after: 85.9 MB.

Unloading 15 unused Assets to reduce memory usage. Loaded Objects now: 2306.
Total: 6.704000 ms (FindLiveObjects: 0.473200 ms CreateObjectMapping: 0.226000 ms MarkObjects: 5.834700 ms  DeleteObjects: 0.167400 ms)

========================================================================
Received Prepare
Registering precompiled user dll's ...
Registered in 0.004897 seconds.
Begin MonoManager ReloadAssembly
Native extension for WindowsStandalone target not found
Native extension for OSXStandalone target not found
Native extension for WebGL target not found
Refreshing native plugins compatible for Editor in 0.56 ms, found 1 plugins.
Preloading 0 native plugins for Editor in 0.00 ms.
Invoked RoslynAnalysisRunner static constructor.
RoslynAnalysisRunner will not be running.
RoslynAnalysisRunner has terminated.
Mono: successfully reloaded assembly
- Completed reload, in  1.715 seconds
Platform modules already initialized, skipping
Refreshing native plugins compatible for Editor in 1.11 ms, found 1 plugins.
Preloading 0 native plugins for Editor in 0.00 ms.
Unloading 1834 Unused Serialized files (Serialized files now loaded: 0)
System memory in use before: 85.9 MB.
System memory in use after: 85.9 MB.

Unloading 15 unused Assets to reduce memory usage. Loaded Objects now: 2310.
Total: 7.783900 ms (FindLiveObjects: 0.511000 ms CreateObjectMapping: 0.270000 ms MarkObjects: 6.849200 ms  DeleteObjects: 0.150700 ms)

========================================================================
Received Prepare
Registering precompiled user dll's ...
Registered in 0.006237 seconds.
Begin MonoManager ReloadAssembly
Native extension for WindowsStandalone target not found
Native extension for OSXStandalone target not found
Native extension for WebGL target not found
Refreshing native plugins compatible for Editor in 0.57 ms, found 1 plugins.
Preloading 0 native plugins for Editor in 0.00 ms.
Invoked RoslynAnalysisRunner static constructor.
RoslynAnalysisRunner will not be running.
RoslynAnalysisRunner has terminated.
Mono: successfully reloaded assembly
- Completed reload, in  1.726 seconds
Platform modules already initialized, skipping
Refreshing native plugins compatible for Editor in 0.86 ms, found 1 plugins.
Preloading 0 native plugins for Editor in 0.00 ms.
Unloading 1834 Unused Serialized files (Serialized files now loaded: 0)
System memory in use before: 85.9 MB.
System memory in use after: 85.9 MB.

Unloading 15 unused Assets to reduce memory usage. Loaded Objects now: 2314.
Total: 5.549000 ms (FindLiveObjects: 0.589800 ms CreateObjectMapping: 0.254100 ms MarkObjects: 4.536200 ms  DeleteObjects: 0.166700 ms)

========================================================================
Received Prepare
Registering precompiled user dll's ...
Registered in 0.094925 seconds.
Begin MonoManager ReloadAssembly
Native extension for WindowsStandalone target not found
Native extension for OSXStandalone target not found
Native extension for WebGL target not found
Refreshing native plugins compatible for Editor in 1.27 ms, found 1 plugins.
Preloading 0 native plugins for Editor in 0.00 ms.
Invoked RoslynAnalysisRunner static constructor.
RoslynAnalysisRunner will not be running.
RoslynAnalysisRunner has terminated.
Mono: successfully reloaded assembly
- Completed reload, in  4.180 seconds
Platform modules already initialized, skipping
Refreshing native plugins compatible for Editor in 0.95 ms, found 1 plugins.
Preloading 0 native plugins for Editor in 0.00 ms.
Unloading 1834 Unused Serialized files (Serialized files now loaded: 0)
System memory in use before: 85.9 MB.
System memory in use after: 85.9 MB.

Unloading 15 unused Assets to reduce memory usage. Loaded Objects now: 2318.
Total: 6.241100 ms (FindLiveObjects: 0.869800 ms CreateObjectMapping: 0.144700 ms MarkObjects: 4.983000 ms  DeleteObjects: 0.240700 ms)

========================================================================
Received Prepare
Registering precompiled user dll's ...
Registered in 0.003422 seconds.
Begin MonoManager ReloadAssembly
Native extension for WindowsStandalone target not found
Native extension for OSXStandalone target not found
Native extension for WebGL target not found
Refreshing native plugins compatible for Editor in 0.53 ms, found 1 plugins.
Preloading 0 native plugins for Editor in 0.00 ms.
Invoked RoslynAnalysisRunner static constructor.
RoslynAnalysisRunner will not be running.
RoslynAnalysisRunner has terminated.
Mono: successfully reloaded assembly
- Completed reload, in  1.460 seconds
Platform modules already initialized, skipping
Refreshing native plugins compatible for Editor in 0.62 ms, found 1 plugins.
Preloading 0 native plugins for Editor in 0.00 ms.
Unloading 1834 Unused Serialized files (Serialized files now loaded: 0)
System memory in use before: 85.9 MB.
System memory in use after: 85.9 MB.

Unloading 15 unused Assets to reduce memory usage. Loaded Objects now: 2322.
Total: 5.884200 ms (FindLiveObjects: 0.630400 ms CreateObjectMapping: 0.291700 ms MarkObjects: 4.810000 ms  DeleteObjects: 0.149400 ms)

========================================================================
Received Import Request.
  Time since last request: 5730.131812 seconds.
  path: Assets/Client/Scripts/SceneLoader.cs
  artifactKey: Guid(2a791f8fa15cf5d44a2123bb5854a106) Importer(815301076,1909f56bfc062723c751e8b465ee728b)
Start importing Assets/Client/Scripts/SceneLoader.cs using Guid(2a791f8fa15cf5d44a2123bb5854a106) Importer(815301076,1909f56bfc062723c751e8b465ee728b)  -> (artifact id: '1be9c0e1412e732a8c3d8f1a2ae1b093') in 0.049214 seconds
  Import took 0.115733 seconds .

========================================================================
Received Import Request.
  Time since last request: 0.150847 seconds.
  path: Assets/Client/Scripts/StaticStats.cs
  artifactKey: Guid(8533a7b0591ebad42a5a44ecf9986a1b) Importer(815301076,1909f56bfc062723c751e8b465ee728b)
Start importing Assets/Client/Scripts/StaticStats.cs using Guid(8533a7b0591ebad42a5a44ecf9986a1b) Importer(815301076,1909f56bfc062723c751e8b465ee728b)  -> (artifact id: '8c9eb8cfa709d7e9d9ad2c1915cf4815') in 0.043156 seconds
  Import took 0.079458 seconds .

========================================================================
Received Import Request.
  Time since last request: 2.139980 seconds.
  path: Assets/Client/Scripts/Overworld/GameManager.cs
  artifactKey: Guid(816bad237cf009e42b2ba6fe01c7aabe) Importer(815301076,1909f56bfc062723c751e8b465ee728b)
Start importing Assets/Client/Scripts/Overworld/GameManager.cs using Guid(816bad237cf009e42b2ba6fe01c7aabe) Importer(815301076,1909f56bfc062723c751e8b465ee728b)  -> (artifact id: '4e6e3870a4c8da5ed54074e65b01cfe9') in 0.022331 seconds
  Import took 0.067861 seconds .

========================================================================
Received Import Request.
  Time since last request: 2.939856 seconds.
  path: Assets/Client/Scripts/Overworld/PlayerController.cs
  artifactKey: Guid(984b0d74813bdbd43b5e8b92c92d44a1) Importer(815301076,1909f56bfc062723c751e8b465ee728b)
Start importing Assets/Client/Scripts/Overworld/PlayerController.cs using Guid(984b0d74813bdbd43b5e8b92c92d44a1) Importer(815301076,1909f56bfc062723c751e8b465ee728b)  -> (artifact id: '5a5fc88993ecdf4c8c3a416d334fcd86') in 0.046684 seconds
  Import took 0.060430 seconds .

========================================================================
Received Import Request.
  Time since last request: 0.399382 seconds.
  path: Assets/Client/Scripts/Overworld/ZombieController.cs
  artifactKey: Guid(2e7869e717a49c9429ef9e35c84bc0e5) Importer(815301076,1909f56bfc062723c751e8b465ee728b)
Start importing Assets/Client/Scripts/Overworld/ZombieController.cs using Guid(2e7869e717a49c9429ef9e35c84bc0e5) Importer(815301076,1909f56bfc062723c751e8b465ee728b)  -> (artifact id: 'cd684fe8a222ca1e1b51899de0d0b350') in 0.069153 seconds
  Import took 0.101703 seconds .

