Using pre-set license
Built from '2020.2/staging' branch; Version is '2020.2.7f1 (c53830e277f1) revision 12924976'; Using compiler version '192528614'; Build Type 'Release'
OS: 'Windows 10 Pro; OS build 19044.1645; Version 2009; 64bit' Language: 'en' Physical Memory: 8064 MB
BatchMode: 1, IsHumanControllingUs: 0, StartBugReporterOnCrash: 0, Is64bit: 1, IsPro: 0

 COMMAND LINE ARGUMENTS:
C:\Program Files\Unity\Hub\Editor\2020.2.7f1\Editor\Unity.exe
-adb2
-batchMode
-noUpm
-name
AssetImportWorker1
-projectPath
E:/Games/GitHub/Zombieversity/Zombieversity
-logFile
Logs/AssetImportWorker1.log
-srvPort
49640
Successfully changed project path to: E:/Games/GitHub/Zombieversity/Zombieversity
E:/Games/GitHub/Zombieversity/Zombieversity
Using Asset Import Pipeline V2.
Refreshing native plugins compatible for Editor in 60.16 ms, found 1 plugins.
Preloading 0 native plugins for Editor in 0.00 ms.
Initialize engine version: 2020.2.7f1 (c53830e277f1)
[Subsystems] Discovering subsystems at path C:/Program Files/Unity/Hub/Editor/2020.2.7f1/Editor/Data/Resources/UnitySubsystems
[Subsystems] Discovering subsystems at path E:/Games/GitHub/Zombieversity/Zombieversity/Assets
GfxDevice: creating device client; threaded=0
Direct3D:
    Version:  Direct3D 11.0 [level 11.1]
    Renderer: Intel(R) HD Graphics Family (ID=0xa16)
    Vendor:   
    VRAM:     2048 MB
    Driver:   20.19.15.5126
Initialize mono
Mono path[0] = 'C:/Program Files/Unity/Hub/Editor/2020.2.7f1/Editor/Data/Managed'
Mono path[1] = 'C:/Program Files/Unity/Hub/Editor/2020.2.7f1/Editor/Data/MonoBleedingEdge/lib/mono/unityjit'
Mono config path = 'C:/Program Files/Unity/Hub/Editor/2020.2.7f1/Editor/Data/MonoBleedingEdge/etc'
Using monoOptions --debugger-agent=transport=dt_socket,embedding=1,server=y,suspend=n,address=127.0.0.1:56340
Begin MonoManager ReloadAssembly
Registering precompiled unity dll's ...
Register platform support module: C:/Program Files/Unity/Hub/Editor/2020.2.7f1/Editor/Data/PlaybackEngines/WebGLSupport/UnityEditor.WebGL.Extensions.dll
Register platform support module: C:/Program Files/Unity/Hub/Editor/2020.2.7f1/Editor/Data/PlaybackEngines/MacStandaloneSupport/UnityEditor.OSXStandalone.Extensions.dll
Register platform support module: C:/Program Files/Unity/Hub/Editor/2020.2.7f1/Editor/Data/PlaybackEngines/WindowsStandaloneSupport/UnityEditor.WindowsStandalone.Extensions.dll
Registered in 0.007347 seconds.
Native extension for WindowsStandalone target not found
Native extension for OSXStandalone target not found
Native extension for WebGL target not found
Refreshing native plugins compatible for Editor in 53.04 ms, found 1 plugins.
Preloading 0 native plugins for Editor in 0.00 ms.
Invoked RoslynAnalysisRunner static constructor.
RoslynAnalysisRunner will not be running.
RoslynAnalysisRunner has terminated.
Mono: successfully reloaded assembly
- Completed reload, in  2.582 seconds
Platform modules already initialized, skipping
Registering precompiled user dll's ...
Registered in 0.061051 seconds.
Begin MonoManager ReloadAssembly
Native extension for WindowsStandalone target not found
Native extension for OSXStandalone target not found
Native extension for WebGL target not found
Refreshing native plugins compatible for Editor in 55.46 ms, found 1 plugins.
Preloading 0 native plugins for Editor in 0.00 ms.
Invoked RoslynAnalysisRunner static constructor.
RoslynAnalysisRunner will not be running.
RoslynAnalysisRunner has terminated.
Mono: successfully reloaded assembly
- Completed reload, in  2.149 seconds
Platform modules already initialized, skipping
========================================================================
Worker process is ready to serve import requests
Launched and connected shader compiler UnityShaderCompiler.exe after 0.55 seconds
Refreshing native plugins compatible for Editor in 0.84 ms, found 1 plugins.
Preloading 0 native plugins for Editor in 0.00 ms.
Unloading 1834 Unused Serialized files (Serialized files now loaded: 0)
System memory in use before: 85.7 MB.
System memory in use after: 85.7 MB.

Unloading 27 unused Assets to reduce memory usage. Loaded Objects now: 2281.
Total: 11.221000 ms (FindLiveObjects: 0.297400 ms CreateObjectMapping: 0.156200 ms MarkObjects: 10.030600 ms  DeleteObjects: 0.733700 ms)

========================================================================
Received Import Request.
  path: Assets/Client/Animations/CrossFade_Startup.anim
  artifactKey: Guid(3982c40098f7ccd429323e16dc60bc78) Importer(815301076,1909f56bfc062723c751e8b465ee728b)
Start importing Assets/Client/Animations/CrossFade_Startup.anim using Guid(3982c40098f7ccd429323e16dc60bc78) Importer(815301076,1909f56bfc062723c751e8b465ee728b)  -> (artifact id: 'f2ff3d8222036cb28ec7758f804950dd') in 0.192674 seconds
  Import took 0.222588 seconds .

========================================================================
Received Import Request.
  Time since last request: 0.000431 seconds.
  path: Assets/Client/Animations/CrossFade.controller
  artifactKey: Guid(108b5a6db90cef94099f77f294979d66) Importer(815301076,1909f56bfc062723c751e8b465ee728b)
Start importing Assets/Client/Animations/CrossFade.controller using Guid(108b5a6db90cef94099f77f294979d66) Importer(815301076,1909f56bfc062723c751e8b465ee728b)  -> (artifact id: '34438f83d411a10d20becd4a9db88de5') in 0.039088 seconds
  Import took 0.071257 seconds .

========================================================================
Received Import Request.
  Time since last request: 0.000355 seconds.
  path: Assets/Client/Animations/CrossFade_End.anim
  artifactKey: Guid(3cdf7aa9f075e45438339e6e12b7a69b) Importer(815301076,1909f56bfc062723c751e8b465ee728b)
Start importing Assets/Client/Animations/CrossFade_End.anim using Guid(3cdf7aa9f075e45438339e6e12b7a69b) Importer(815301076,1909f56bfc062723c751e8b465ee728b)  -> (artifact id: '7886a14965ded6117eae7d315c3fbb35') in 0.011942 seconds
  Import took 0.054705 seconds .

========================================================================
Received Prepare
Registering precompiled user dll's ...
Registered in 0.032924 seconds.
Begin MonoManager ReloadAssembly
Native extension for WindowsStandalone target not found
Native extension for OSXStandalone target not found
Native extension for WebGL target not found
Refreshing native plugins compatible for Editor in 0.53 ms, found 1 plugins.
Preloading 0 native plugins for Editor in 0.00 ms.
Invoked RoslynAnalysisRunner static constructor.
RoslynAnalysisRunner will not be running.
RoslynAnalysisRunner has terminated.
Mono: successfully reloaded assembly
- Completed reload, in  4.520 seconds
Platform modules already initialized, skipping
Refreshing native plugins compatible for Editor in 0.82 ms, found 1 plugins.
Preloading 0 native plugins for Editor in 0.00 ms.
Unloading 1830 Unused Serialized files (Serialized files now loaded: 0)
System memory in use before: 85.7 MB.
System memory in use after: 85.7 MB.

Unloading 15 unused Assets to reduce memory usage. Loaded Objects now: 2286.
Total: 5.123900 ms (FindLiveObjects: 0.351000 ms CreateObjectMapping: 0.106900 ms MarkObjects: 4.503200 ms  DeleteObjects: 0.159500 ms)

========================================================================
Received Prepare
Registering precompiled user dll's ...
Registered in 0.048188 seconds.
Begin MonoManager ReloadAssembly
Native extension for WindowsStandalone target not found
Native extension for OSXStandalone target not found
Native extension for WebGL target not found
Refreshing native plugins compatible for Editor in 0.67 ms, found 1 plugins.
Preloading 0 native plugins for Editor in 0.00 ms.
Invoked RoslynAnalysisRunner static constructor.
RoslynAnalysisRunner will not be running.
RoslynAnalysisRunner has terminated.
Mono: successfully reloaded assembly
- Completed reload, in  2.280 seconds
Platform modules already initialized, skipping
Refreshing native plugins compatible for Editor in 0.78 ms, found 1 plugins.
Preloading 0 native plugins for Editor in 0.00 ms.
Unloading 1830 Unused Serialized files (Serialized files now loaded: 0)
System memory in use before: 85.7 MB.
System memory in use after: 85.7 MB.

Unloading 15 unused Assets to reduce memory usage. Loaded Objects now: 2290.
Total: 5.095100 ms (FindLiveObjects: 0.328100 ms CreateObjectMapping: 0.159800 ms MarkObjects: 4.446400 ms  DeleteObjects: 0.158900 ms)

========================================================================
Received Import Request.
  Time since last request: 1053.691726 seconds.
  path: Assets/Client/Scenes/Battle.unity
  artifactKey: Guid(2cda990e2423bbf4892e6590ba056729) Importer(815301076,1909f56bfc062723c751e8b465ee728b)
Start importing Assets/Client/Scenes/Battle.unity using Guid(2cda990e2423bbf4892e6590ba056729) Importer(815301076,1909f56bfc062723c751e8b465ee728b)  -> (artifact id: '6f4bef8507aaecb09370f48ce012ba45') in 0.066508 seconds
  Import took 0.145031 seconds .

========================================================================
Received Import Request.
  Time since last request: 14.054124 seconds.
  path: Assets/Client/Prefabs/SceneLoader.prefab
  artifactKey: Guid(6e34db90a9f55d446ba3838d6a1263ae) Importer(815301076,1909f56bfc062723c751e8b465ee728b)
Start importing Assets/Client/Prefabs/SceneLoader.prefab using Guid(6e34db90a9f55d446ba3838d6a1263ae) Importer(815301076,1909f56bfc062723c751e8b465ee728b)  -> (artifact id: '7bbe08e0e9c52b9918015e7071c5710c') in 0.071857 seconds
  Import took 0.091848 seconds .

========================================================================
Received Prepare
Registering precompiled user dll's ...
Registered in 0.003930 seconds.
Begin MonoManager ReloadAssembly
Native extension for WindowsStandalone target not found
Native extension for OSXStandalone target not found
Native extension for WebGL target not found
Refreshing native plugins compatible for Editor in 0.49 ms, found 1 plugins.
Preloading 0 native plugins for Editor in 0.00 ms.
Invoked RoslynAnalysisRunner static constructor.
RoslynAnalysisRunner will not be running.
RoslynAnalysisRunner has terminated.
Mono: successfully reloaded assembly
- Completed reload, in  1.682 seconds
Platform modules already initialized, skipping
Refreshing native plugins compatible for Editor in 0.82 ms, found 1 plugins.
Preloading 0 native plugins for Editor in 0.00 ms.
Unloading 1830 Unused Serialized files (Serialized files now loaded: 0)
System memory in use before: 85.8 MB.
System memory in use after: 85.8 MB.

Unloading 15 unused Assets to reduce memory usage. Loaded Objects now: 2294.
Total: 5.330400 ms (FindLiveObjects: 0.485300 ms CreateObjectMapping: 0.152100 ms MarkObjects: 4.539900 ms  DeleteObjects: 0.151300 ms)

========================================================================
Received Import Request.
  Time since last request: 89.782615 seconds.
  path: Assets/Client/Scenes/Overworld.unity
  artifactKey: Guid(465c18f7b2846db42a7b38f282a0947e) Importer(815301076,1909f56bfc062723c751e8b465ee728b)
Start importing Assets/Client/Scenes/Overworld.unity using Guid(465c18f7b2846db42a7b38f282a0947e) Importer(815301076,1909f56bfc062723c751e8b465ee728b)  -> (artifact id: 'f9e67996bfea9cc6e9755b54f61812a4') in 0.072446 seconds
  Import took 0.099107 seconds .

========================================================================
Received Import Request.
  Time since last request: 27.946104 seconds.
  path: Assets/Client/Scenes/Battle.unity
  artifactKey: Guid(2cda990e2423bbf4892e6590ba056729) Importer(815301076,1909f56bfc062723c751e8b465ee728b)
Start importing Assets/Client/Scenes/Battle.unity using Guid(2cda990e2423bbf4892e6590ba056729) Importer(815301076,1909f56bfc062723c751e8b465ee728b)  -> (artifact id: 'f92cfebdc446d000d92cb3663db026c9') in 0.030642 seconds
  Import took 0.035867 seconds .

========================================================================
Received Import Request.
  Time since last request: 6.246222 seconds.
  path: Assets/Client/Scenes/Battle.unity
  artifactKey: Guid(2cda990e2423bbf4892e6590ba056729) Importer(815301076,1909f56bfc062723c751e8b465ee728b)
Start importing Assets/Client/Scenes/Battle.unity using Guid(2cda990e2423bbf4892e6590ba056729) Importer(815301076,1909f56bfc062723c751e8b465ee728b)  -> (artifact id: 'e80a14d97fc6f7c2ff5f5a29efc0b997') in 0.008779 seconds
  Import took 0.034946 seconds .

========================================================================
Received Import Request.
  Time since last request: 0.651428 seconds.
  path: Assets/Client/Scenes/Overworld.unity
  artifactKey: Guid(465c18f7b2846db42a7b38f282a0947e) Importer(815301076,1909f56bfc062723c751e8b465ee728b)
Start importing Assets/Client/Scenes/Overworld.unity using Guid(465c18f7b2846db42a7b38f282a0947e) Importer(815301076,1909f56bfc062723c751e8b465ee728b)  -> (artifact id: '8c0d65caee572fdd1299f0f0b61d3e65') in 0.008525 seconds
  Import took 0.089751 seconds .

========================================================================
Received Import Request.
  Time since last request: 105.474419 seconds.
  path: Assets/Client/Prefabs/SceneLoader.prefab
  artifactKey: Guid(6e34db90a9f55d446ba3838d6a1263ae) Importer(815301076,1909f56bfc062723c751e8b465ee728b)
Start importing Assets/Client/Prefabs/SceneLoader.prefab using Guid(6e34db90a9f55d446ba3838d6a1263ae) Importer(815301076,1909f56bfc062723c751e8b465ee728b)  -> (artifact id: '60f036cc23dee76375ac27993baafa4d') in 0.055196 seconds
  Import took 0.133590 seconds .

========================================================================
Received Import Request.
  Time since last request: 5.361714 seconds.
  path: Assets/Client/Prefabs/SceneLoader.prefab
  artifactKey: Guid(6e34db90a9f55d446ba3838d6a1263ae) Importer(815301076,1909f56bfc062723c751e8b465ee728b)
Start importing Assets/Client/Prefabs/SceneLoader.prefab using Guid(6e34db90a9f55d446ba3838d6a1263ae) Importer(815301076,1909f56bfc062723c751e8b465ee728b)  -> (artifact id: 'f6dc9663c8aa7e9e0be463523cfd06d1') in 0.085973 seconds
  Import took 0.132518 seconds .

========================================================================
Received Import Request.
  Time since last request: 0.810419 seconds.
  path: Assets/Client/Prefabs/SceneLoader.prefab
  artifactKey: Guid(6e34db90a9f55d446ba3838d6a1263ae) Importer(815301076,1909f56bfc062723c751e8b465ee728b)
Start importing Assets/Client/Prefabs/SceneLoader.prefab using Guid(6e34db90a9f55d446ba3838d6a1263ae) Importer(815301076,1909f56bfc062723c751e8b465ee728b)  -> (artifact id: '0fb10b4c7662236091c56afdcacee5e6') in 0.016331 seconds
  Import took 0.048522 seconds .

========================================================================
Received Import Request.
  Time since last request: 8.057298 seconds.
  path: Assets/Client/Prefabs/SceneLoader.prefab
  artifactKey: Guid(6e34db90a9f55d446ba3838d6a1263ae) Importer(815301076,1909f56bfc062723c751e8b465ee728b)
Start importing Assets/Client/Prefabs/SceneLoader.prefab using Guid(6e34db90a9f55d446ba3838d6a1263ae) Importer(815301076,1909f56bfc062723c751e8b465ee728b)  -> (artifact id: '4b4b30331687ed7f85d33da5a3e59c66') in 0.034974 seconds
  Import took 0.084689 seconds .

========================================================================
Received Import Request.
  Time since last request: 10.044509 seconds.
  path: Assets/Client/Prefabs/SceneLoader.prefab
  artifactKey: Guid(6e34db90a9f55d446ba3838d6a1263ae) Importer(815301076,1909f56bfc062723c751e8b465ee728b)
Start importing Assets/Client/Prefabs/SceneLoader.prefab using Guid(6e34db90a9f55d446ba3838d6a1263ae) Importer(815301076,1909f56bfc062723c751e8b465ee728b)  -> (artifact id: '7d48f726fcce0d41f52660be63f92cd1') in 0.025840 seconds
  Import took 0.148283 seconds .

========================================================================
Received Import Request.
  Time since last request: 234.090176 seconds.
  path: Assets/Client/Images/WhiteCircle-removebg-preview.png
  artifactKey: Guid(6d3e2f9af0d58af46939d4184a844e35) Importer(815301076,1909f56bfc062723c751e8b465ee728b)
Start importing Assets/Client/Images/WhiteCircle-removebg-preview.png using Guid(6d3e2f9af0d58af46939d4184a844e35) Importer(815301076,1909f56bfc062723c751e8b465ee728b)  -> (artifact id: '84aec32c09bdce229a167ae7dd499500') in 1.239677 seconds
  Import took 1.271861 seconds .

========================================================================
Received Import Request.
  Time since last request: 358.305022 seconds.
  path: Assets/Client/Animations/CircleWipe_End.anim
  artifactKey: Guid(2b2895897cf02ad41adb73101195a834) Importer(815301076,1909f56bfc062723c751e8b465ee728b)
Start importing Assets/Client/Animations/CircleWipe_End.anim using Guid(2b2895897cf02ad41adb73101195a834) Importer(815301076,1909f56bfc062723c751e8b465ee728b)  -> (artifact id: '1896baa4a01486ec0b109b5e5c329555') in 0.187133 seconds
  Import took 0.223973 seconds .

========================================================================
Received Import Request.
  Time since last request: 1.460881 seconds.
  path: Assets/Client/Animations/CircleWipe_Start.anim
  artifactKey: Guid(8005970f53ec21d4d93fc904cf2ecb57) Importer(815301076,1909f56bfc062723c751e8b465ee728b)
Start importing Assets/Client/Animations/CircleWipe_Start.anim using Guid(8005970f53ec21d4d93fc904cf2ecb57) Importer(815301076,1909f56bfc062723c751e8b465ee728b)  -> (artifact id: 'c1701dbae7b1ba450e0bdd19dc270ba5') in 0.050276 seconds
  Import took 0.080477 seconds .

========================================================================
Received Import Request.
  Time since last request: 7.621259 seconds.
  path: Assets/Client/Animations/CrossFade.controller
  artifactKey: Guid(108b5a6db90cef94099f77f294979d66) Importer(815301076,1909f56bfc062723c751e8b465ee728b)
Start importing Assets/Client/Animations/CrossFade.controller using Guid(108b5a6db90cef94099f77f294979d66) Importer(815301076,1909f56bfc062723c751e8b465ee728b)  -> (artifact id: '4f4b3b2751f081cbf5737a213dd651dc') in 0.204709 seconds
  Import took 0.254539 seconds .

========================================================================
Received Import Request.
  Time since last request: 51.210836 seconds.
  path: Assets/Client/Animations/New Animator Override Controller.overrideController
  artifactKey: Guid(b96b9336d1da908429bc45940113d5d3) Importer(815301076,1909f56bfc062723c751e8b465ee728b)
Start importing Assets/Client/Animations/New Animator Override Controller.overrideController using Guid(b96b9336d1da908429bc45940113d5d3) Importer(815301076,1909f56bfc062723c751e8b465ee728b)  -> (artifact id: '10716b2c6e8c3a7ab602a6ff816be1f3') in 0.109079 seconds
  Import took 0.166786 seconds .

========================================================================
Received Import Request.
  Time since last request: 5.390093 seconds.
  path: Assets/Client/Animations/CircleWipe.overrideController
  artifactKey: Guid(b96b9336d1da908429bc45940113d5d3) Importer(815301076,1909f56bfc062723c751e8b465ee728b)
Start importing Assets/Client/Animations/CircleWipe.overrideController using Guid(b96b9336d1da908429bc45940113d5d3) Importer(815301076,1909f56bfc062723c751e8b465ee728b)  -> (artifact id: '00715d7b94db55835f16e1770bd30255') in 0.039568 seconds
  Import took 0.052946 seconds .

========================================================================
Received Prepare
Registering precompiled user dll's ...
Registered in 0.019846 seconds.
Begin MonoManager ReloadAssembly
Native extension for WindowsStandalone target not found
Native extension for OSXStandalone target not found
Native extension for WebGL target not found
Refreshing native plugins compatible for Editor in 0.65 ms, found 1 plugins.
Preloading 0 native plugins for Editor in 0.00 ms.
Invoked RoslynAnalysisRunner static constructor.
RoslynAnalysisRunner will not be running.
RoslynAnalysisRunner has terminated.
Mono: successfully reloaded assembly
- Completed reload, in  2.590 seconds
Platform modules already initialized, skipping
Refreshing native plugins compatible for Editor in 0.83 ms, found 1 plugins.
Preloading 0 native plugins for Editor in 0.00 ms.
Unloading 1830 Unused Serialized files (Serialized files now loaded: 0)
System memory in use before: 88.9 MB.
System memory in use after: 88.9 MB.

Unloading 15 unused Assets to reduce memory usage. Loaded Objects now: 2304.
Total: 5.059900 ms (FindLiveObjects: 0.296300 ms CreateObjectMapping: 0.136300 ms MarkObjects: 4.472300 ms  DeleteObjects: 0.152200 ms)

========================================================================
Received Prepare
Registering precompiled user dll's ...
Registered in 0.003157 seconds.
Begin MonoManager ReloadAssembly
Native extension for WindowsStandalone target not found
Native extension for OSXStandalone target not found
Native extension for WebGL target not found
Refreshing native plugins compatible for Editor in 0.49 ms, found 1 plugins.
Preloading 0 native plugins for Editor in 0.00 ms.
Invoked RoslynAnalysisRunner static constructor.
RoslynAnalysisRunner will not be running.
RoslynAnalysisRunner has terminated.
Mono: successfully reloaded assembly
- Completed reload, in  1.296 seconds
Platform modules already initialized, skipping
Refreshing native plugins compatible for Editor in 0.88 ms, found 1 plugins.
Preloading 0 native plugins for Editor in 0.00 ms.
Unloading 1830 Unused Serialized files (Serialized files now loaded: 0)
System memory in use before: 89.0 MB.
System memory in use after: 88.9 MB.

Unloading 15 unused Assets to reduce memory usage. Loaded Objects now: 2308.
Total: 5.746300 ms (FindLiveObjects: 0.359300 ms CreateObjectMapping: 0.429700 ms MarkObjects: 4.752600 ms  DeleteObjects: 0.201500 ms)

========================================================================
Received Prepare
Registering precompiled user dll's ...
Registered in 0.007168 seconds.
Begin MonoManager ReloadAssembly
Native extension for WindowsStandalone target not found
Native extension for OSXStandalone target not found
Native extension for WebGL target not found
Refreshing native plugins compatible for Editor in 0.50 ms, found 1 plugins.
Preloading 0 native plugins for Editor in 0.00 ms.
Invoked RoslynAnalysisRunner static constructor.
RoslynAnalysisRunner will not be running.
RoslynAnalysisRunner has terminated.
Mono: successfully reloaded assembly
- Completed reload, in  1.650 seconds
Platform modules already initialized, skipping
Refreshing native plugins compatible for Editor in 1.24 ms, found 1 plugins.
Preloading 0 native plugins for Editor in 0.00 ms.
Unloading 1830 Unused Serialized files (Serialized files now loaded: 0)
System memory in use before: 89.0 MB.
System memory in use after: 89.0 MB.

Unloading 15 unused Assets to reduce memory usage. Loaded Objects now: 2312.
Total: 6.598000 ms (FindLiveObjects: 0.514500 ms CreateObjectMapping: 0.217500 ms MarkObjects: 5.691700 ms  DeleteObjects: 0.171100 ms)

========================================================================
Received Prepare
Registering precompiled user dll's ...
Registered in 0.005073 seconds.
Begin MonoManager ReloadAssembly
Native extension for WindowsStandalone target not found
Native extension for OSXStandalone target not found
Native extension for WebGL target not found
Refreshing native plugins compatible for Editor in 0.50 ms, found 1 plugins.
Preloading 0 native plugins for Editor in 0.00 ms.
Invoked RoslynAnalysisRunner static constructor.
RoslynAnalysisRunner will not be running.
RoslynAnalysisRunner has terminated.
Mono: successfully reloaded assembly
- Completed reload, in  1.624 seconds
Platform modules already initialized, skipping
Refreshing native plugins compatible for Editor in 1.19 ms, found 1 plugins.
Preloading 0 native plugins for Editor in 0.00 ms.
Unloading 1830 Unused Serialized files (Serialized files now loaded: 0)
System memory in use before: 89.0 MB.
System memory in use after: 89.0 MB.

Unloading 15 unused Assets to reduce memory usage. Loaded Objects now: 2316.
Total: 8.417400 ms (FindLiveObjects: 0.550400 ms CreateObjectMapping: 0.227100 ms MarkObjects: 7.464300 ms  DeleteObjects: 0.172000 ms)

========================================================================
Received Prepare
Registering precompiled user dll's ...
Registered in 0.003327 seconds.
Begin MonoManager ReloadAssembly
Native extension for WindowsStandalone target not found
Native extension for OSXStandalone target not found
Native extension for WebGL target not found
Refreshing native plugins compatible for Editor in 0.76 ms, found 1 plugins.
Preloading 0 native plugins for Editor in 0.00 ms.
Invoked RoslynAnalysisRunner static constructor.
RoslynAnalysisRunner will not be running.
RoslynAnalysisRunner has terminated.
Mono: successfully reloaded assembly
- Completed reload, in  1.540 seconds
Platform modules already initialized, skipping
Refreshing native plugins compatible for Editor in 0.79 ms, found 1 plugins.
Preloading 0 native plugins for Editor in 0.00 ms.
Unloading 1830 Unused Serialized files (Serialized files now loaded: 0)
System memory in use before: 89.0 MB.
System memory in use after: 89.0 MB.

Unloading 15 unused Assets to reduce memory usage. Loaded Objects now: 2320.
Total: 5.020200 ms (FindLiveObjects: 0.280600 ms CreateObjectMapping: 0.151100 ms MarkObjects: 4.436400 ms  DeleteObjects: 0.150300 ms)

========================================================================
Received Prepare
Registering precompiled user dll's ...
Registered in 0.003391 seconds.
Begin MonoManager ReloadAssembly
Native extension for WindowsStandalone target not found
Native extension for OSXStandalone target not found
Native extension for WebGL target not found
Refreshing native plugins compatible for Editor in 0.49 ms, found 1 plugins.
Preloading 0 native plugins for Editor in 0.00 ms.
Invoked RoslynAnalysisRunner static constructor.
RoslynAnalysisRunner will not be running.
RoslynAnalysisRunner has terminated.
Mono: successfully reloaded assembly
- Completed reload, in  1.607 seconds
Platform modules already initialized, skipping
Refreshing native plugins compatible for Editor in 1.33 ms, found 1 plugins.
Preloading 0 native plugins for Editor in 0.00 ms.
Unloading 1830 Unused Serialized files (Serialized files now loaded: 0)
System memory in use before: 89.0 MB.
System memory in use after: 89.0 MB.

Unloading 15 unused Assets to reduce memory usage. Loaded Objects now: 2324.
Total: 5.538800 ms (FindLiveObjects: 0.307200 ms CreateObjectMapping: 0.134700 ms MarkObjects: 4.913000 ms  DeleteObjects: 0.180900 ms)

========================================================================
Received Import Request.
  Time since last request: 397.656920 seconds.
  path: Assets/Client/Scenes/Overworld.unity
  artifactKey: Guid(465c18f7b2846db42a7b38f282a0947e) Importer(815301076,1909f56bfc062723c751e8b465ee728b)
Start importing Assets/Client/Scenes/Overworld.unity using Guid(465c18f7b2846db42a7b38f282a0947e) Importer(815301076,1909f56bfc062723c751e8b465ee728b)  -> (artifact id: 'e4908ae05f1f0a72d7d01ecd7cdc0360') in 0.044731 seconds
  Import took 0.068731 seconds .

========================================================================
Received Import Request.
  Time since last request: 18.105088 seconds.
  path: Assets/Client/Prefabs/SceneLoader.prefab
  artifactKey: Guid(6e34db90a9f55d446ba3838d6a1263ae) Importer(815301076,1909f56bfc062723c751e8b465ee728b)
Start importing Assets/Client/Prefabs/SceneLoader.prefab using Guid(6e34db90a9f55d446ba3838d6a1263ae) Importer(815301076,1909f56bfc062723c751e8b465ee728b)  -> (artifact id: '115ef0cf35c9f3ebc3bdb7d26e7f69df') in 0.035965 seconds
  Import took 0.055484 seconds .

========================================================================
Received Prepare
Registering precompiled user dll's ...
Registered in 0.003165 seconds.
Begin MonoManager ReloadAssembly
Native extension for WindowsStandalone target not found
Native extension for OSXStandalone target not found
Native extension for WebGL target not found
Refreshing native plugins compatible for Editor in 0.54 ms, found 1 plugins.
Preloading 0 native plugins for Editor in 0.00 ms.
Invoked RoslynAnalysisRunner static constructor.
RoslynAnalysisRunner will not be running.
RoslynAnalysisRunner has terminated.
Mono: successfully reloaded assembly
- Completed reload, in  1.889 seconds
Platform modules already initialized, skipping
Refreshing native plugins compatible for Editor in 0.83 ms, found 1 plugins.
Preloading 0 native plugins for Editor in 0.00 ms.
Unloading 1830 Unused Serialized files (Serialized files now loaded: 0)
System memory in use before: 89.0 MB.
System memory in use after: 89.0 MB.

Unloading 15 unused Assets to reduce memory usage. Loaded Objects now: 2328.
Total: 6.777300 ms (FindLiveObjects: 1.410300 ms CreateObjectMapping: 0.209800 ms MarkObjects: 4.984600 ms  DeleteObjects: 0.170200 ms)

========================================================================
Received Prepare
Registering precompiled user dll's ...
Registered in 0.004812 seconds.
Begin MonoManager ReloadAssembly
Native extension for WindowsStandalone target not found
Native extension for OSXStandalone target not found
Native extension for WebGL target not found
Refreshing native plugins compatible for Editor in 0.54 ms, found 1 plugins.
Preloading 0 native plugins for Editor in 0.00 ms.
Invoked RoslynAnalysisRunner static constructor.
RoslynAnalysisRunner will not be running.
RoslynAnalysisRunner has terminated.
Mono: successfully reloaded assembly
- Completed reload, in  1.763 seconds
Platform modules already initialized, skipping
Refreshing native plugins compatible for Editor in 0.90 ms, found 1 plugins.
Preloading 0 native plugins for Editor in 0.00 ms.
Unloading 1830 Unused Serialized files (Serialized files now loaded: 0)
System memory in use before: 89.0 MB.
System memory in use after: 89.0 MB.

Unloading 15 unused Assets to reduce memory usage. Loaded Objects now: 2332.
Total: 5.433600 ms (FindLiveObjects: 0.243500 ms CreateObjectMapping: 0.100600 ms MarkObjects: 4.935800 ms  DeleteObjects: 0.152200 ms)

========================================================================
Received Import Request.
  Time since last request: 129.593078 seconds.
  path: Assets/Client/Scenes/Battle.unity
  artifactKey: Guid(2cda990e2423bbf4892e6590ba056729) Importer(815301076,1909f56bfc062723c751e8b465ee728b)
Start importing Assets/Client/Scenes/Battle.unity using Guid(2cda990e2423bbf4892e6590ba056729) Importer(815301076,1909f56bfc062723c751e8b465ee728b)  -> (artifact id: 'b4a9de7d6105b425507e0de3b3223485') in 0.060800 seconds
  Import took 0.171696 seconds .

========================================================================
Received Import Request.
  Time since last request: 9.987547 seconds.
  path: Assets/Client/Scenes/Battle.unity
  artifactKey: Guid(2cda990e2423bbf4892e6590ba056729) Importer(815301076,1909f56bfc062723c751e8b465ee728b)
Start importing Assets/Client/Scenes/Battle.unity using Guid(2cda990e2423bbf4892e6590ba056729) Importer(815301076,1909f56bfc062723c751e8b465ee728b)  -> (artifact id: 'b20a88b4d9f678efe35dd23bc1c1984e') in 0.011210 seconds
  Import took 0.086660 seconds .

========================================================================
Received Import Request.
  Time since last request: 0.310833 seconds.
  path: Assets/Client/Scenes/Overworld.unity
  artifactKey: Guid(465c18f7b2846db42a7b38f282a0947e) Importer(815301076,1909f56bfc062723c751e8b465ee728b)
Start importing Assets/Client/Scenes/Overworld.unity using Guid(465c18f7b2846db42a7b38f282a0947e) Importer(815301076,1909f56bfc062723c751e8b465ee728b)  -> (artifact id: '767448f96db444e5900a5eb09d3ccac8') in 0.009086 seconds
  Import took 0.038030 seconds .

========================================================================
Received Prepare
Registering precompiled user dll's ...
Registered in 0.004407 seconds.
Begin MonoManager ReloadAssembly
Native extension for WindowsStandalone target not found
Native extension for OSXStandalone target not found
Native extension for WebGL target not found
Refreshing native plugins compatible for Editor in 0.70 ms, found 1 plugins.
Preloading 0 native plugins for Editor in 0.00 ms.
Invoked RoslynAnalysisRunner static constructor.
RoslynAnalysisRunner will not be running.
RoslynAnalysisRunner has terminated.
Mono: successfully reloaded assembly
- Completed reload, in  1.553 seconds
Platform modules already initialized, skipping
Refreshing native plugins compatible for Editor in 0.81 ms, found 1 plugins.
Preloading 0 native plugins for Editor in 0.00 ms.
Unloading 1830 Unused Serialized files (Serialized files now loaded: 0)
System memory in use before: 89.0 MB.
System memory in use after: 89.0 MB.

Unloading 15 unused Assets to reduce memory usage. Loaded Objects now: 2336.
Total: 6.305600 ms (FindLiveObjects: 1.150700 ms CreateObjectMapping: 0.380200 ms MarkObjects: 4.613300 ms  DeleteObjects: 0.159400 ms)

========================================================================
Received Prepare
Registering precompiled user dll's ...
Registered in 0.007933 seconds.
Begin MonoManager ReloadAssembly
Native extension for WindowsStandalone target not found
Native extension for OSXStandalone target not found
Native extension for WebGL target not found
Refreshing native plugins compatible for Editor in 0.51 ms, found 1 plugins.
Preloading 0 native plugins for Editor in 0.00 ms.
Invoked RoslynAnalysisRunner static constructor.
RoslynAnalysisRunner will not be running.
RoslynAnalysisRunner has terminated.
Mono: successfully reloaded assembly
- Completed reload, in  1.720 seconds
Platform modules already initialized, skipping
Script error: OnTriggerEnter2D
This message parameter has to be of type: Collider2D
The message will be ignored.

Refreshing native plugins compatible for Editor in 0.85 ms, found 1 plugins.
Preloading 0 native plugins for Editor in 0.00 ms.
Unloading 1830 Unused Serialized files (Serialized files now loaded: 0)
System memory in use before: 89.2 MB.
System memory in use after: 89.2 MB.

Unloading 15 unused Assets to reduce memory usage. Loaded Objects now: 2340.
Total: 4.978700 ms (FindLiveObjects: 0.397300 ms CreateObjectMapping: 0.153900 ms MarkObjects: 4.273300 ms  DeleteObjects: 0.152700 ms)

========================================================================
Received Prepare
Registering precompiled user dll's ...
Registered in 0.135308 seconds.
Begin MonoManager ReloadAssembly
Native extension for WindowsStandalone target not found
Native extension for OSXStandalone target not found
Native extension for WebGL target not found
Refreshing native plugins compatible for Editor in 0.53 ms, found 1 plugins.
Preloading 0 native plugins for Editor in 0.00 ms.
Invoked RoslynAnalysisRunner static constructor.
RoslynAnalysisRunner will not be running.
RoslynAnalysisRunner has terminated.
Mono: successfully reloaded assembly
- Completed reload, in  2.819 seconds
Platform modules already initialized, skipping
Script error: OnTriggerEnter2D
This message parameter has to be of type: Collider2D
The message will be ignored.

Refreshing native plugins compatible for Editor in 0.93 ms, found 1 plugins.
Preloading 0 native plugins for Editor in 0.00 ms.
Unloading 1830 Unused Serialized files (Serialized files now loaded: 0)
System memory in use before: 89.2 MB.
System memory in use after: 89.2 MB.

Unloading 15 unused Assets to reduce memory usage. Loaded Objects now: 2344.
Total: 5.894700 ms (FindLiveObjects: 0.549800 ms CreateObjectMapping: 0.267600 ms MarkObjects: 4.918600 ms  DeleteObjects: 0.155600 ms)

========================================================================
Received Prepare
Registering precompiled user dll's ...
Registered in 0.008011 seconds.
Begin MonoManager ReloadAssembly
Native extension for WindowsStandalone target not found
Native extension for OSXStandalone target not found
Native extension for WebGL target not found
Refreshing native plugins compatible for Editor in 0.58 ms, found 1 plugins.
Preloading 0 native plugins for Editor in 0.00 ms.
Invoked RoslynAnalysisRunner static constructor.
RoslynAnalysisRunner will not be running.
RoslynAnalysisRunner has terminated.
Mono: successfully reloaded assembly
- Completed reload, in  1.817 seconds
Platform modules already initialized, skipping
Refreshing native plugins compatible for Editor in 1.91 ms, found 1 plugins.
Preloading 0 native plugins for Editor in 0.00 ms.
Unloading 1830 Unused Serialized files (Serialized files now loaded: 0)
System memory in use before: 89.2 MB.
System memory in use after: 89.2 MB.

Unloading 15 unused Assets to reduce memory usage. Loaded Objects now: 2348.
Total: 8.251300 ms (FindLiveObjects: 1.303000 ms CreateObjectMapping: 1.032800 ms MarkObjects: 5.748100 ms  DeleteObjects: 0.153300 ms)

========================================================================
Received Prepare
Registering precompiled user dll's ...
Registered in 0.137407 seconds.
Begin MonoManager ReloadAssembly
Native extension for WindowsStandalone target not found
Native extension for OSXStandalone target not found
Native extension for WebGL target not found
Refreshing native plugins compatible for Editor in 0.52 ms, found 1 plugins.
Preloading 0 native plugins for Editor in 0.00 ms.
Invoked RoslynAnalysisRunner static constructor.
RoslynAnalysisRunner will not be running.
RoslynAnalysisRunner has terminated.
Mono: successfully reloaded assembly
- Completed reload, in  1.676 seconds
Platform modules already initialized, skipping
Refreshing native plugins compatible for Editor in 1.03 ms, found 1 plugins.
Preloading 0 native plugins for Editor in 0.00 ms.
Unloading 1830 Unused Serialized files (Serialized files now loaded: 0)
System memory in use before: 89.2 MB.
System memory in use after: 89.2 MB.

Unloading 15 unused Assets to reduce memory usage. Loaded Objects now: 2352.
Total: 6.813000 ms (FindLiveObjects: 0.962700 ms CreateObjectMapping: 0.416600 ms MarkObjects: 5.261900 ms  DeleteObjects: 0.168900 ms)

========================================================================
Received Prepare
Registering precompiled user dll's ...
Registered in 0.003406 seconds.
Begin MonoManager ReloadAssembly
Native extension for WindowsStandalone target not found
Native extension for OSXStandalone target not found
Native extension for WebGL target not found
Refreshing native plugins compatible for Editor in 1.60 ms, found 1 plugins.
Preloading 0 native plugins for Editor in 0.00 ms.
Invoked RoslynAnalysisRunner static constructor.
RoslynAnalysisRunner will not be running.
RoslynAnalysisRunner has terminated.
Mono: successfully reloaded assembly
- Completed reload, in  3.002 seconds
Platform modules already initialized, skipping
Refreshing native plugins compatible for Editor in 0.94 ms, found 1 plugins.
Preloading 0 native plugins for Editor in 0.00 ms.
Unloading 1830 Unused Serialized files (Serialized files now loaded: 0)
System memory in use before: 89.2 MB.
System memory in use after: 89.2 MB.

Unloading 15 unused Assets to reduce memory usage. Loaded Objects now: 2356.
Total: 7.227200 ms (FindLiveObjects: 0.529300 ms CreateObjectMapping: 0.260700 ms MarkObjects: 6.264400 ms  DeleteObjects: 0.170800 ms)

========================================================================
Received Prepare
Registering precompiled user dll's ...
Registered in 0.004823 seconds.
Begin MonoManager ReloadAssembly
Native extension for WindowsStandalone target not found
Native extension for OSXStandalone target not found
Native extension for WebGL target not found
Refreshing native plugins compatible for Editor in 0.47 ms, found 1 plugins.
Preloading 0 native plugins for Editor in 0.00 ms.
Invoked RoslynAnalysisRunner static constructor.
RoslynAnalysisRunner will not be running.
RoslynAnalysisRunner has terminated.
Mono: successfully reloaded assembly
- Completed reload, in  1.412 seconds
Platform modules already initialized, skipping
Refreshing native plugins compatible for Editor in 0.81 ms, found 1 plugins.
Preloading 0 native plugins for Editor in 0.00 ms.
Unloading 1830 Unused Serialized files (Serialized files now loaded: 0)
System memory in use before: 89.2 MB.
System memory in use after: 89.2 MB.

Unloading 15 unused Assets to reduce memory usage. Loaded Objects now: 2360.
Total: 4.698600 ms (FindLiveObjects: 0.262000 ms CreateObjectMapping: 0.105500 ms MarkObjects: 4.176900 ms  DeleteObjects: 0.152500 ms)

========================================================================
Received Import Request.
  Time since last request: 952.750837 seconds.
  path: Assets/Client/Prefabs/SceneLoader.prefab
  artifactKey: Guid(6e34db90a9f55d446ba3838d6a1263ae) Importer(815301076,1909f56bfc062723c751e8b465ee728b)
Start importing Assets/Client/Prefabs/SceneLoader.prefab using Guid(6e34db90a9f55d446ba3838d6a1263ae) Importer(815301076,1909f56bfc062723c751e8b465ee728b)  -> (artifact id: '757a5b84100d07837310d846df6e1dfe') in 0.055728 seconds
  Import took 0.097239 seconds .

========================================================================
Received Import Request.
  Time since last request: 17.323280 seconds.
  path: Assets/Client/Scenes/Overworld.unity
  artifactKey: Guid(465c18f7b2846db42a7b38f282a0947e) Importer(815301076,1909f56bfc062723c751e8b465ee728b)
Start importing Assets/Client/Scenes/Overworld.unity using Guid(465c18f7b2846db42a7b38f282a0947e) Importer(815301076,1909f56bfc062723c751e8b465ee728b)  -> (artifact id: 'a8bdd34095aa50d535123b8f9935c5fc') in 0.019081 seconds
  Import took 0.030604 seconds .

========================================================================
Received Prepare
Registering precompiled user dll's ...
Registered in 0.021269 seconds.
Begin MonoManager ReloadAssembly
Native extension for WindowsStandalone target not found
Native extension for OSXStandalone target not found
Native extension for WebGL target not found
Refreshing native plugins compatible for Editor in 1.13 ms, found 1 plugins.
Preloading 0 native plugins for Editor in 0.00 ms.
Invoked RoslynAnalysisRunner static constructor.
RoslynAnalysisRunner will not be running.
RoslynAnalysisRunner has terminated.
Mono: successfully reloaded assembly
- Completed reload, in  1.993 seconds
Platform modules already initialized, skipping
Refreshing native plugins compatible for Editor in 1.17 ms, found 1 plugins.
Preloading 0 native plugins for Editor in 0.00 ms.
Unloading 1830 Unused Serialized files (Serialized files now loaded: 0)
System memory in use before: 89.2 MB.
System memory in use after: 89.2 MB.

Unloading 15 unused Assets to reduce memory usage. Loaded Objects now: 2364.
Total: 5.562400 ms (FindLiveObjects: 0.409800 ms CreateObjectMapping: 0.131300 ms MarkObjects: 4.737000 ms  DeleteObjects: 0.281400 ms)

========================================================================
Received Import Request.
  Time since last request: 1161.043225 seconds.
  path: Assets/Client/Scripts/StaticStats.cs
  artifactKey: Guid(8533a7b0591ebad42a5a44ecf9986a1b) Importer(815301076,1909f56bfc062723c751e8b465ee728b)
Start importing Assets/Client/Scripts/StaticStats.cs using Guid(8533a7b0591ebad42a5a44ecf9986a1b) Importer(815301076,1909f56bfc062723c751e8b465ee728b)  -> (artifact id: '941a826cb2df578e1a9c4a1fb80a4954') in 0.460099 seconds
  Import took 0.758868 seconds .

========================================================================
Received Prepare
Registering precompiled user dll's ...
Registered in 0.005518 seconds.
Begin MonoManager ReloadAssembly
Native extension for WindowsStandalone target not found
Native extension for OSXStandalone target not found
Native extension for WebGL target not found
Refreshing native plugins compatible for Editor in 0.60 ms, found 1 plugins.
Preloading 0 native plugins for Editor in 0.00 ms.
Invoked RoslynAnalysisRunner static constructor.
RoslynAnalysisRunner will not be running.
RoslynAnalysisRunner has terminated.
Mono: successfully reloaded assembly
- Completed reload, in  1.914 seconds
Platform modules already initialized, skipping
Refreshing native plugins compatible for Editor in 0.84 ms, found 1 plugins.
Preloading 0 native plugins for Editor in 0.00 ms.
Unloading 1831 Unused Serialized files (Serialized files now loaded: 0)
System memory in use before: 89.3 MB.
System memory in use after: 89.3 MB.

Unloading 15 unused Assets to reduce memory usage. Loaded Objects now: 2369.
Total: 8.448900 ms (FindLiveObjects: 0.407400 ms CreateObjectMapping: 0.142200 ms MarkObjects: 7.738500 ms  DeleteObjects: 0.157900 ms)

========================================================================
Received Prepare
Registering precompiled user dll's ...
Registered in 0.005711 seconds.
Begin MonoManager ReloadAssembly
Native extension for WindowsStandalone target not found
Native extension for OSXStandalone target not found
Native extension for WebGL target not found
Refreshing native plugins compatible for Editor in 0.83 ms, found 1 plugins.
Preloading 0 native plugins for Editor in 0.00 ms.
Invoked RoslynAnalysisRunner static constructor.
RoslynAnalysisRunner will not be running.
RoslynAnalysisRunner has terminated.
Mono: successfully reloaded assembly
- Completed reload, in  1.976 seconds
Platform modules already initialized, skipping
Refreshing native plugins compatible for Editor in 0.80 ms, found 1 plugins.
Preloading 0 native plugins for Editor in 0.00 ms.
Unloading 1831 Unused Serialized files (Serialized files now loaded: 0)
System memory in use before: 89.3 MB.
System memory in use after: 89.3 MB.

Unloading 15 unused Assets to reduce memory usage. Loaded Objects now: 2373.
Total: 5.661700 ms (FindLiveObjects: 0.427100 ms CreateObjectMapping: 0.123800 ms MarkObjects: 4.827800 ms  DeleteObjects: 0.280800 ms)

========================================================================
Received Prepare
Registering precompiled user dll's ...
Registered in 0.003386 seconds.
Begin MonoManager ReloadAssembly
Native extension for WindowsStandalone target not found
Native extension for OSXStandalone target not found
Native extension for WebGL target not found
Refreshing native plugins compatible for Editor in 0.55 ms, found 1 plugins.
Preloading 0 native plugins for Editor in 0.00 ms.
Invoked RoslynAnalysisRunner static constructor.
RoslynAnalysisRunner will not be running.
RoslynAnalysisRunner has terminated.
Mono: successfully reloaded assembly
- Completed reload, in  1.654 seconds
Platform modules already initialized, skipping
Refreshing native plugins compatible for Editor in 0.88 ms, found 1 plugins.
Preloading 0 native plugins for Editor in 0.00 ms.
Unloading 1831 Unused Serialized files (Serialized files now loaded: 0)
System memory in use before: 89.3 MB.
System memory in use after: 89.3 MB.

Unloading 15 unused Assets to reduce memory usage. Loaded Objects now: 2377.
Total: 6.953300 ms (FindLiveObjects: 0.441300 ms CreateObjectMapping: 0.161100 ms MarkObjects: 6.142000 ms  DeleteObjects: 0.206000 ms)

========================================================================
Received Import Request.
  Time since last request: 634.052184 seconds.
  path: Assets/Client/Scripts/Overworld/ZombieController.cs
  artifactKey: Guid(2e7869e717a49c9429ef9e35c84bc0e5) Importer(815301076,1909f56bfc062723c751e8b465ee728b)
Start importing Assets/Client/Scripts/Overworld/ZombieController.cs using Guid(2e7869e717a49c9429ef9e35c84bc0e5) Importer(815301076,1909f56bfc062723c751e8b465ee728b)  -> (artifact id: '79be8bfbf6798adc76e7bd4bbc4dff42') in 0.049997 seconds
  Import took 0.220917 seconds .

========================================================================
Received Prepare
Registering precompiled user dll's ...
Registered in 0.003375 seconds.
Begin MonoManager ReloadAssembly
Native extension for WindowsStandalone target not found
Native extension for OSXStandalone target not found
Native extension for WebGL target not found
Refreshing native plugins compatible for Editor in 0.81 ms, found 1 plugins.
Preloading 0 native plugins for Editor in 0.00 ms.
Invoked RoslynAnalysisRunner static constructor.
RoslynAnalysisRunner will not be running.
RoslynAnalysisRunner has terminated.
Mono: successfully reloaded assembly
- Completed reload, in  3.926 seconds
Platform modules already initialized, skipping
Refreshing native plugins compatible for Editor in 0.83 ms, found 1 plugins.
Preloading 0 native plugins for Editor in 0.00 ms.
Unloading 1832 Unused Serialized files (Serialized files now loaded: 0)
System memory in use before: 89.3 MB.
System memory in use after: 89.3 MB.

Unloading 15 unused Assets to reduce memory usage. Loaded Objects now: 2382.
Total: 6.175800 ms (FindLiveObjects: 0.326600 ms CreateObjectMapping: 0.102000 ms MarkObjects: 5.209400 ms  DeleteObjects: 0.533600 ms)

========================================================================
Received Prepare
Registering precompiled user dll's ...
Registered in 0.005480 seconds.
Begin MonoManager ReloadAssembly
Native extension for WindowsStandalone target not found
Native extension for OSXStandalone target not found
Native extension for WebGL target not found
Refreshing native plugins compatible for Editor in 0.50 ms, found 1 plugins.
Preloading 0 native plugins for Editor in 0.00 ms.
Invoked RoslynAnalysisRunner static constructor.
RoslynAnalysisRunner will not be running.
RoslynAnalysisRunner has terminated.
Mono: successfully reloaded assembly
- Completed reload, in  1.541 seconds
Platform modules already initialized, skipping
Refreshing native plugins compatible for Editor in 6.29 ms, found 1 plugins.
Preloading 0 native plugins for Editor in 0.00 ms.
Unloading 1832 Unused Serialized files (Serialized files now loaded: 0)
System memory in use before: 89.3 MB.
System memory in use after: 89.3 MB.

Unloading 15 unused Assets to reduce memory usage. Loaded Objects now: 2386.
Total: 8.410900 ms (FindLiveObjects: 1.453800 ms CreateObjectMapping: 0.491100 ms MarkObjects: 6.203800 ms  DeleteObjects: 0.259400 ms)

========================================================================
Received Import Request.
  Time since last request: 166.773394 seconds.
  path: Assets/Client/Scripts/Overworld/ZombieController.cs
  artifactKey: Guid(2e7869e717a49c9429ef9e35c84bc0e5) Importer(815301076,1909f56bfc062723c751e8b465ee728b)
Start importing Assets/Client/Scripts/Overworld/ZombieController.cs using Guid(2e7869e717a49c9429ef9e35c84bc0e5) Importer(815301076,1909f56bfc062723c751e8b465ee728b)  -> (artifact id: '18c22052ac6d48915e4a1b239211bfd9') in 0.007533 seconds
  Import took 0.051058 seconds .

========================================================================
Received Prepare
Registering precompiled user dll's ...
Registered in 0.006458 seconds.
Begin MonoManager ReloadAssembly
Native extension for WindowsStandalone target not found
Native extension for OSXStandalone target not found
Native extension for WebGL target not found
Refreshing native plugins compatible for Editor in 0.51 ms, found 1 plugins.
Preloading 0 native plugins for Editor in 0.00 ms.
Invoked RoslynAnalysisRunner static constructor.
RoslynAnalysisRunner will not be running.
RoslynAnalysisRunner has terminated.
Mono: successfully reloaded assembly
- Completed reload, in  1.544 seconds
Platform modules already initialized, skipping
Refreshing native plugins compatible for Editor in 1.16 ms, found 1 plugins.
Preloading 0 native plugins for Editor in 0.00 ms.
Unloading 1832 Unused Serialized files (Serialized files now loaded: 0)
System memory in use before: 89.3 MB.
System memory in use after: 89.3 MB.

Unloading 15 unused Assets to reduce memory usage. Loaded Objects now: 2390.
Total: 5.867800 ms (FindLiveObjects: 0.373900 ms CreateObjectMapping: 0.371100 ms MarkObjects: 4.948200 ms  DeleteObjects: 0.172800 ms)

========================================================================
Received Prepare
Registering precompiled user dll's ...
Registered in 0.003272 seconds.
Begin MonoManager ReloadAssembly
Native extension for WindowsStandalone target not found
Native extension for OSXStandalone target not found
Native extension for WebGL target not found
Refreshing native plugins compatible for Editor in 0.54 ms, found 1 plugins.
Preloading 0 native plugins for Editor in 0.00 ms.
Invoked RoslynAnalysisRunner static constructor.
RoslynAnalysisRunner will not be running.
RoslynAnalysisRunner has terminated.
Mono: successfully reloaded assembly
- Completed reload, in  1.629 seconds
Platform modules already initialized, skipping
Refreshing native plugins compatible for Editor in 1.69 ms, found 1 plugins.
Preloading 0 native plugins for Editor in 0.00 ms.
Unloading 1832 Unused Serialized files (Serialized files now loaded: 0)
System memory in use before: 89.3 MB.
System memory in use after: 89.3 MB.

Unloading 15 unused Assets to reduce memory usage. Loaded Objects now: 2394.
Total: 5.640200 ms (FindLiveObjects: 0.835500 ms CreateObjectMapping: 0.165800 ms MarkObjects: 4.475600 ms  DeleteObjects: 0.161100 ms)

========================================================================
Received Prepare
Registering precompiled user dll's ...
Registered in 0.004648 seconds.
Begin MonoManager ReloadAssembly
Native extension for WindowsStandalone target not found
Native extension for OSXStandalone target not found
Native extension for WebGL target not found
Refreshing native plugins compatible for Editor in 0.46 ms, found 1 plugins.
Preloading 0 native plugins for Editor in 0.00 ms.
Invoked RoslynAnalysisRunner static constructor.
RoslynAnalysisRunner will not be running.
RoslynAnalysisRunner has terminated.
Mono: successfully reloaded assembly
- Completed reload, in  1.512 seconds
Platform modules already initialized, skipping
Refreshing native plugins compatible for Editor in 1.87 ms, found 1 plugins.
Preloading 0 native plugins for Editor in 0.00 ms.
Unloading 1832 Unused Serialized files (Serialized files now loaded: 0)
System memory in use before: 89.4 MB.
System memory in use after: 89.4 MB.

Unloading 15 unused Assets to reduce memory usage. Loaded Objects now: 2398.
Total: 8.105400 ms (FindLiveObjects: 0.909400 ms CreateObjectMapping: 0.427600 ms MarkObjects: 6.562000 ms  DeleteObjects: 0.204000 ms)

========================================================================
Received Prepare
Registering precompiled user dll's ...
Registered in 0.003280 seconds.
Begin MonoManager ReloadAssembly
Native extension for WindowsStandalone target not found
Native extension for OSXStandalone target not found
Native extension for WebGL target not found
Refreshing native plugins compatible for Editor in 0.50 ms, found 1 plugins.
Preloading 0 native plugins for Editor in 0.00 ms.
Invoked RoslynAnalysisRunner static constructor.
RoslynAnalysisRunner will not be running.
RoslynAnalysisRunner has terminated.
Mono: successfully reloaded assembly
- Completed reload, in  1.373 seconds
Platform modules already initialized, skipping
Refreshing native plugins compatible for Editor in 1.21 ms, found 1 plugins.
Preloading 0 native plugins for Editor in 0.00 ms.
Unloading 1832 Unused Serialized files (Serialized files now loaded: 0)
System memory in use before: 89.4 MB.
System memory in use after: 89.4 MB.

Unloading 15 unused Assets to reduce memory usage. Loaded Objects now: 2402.
Total: 7.647100 ms (FindLiveObjects: 0.306200 ms CreateObjectMapping: 0.167800 ms MarkObjects: 6.865500 ms  DeleteObjects: 0.304600 ms)

