Using pre-set license
Built from '2020.2/staging' branch; Version is '2020.2.7f1 (c53830e277f1) revision 12924976'; Using compiler version '192528614'; Build Type 'Release'
OS: 'Windows 10 Pro; OS build 19044.1645; Version 2009; 64bit' Language: 'en' Physical Memory: 8064 MB
BatchMode: 1, IsHumanControllingUs: 0, StartBugReporterOnCrash: 0, Is64bit: 1, IsPro: 0

 COMMAND LINE ARGUMENTS:
C:\Program Files\Unity\Hub\Editor\2020.2.7f1\Editor\Unity.exe
-adb2
-batchMode
-noUpm
-name
AssetImportWorker0
-projectPath
E:/Games/GitHub/Zombieversity/Zombieversity
-logFile
Logs/AssetImportWorker0.log
-srvPort
63389
Successfully changed project path to: E:/Games/GitHub/Zombieversity/Zombieversity
E:/Games/GitHub/Zombieversity/Zombieversity
Using Asset Import Pipeline V2.
Refreshing native plugins compatible for Editor in 88.80 ms, found 1 plugins.
Preloading 0 native plugins for Editor in 0.00 ms.
Initialize engine version: 2020.2.7f1 (c53830e277f1)
[Subsystems] Discovering subsystems at path C:/Program Files/Unity/Hub/Editor/2020.2.7f1/Editor/Data/Resources/UnitySubsystems
[Subsystems] Discovering subsystems at path E:/Games/GitHub/Zombieversity/Zombieversity/Assets
GfxDevice: creating device client; threaded=0
Direct3D:
    Version:  Direct3D 11.0 [level 11.1]
    Renderer: Intel(R) HD Graphics Family (ID=0xa16)
    Vendor:   
    VRAM:     2048 MB
    Driver:   20.19.15.5126
Initialize mono
Mono path[0] = 'C:/Program Files/Unity/Hub/Editor/2020.2.7f1/Editor/Data/Managed'
Mono path[1] = 'C:/Program Files/Unity/Hub/Editor/2020.2.7f1/Editor/Data/MonoBleedingEdge/lib/mono/unityjit'
Mono config path = 'C:/Program Files/Unity/Hub/Editor/2020.2.7f1/Editor/Data/MonoBleedingEdge/etc'
Using monoOptions --debugger-agent=transport=dt_socket,embedding=1,server=y,suspend=n,address=127.0.0.1:56956
Begin MonoManager ReloadAssembly
Registering precompiled unity dll's ...
Register platform support module: C:/Program Files/Unity/Hub/Editor/2020.2.7f1/Editor/Data/PlaybackEngines/WebGLSupport/UnityEditor.WebGL.Extensions.dll
Register platform support module: C:/Program Files/Unity/Hub/Editor/2020.2.7f1/Editor/Data/PlaybackEngines/MacStandaloneSupport/UnityEditor.OSXStandalone.Extensions.dll
Register platform support module: C:/Program Files/Unity/Hub/Editor/2020.2.7f1/Editor/Data/PlaybackEngines/WindowsStandaloneSupport/UnityEditor.WindowsStandalone.Extensions.dll
Registered in 0.011809 seconds.
Native extension for WindowsStandalone target not found
Native extension for OSXStandalone target not found
Native extension for WebGL target not found
Refreshing native plugins compatible for Editor in 79.99 ms, found 1 plugins.
Preloading 0 native plugins for Editor in 0.00 ms.
Invoked RoslynAnalysisRunner static constructor.
RoslynAnalysisRunner will not be running.
RoslynAnalysisRunner has terminated.
Mono: successfully reloaded assembly
- Completed reload, in  3.599 seconds
Platform modules already initialized, skipping
Registering precompiled user dll's ...
Registered in 0.013973 seconds.
Begin MonoManager ReloadAssembly
Native extension for WindowsStandalone target not found
Native extension for OSXStandalone target not found
Native extension for WebGL target not found
Refreshing native plugins compatible for Editor in 128.83 ms, found 1 plugins.
Preloading 0 native plugins for Editor in 0.00 ms.
Invoked RoslynAnalysisRunner static constructor.
RoslynAnalysisRunner will not be running.
RoslynAnalysisRunner has terminated.
Mono: successfully reloaded assembly
- Completed reload, in  2.952 seconds
Platform modules already initialized, skipping
========================================================================
Worker process is ready to serve import requests
Launched and connected shader compiler UnityShaderCompiler.exe after 0.35 seconds
Refreshing native plugins compatible for Editor in 1.05 ms, found 1 plugins.
Preloading 0 native plugins for Editor in 0.00 ms.
Unloading 1839 Unused Serialized files (Serialized files now loaded: 0)
System memory in use before: 85.8 MB.
System memory in use after: 85.8 MB.

Unloading 27 unused Assets to reduce memory usage. Loaded Objects now: 2286.
Total: 36.322900 ms (FindLiveObjects: 2.366600 ms CreateObjectMapping: 0.364700 ms MarkObjects: 32.872400 ms  DeleteObjects: 0.711700 ms)

========================================================================
Received Import Request.
  path: Assets/Client/Images/Sprites/Uni/Walls/Wall4444.png
  artifactKey: Guid(f3bcaaf98f5066f4da2be43d4118958e) Importer(815301076,1909f56bfc062723c751e8b465ee728b)
Start importing Assets/Client/Images/Sprites/Uni/Walls/Wall4444.png using Guid(f3bcaaf98f5066f4da2be43d4118958e) Importer(815301076,1909f56bfc062723c751e8b465ee728b)  -> (artifact id: 'c05e905fdb43f8d2c871ec76981d4246') in 0.803918 seconds
  Import took 0.840279 seconds .

========================================================================
Received Import Request.
  Time since last request: 0.000434 seconds.
  path: Assets/Client/Images/Sprites/Uni/Walls/wall1.png
  artifactKey: Guid(267e92bd64637934081080f4ce645da2) Importer(815301076,1909f56bfc062723c751e8b465ee728b)
Start importing Assets/Client/Images/Sprites/Uni/Walls/wall1.png using Guid(267e92bd64637934081080f4ce645da2) Importer(815301076,1909f56bfc062723c751e8b465ee728b)  -> (artifact id: '75c8bd662455eeaede62542bd1d434e7') in 0.103117 seconds
  Import took 0.249495 seconds .

========================================================================
Received Import Request.
  Time since last request: 0.000483 seconds.
  path: Assets/Client/Images/Sprites/Uni/Walls/Wall444.png
  artifactKey: Guid(b08d503ff5caeff4bac3242ffbf489e4) Importer(815301076,1909f56bfc062723c751e8b465ee728b)
Start importing Assets/Client/Images/Sprites/Uni/Walls/Wall444.png using Guid(b08d503ff5caeff4bac3242ffbf489e4) Importer(815301076,1909f56bfc062723c751e8b465ee728b)  -> (artifact id: '2d557564e7eb5eab8934cc5d7e57bf24') in 0.078957 seconds
  Import took 0.117059 seconds .

========================================================================
Received Import Request.
  Time since last request: 0.000634 seconds.
  path: Assets/Client/Images/Sprites/Uni/Walls/Wall44.png
  artifactKey: Guid(0471d97a62b6a7e4f9db5194ded7ff2f) Importer(815301076,1909f56bfc062723c751e8b465ee728b)
Start importing Assets/Client/Images/Sprites/Uni/Walls/Wall44.png using Guid(0471d97a62b6a7e4f9db5194ded7ff2f) Importer(815301076,1909f56bfc062723c751e8b465ee728b)  -> (artifact id: '534a74f24d1685918bc2be157a839ede') in 0.097274 seconds
  Import took 0.151971 seconds .

========================================================================
Received Import Request.
  Time since last request: 0.000594 seconds.
  path: Assets/Client/Images/Sprites/Uni/Walls/wall3.png
  artifactKey: Guid(3b186a67e2ba5874f8d62cdbc00dc05e) Importer(815301076,1909f56bfc062723c751e8b465ee728b)
Start importing Assets/Client/Images/Sprites/Uni/Walls/wall3.png using Guid(3b186a67e2ba5874f8d62cdbc00dc05e) Importer(815301076,1909f56bfc062723c751e8b465ee728b)  -> (artifact id: '31c08e9747f80b81b2b685b377dba546') in 0.286629 seconds
  Import took 0.331575 seconds .

========================================================================
Received Import Request.
  Time since last request: 0.001179 seconds.
  path: Assets/Client/Images/Sprites/Uni/Walls/Wall4.png
  artifactKey: Guid(e7f0b6b3b4475e0438ac015d97b110e5) Importer(815301076,1909f56bfc062723c751e8b465ee728b)
Start importing Assets/Client/Images/Sprites/Uni/Walls/Wall4.png using Guid(e7f0b6b3b4475e0438ac015d97b110e5) Importer(815301076,1909f56bfc062723c751e8b465ee728b)  -> (artifact id: '3823b1756c9503eb9a8e8ae838c4f389') in 0.070094 seconds
  Import took 0.123568 seconds .

========================================================================
Received Import Request.
  Time since last request: 0.000628 seconds.
  path: Assets/Client/Images/Sprites/Uni/Walls/wall11.png
  artifactKey: Guid(bf4a89684aa4dd645ab8a80b8a9a489c) Importer(815301076,1909f56bfc062723c751e8b465ee728b)
Start importing Assets/Client/Images/Sprites/Uni/Walls/wall11.png using Guid(bf4a89684aa4dd645ab8a80b8a9a489c) Importer(815301076,1909f56bfc062723c751e8b465ee728b)  -> (artifact id: '1941d5e2d5a9649c52637e2ba124b5ed') in 0.070702 seconds
  Import took 0.147804 seconds .

========================================================================
Received Import Request.
  Time since last request: 0.002914 seconds.
  path: Assets/Client/Images/Sprites/Uni/Walls/Wall441.png
  artifactKey: Guid(38895a539d517c1408731a142e80227e) Importer(815301076,1909f56bfc062723c751e8b465ee728b)
Start importing Assets/Client/Images/Sprites/Uni/Walls/Wall441.png using Guid(38895a539d517c1408731a142e80227e) Importer(815301076,1909f56bfc062723c751e8b465ee728b)  -> (artifact id: 'f9c857ed7534b369ff547871629a4e27') in 0.084044 seconds
  Import took 0.190176 seconds .

========================================================================
Received Import Request.
  Time since last request: 0.000453 seconds.
  path: Assets/Client/Images/Sprites/Uni/Walls/wall33.png
  artifactKey: Guid(1388d169e1d1e1a4c959d17c86156453) Importer(815301076,1909f56bfc062723c751e8b465ee728b)
Start importing Assets/Client/Images/Sprites/Uni/Walls/wall33.png using Guid(1388d169e1d1e1a4c959d17c86156453) Importer(815301076,1909f56bfc062723c751e8b465ee728b)  -> (artifact id: '14982faeb830b488dc5e66c5f9050d37') in 0.046328 seconds
  Import took 0.098161 seconds .

========================================================================
Received Import Request.
  Time since last request: 0.000469 seconds.
  path: Assets/Client/Images/Sprites/Uni/Walls/wall22.png
  artifactKey: Guid(3d898db6fadb9a04fa22f9d528bedbc3) Importer(815301076,1909f56bfc062723c751e8b465ee728b)
Start importing Assets/Client/Images/Sprites/Uni/Walls/wall22.png using Guid(3d898db6fadb9a04fa22f9d528bedbc3) Importer(815301076,1909f56bfc062723c751e8b465ee728b)  -> (artifact id: '997e0db2ef2373bdecc24e5d270065cc') in 0.052264 seconds
  Import took 0.084287 seconds .

========================================================================
Received Import Request.
  Time since last request: 0.000491 seconds.
  path: Assets/Client/Images/Sprites/Uni/Walls/Wall44444.png
  artifactKey: Guid(340fc45c77d0dc5469c427069d70c434) Importer(815301076,1909f56bfc062723c751e8b465ee728b)
Start importing Assets/Client/Images/Sprites/Uni/Walls/Wall44444.png using Guid(340fc45c77d0dc5469c427069d70c434) Importer(815301076,1909f56bfc062723c751e8b465ee728b)  -> (artifact id: '7b3cc31a801a36fb5aa867d990365af9') in 0.039288 seconds
  Import took 0.088546 seconds .

========================================================================
Received Import Request.
  Time since last request: 60.389864 seconds.
  path: Assets/Client/Images/Sprites/Uni/Walls/wall11.png
  artifactKey: Guid(bf4a89684aa4dd645ab8a80b8a9a489c) Importer(815301076,1909f56bfc062723c751e8b465ee728b)
Start importing Assets/Client/Images/Sprites/Uni/Walls/wall11.png using Guid(bf4a89684aa4dd645ab8a80b8a9a489c) Importer(815301076,1909f56bfc062723c751e8b465ee728b)  -> (artifact id: '58427a481c0d09abb2d336bcbc98ce02') in 0.027343 seconds
  Import took 0.055343 seconds .

========================================================================
Received Import Request.
  Time since last request: 8.134857 seconds.
  path: Assets/Client/Images/Sprites/Uni/Walls/wall22.png
  artifactKey: Guid(3d898db6fadb9a04fa22f9d528bedbc3) Importer(815301076,1909f56bfc062723c751e8b465ee728b)
Start importing Assets/Client/Images/Sprites/Uni/Walls/wall22.png using Guid(3d898db6fadb9a04fa22f9d528bedbc3) Importer(815301076,1909f56bfc062723c751e8b465ee728b)  -> (artifact id: 'ee9043d6cc66bcf89da6cdcad401854f') in 0.058975 seconds
  Import took 0.073823 seconds .

========================================================================
Received Import Request.
  Time since last request: 0.006099 seconds.
  path: Assets/Client/Images/Sprites/Uni/Walls/wall22.png
  artifactKey: Guid(3d898db6fadb9a04fa22f9d528bedbc3) Importer(815301076,1909f56bfc062723c751e8b465ee728b)
Start importing Assets/Client/Images/Sprites/Uni/Walls/wall22.png using Guid(3d898db6fadb9a04fa22f9d528bedbc3) Importer(815301076,1909f56bfc062723c751e8b465ee728b)  -> (artifact id: 'ee9043d6cc66bcf89da6cdcad401854f') in 0.028671 seconds
  Import took 0.038893 seconds .

========================================================================
Received Import Request.
  Time since last request: 3.527164 seconds.
  path: Assets/Client/Images/Sprites/Uni/Walls/wall11.png
  artifactKey: Guid(bf4a89684aa4dd645ab8a80b8a9a489c) Importer(815301076,1909f56bfc062723c751e8b465ee728b)
Start importing Assets/Client/Images/Sprites/Uni/Walls/wall11.png using Guid(bf4a89684aa4dd645ab8a80b8a9a489c) Importer(815301076,1909f56bfc062723c751e8b465ee728b)  -> (artifact id: '6fe8581f8f4e1278560fcb3c0af9bf67') in 0.015667 seconds
  Import took 0.060592 seconds .

========================================================================
Received Import Request.
  Time since last request: 20.754389 seconds.
  path: Assets/Client/Images/Sprites/Uni/Walls/wall33.png
  artifactKey: Guid(1388d169e1d1e1a4c959d17c86156453) Importer(815301076,1909f56bfc062723c751e8b465ee728b)
Start importing Assets/Client/Images/Sprites/Uni/Walls/wall33.png using Guid(1388d169e1d1e1a4c959d17c86156453) Importer(815301076,1909f56bfc062723c751e8b465ee728b)  -> (artifact id: 'c03900d6ed3e1005f0cafdeda0b9314d') in 0.066097 seconds
  Import took 0.092041 seconds .

========================================================================
Received Import Request.
  Time since last request: 0.008972 seconds.
  path: Assets/Client/Images/Sprites/Uni/Walls/wall33.png
  artifactKey: Guid(1388d169e1d1e1a4c959d17c86156453) Importer(815301076,1909f56bfc062723c751e8b465ee728b)
Start importing Assets/Client/Images/Sprites/Uni/Walls/wall33.png using Guid(1388d169e1d1e1a4c959d17c86156453) Importer(815301076,1909f56bfc062723c751e8b465ee728b)  -> (artifact id: 'c03900d6ed3e1005f0cafdeda0b9314d') in 0.031059 seconds
  Import took 0.042736 seconds .

========================================================================
Received Import Request.
  Time since last request: 7.352301 seconds.
  path: Assets/Client/Images/Sprites/Uni/Walls/Wall44.png
  artifactKey: Guid(0471d97a62b6a7e4f9db5194ded7ff2f) Importer(815301076,1909f56bfc062723c751e8b465ee728b)
Start importing Assets/Client/Images/Sprites/Uni/Walls/Wall44.png using Guid(0471d97a62b6a7e4f9db5194ded7ff2f) Importer(815301076,1909f56bfc062723c751e8b465ee728b)  -> (artifact id: 'feab5c1b7abcf4e1efc5ec8bf0ada870') in 0.031774 seconds
  Import took 0.093747 seconds .

========================================================================
Received Import Request.
  Time since last request: 0.034252 seconds.
  path: Assets/Client/Images/Sprites/Uni/Walls/Wall44.png
  artifactKey: Guid(0471d97a62b6a7e4f9db5194ded7ff2f) Importer(815301076,1909f56bfc062723c751e8b465ee728b)
Start importing Assets/Client/Images/Sprites/Uni/Walls/Wall44.png using Guid(0471d97a62b6a7e4f9db5194ded7ff2f) Importer(815301076,1909f56bfc062723c751e8b465ee728b)  -> (artifact id: 'feab5c1b7abcf4e1efc5ec8bf0ada870') in 0.022324 seconds
  Import took 0.031951 seconds .

========================================================================
Received Import Request.
  Time since last request: 17.578800 seconds.
  path: Assets/Client/Images/Sprites/Uni/Walls/Wall441.png
  artifactKey: Guid(38895a539d517c1408731a142e80227e) Importer(815301076,1909f56bfc062723c751e8b465ee728b)
Start importing Assets/Client/Images/Sprites/Uni/Walls/Wall441.png using Guid(38895a539d517c1408731a142e80227e) Importer(815301076,1909f56bfc062723c751e8b465ee728b)  -> (artifact id: '304e819b11c4f45f3163092b074862b2') in 0.040800 seconds
  Import took 0.093618 seconds .

========================================================================
Received Import Request.
  Time since last request: 7.235394 seconds.
  path: Assets/Client/Images/Sprites/Uni/Walls/Wall444.png
  artifactKey: Guid(b08d503ff5caeff4bac3242ffbf489e4) Importer(815301076,1909f56bfc062723c751e8b465ee728b)
Start importing Assets/Client/Images/Sprites/Uni/Walls/Wall444.png using Guid(b08d503ff5caeff4bac3242ffbf489e4) Importer(815301076,1909f56bfc062723c751e8b465ee728b)  -> (artifact id: '3178cfe87411b27fb787b8040649292b') in 0.050953 seconds
  Import took 0.086013 seconds .

========================================================================
Received Import Request.
  Time since last request: 0.033685 seconds.
  path: Assets/Client/Images/Sprites/Uni/Walls/Wall444.png
  artifactKey: Guid(b08d503ff5caeff4bac3242ffbf489e4) Importer(815301076,1909f56bfc062723c751e8b465ee728b)
Start importing Assets/Client/Images/Sprites/Uni/Walls/Wall444.png using Guid(b08d503ff5caeff4bac3242ffbf489e4) Importer(815301076,1909f56bfc062723c751e8b465ee728b)  -> (artifact id: '3178cfe87411b27fb787b8040649292b') in 0.029446 seconds
  Import took 0.040559 seconds .

========================================================================
Received Import Request.
  Time since last request: 4.737579 seconds.
  path: Assets/Client/Images/Sprites/Uni/Walls/Wall4444.png
  artifactKey: Guid(f3bcaaf98f5066f4da2be43d4118958e) Importer(815301076,1909f56bfc062723c751e8b465ee728b)
Start importing Assets/Client/Images/Sprites/Uni/Walls/Wall4444.png using Guid(f3bcaaf98f5066f4da2be43d4118958e) Importer(815301076,1909f56bfc062723c751e8b465ee728b)  -> (artifact id: 'c9e3c838411d67187b590824908a01fb') in 0.100906 seconds
  Import took 0.172161 seconds .

========================================================================
Received Import Request.
  Time since last request: 5.229832 seconds.
  path: Assets/Client/Images/Sprites/Uni/Walls/Wall44444.png
  artifactKey: Guid(340fc45c77d0dc5469c427069d70c434) Importer(815301076,1909f56bfc062723c751e8b465ee728b)
Start importing Assets/Client/Images/Sprites/Uni/Walls/Wall44444.png using Guid(340fc45c77d0dc5469c427069d70c434) Importer(815301076,1909f56bfc062723c751e8b465ee728b)  -> (artifact id: '2ca7881794fec03255939949faf71a61') in 0.026422 seconds
  Import took 0.036869 seconds .

========================================================================
Received Import Request.
  Time since last request: 0.036541 seconds.
  path: Assets/Client/Images/Sprites/Uni/Walls/Wall44444.png
  artifactKey: Guid(340fc45c77d0dc5469c427069d70c434) Importer(815301076,1909f56bfc062723c751e8b465ee728b)
Start importing Assets/Client/Images/Sprites/Uni/Walls/Wall44444.png using Guid(340fc45c77d0dc5469c427069d70c434) Importer(815301076,1909f56bfc062723c751e8b465ee728b)  -> (artifact id: '2ca7881794fec03255939949faf71a61') in 0.033529 seconds
  Import took 0.106048 seconds .

========================================================================
Received Import Request.
  Time since last request: 7.149290 seconds.
  path: Assets/Client/Images/Sprites/Uni/Walls/Wall4.png
  artifactKey: Guid(e7f0b6b3b4475e0438ac015d97b110e5) Importer(815301076,1909f56bfc062723c751e8b465ee728b)
Start importing Assets/Client/Images/Sprites/Uni/Walls/Wall4.png using Guid(e7f0b6b3b4475e0438ac015d97b110e5) Importer(815301076,1909f56bfc062723c751e8b465ee728b)  -> (artifact id: '90d02628e746afd311ed904b133567e6') in 0.025010 seconds
  Import took 0.087460 seconds .

========================================================================
Received Import Request.
  Time since last request: 4.460987 seconds.
  path: Assets/Client/Images/Sprites/Uni/Walls/wall3.png
  artifactKey: Guid(3b186a67e2ba5874f8d62cdbc00dc05e) Importer(815301076,1909f56bfc062723c751e8b465ee728b)
Start importing Assets/Client/Images/Sprites/Uni/Walls/wall3.png using Guid(3b186a67e2ba5874f8d62cdbc00dc05e) Importer(815301076,1909f56bfc062723c751e8b465ee728b)  -> (artifact id: '39de2a461fdc496bf0c29113e1833a67') in 0.030096 seconds
  Import took 0.085152 seconds .

========================================================================
Received Import Request.
  Time since last request: 6.997589 seconds.
  path: Assets/Client/Images/Sprites/Uni/Walls/wall1.png
  artifactKey: Guid(267e92bd64637934081080f4ce645da2) Importer(815301076,1909f56bfc062723c751e8b465ee728b)
Start importing Assets/Client/Images/Sprites/Uni/Walls/wall1.png using Guid(267e92bd64637934081080f4ce645da2) Importer(815301076,1909f56bfc062723c751e8b465ee728b)  -> (artifact id: 'ae7905216f84a63c7c2858141324d1dd') in 0.080398 seconds
  Import took 0.139667 seconds .

========================================================================
Received Import Request.
  Time since last request: 62.355502 seconds.
  path: Assets/Client/Images/Sprites/Uni/Walls/Materials
  artifactKey: Guid(56b0eeddf1f468a49bab8a56f8dd0f36) Importer(815301076,1909f56bfc062723c751e8b465ee728b)
Start importing Assets/Client/Images/Sprites/Uni/Walls/Materials using Guid(56b0eeddf1f468a49bab8a56f8dd0f36) Importer(815301076,1909f56bfc062723c751e8b465ee728b)  -> (artifact id: 'f31a0b3564fd241c12fa1a5c993f6e31') in 0.068000 seconds
  Import took 0.102536 seconds .

========================================================================
Received Import Request.
  Time since last request: 2.580863 seconds.
  path: Assets/Client/Images/Sprites/Uni/Walls/Materials/wall11.mat
  artifactKey: Guid(a59d322a0b4c7fd4fbfe9bb60fc875b2) Importer(815301076,1909f56bfc062723c751e8b465ee728b)
Start importing Assets/Client/Images/Sprites/Uni/Walls/Materials/wall11.mat using Guid(a59d322a0b4c7fd4fbfe9bb60fc875b2) Importer(815301076,1909f56bfc062723c751e8b465ee728b)  -> (artifact id: 'e5da9788900e955dfde07475eeff2607') in 0.251327 seconds
  Import took 0.281999 seconds .

========================================================================
Received Import Request.
  Time since last request: 63.548839 seconds.
  path: Assets/Client/Images/Sprites/Uni/Walls/wall33.png
  artifactKey: Guid(1388d169e1d1e1a4c959d17c86156453) Importer(815301076,1909f56bfc062723c751e8b465ee728b)
Start importing Assets/Client/Images/Sprites/Uni/Walls/wall33.png using Guid(1388d169e1d1e1a4c959d17c86156453) Importer(815301076,1909f56bfc062723c751e8b465ee728b)  -> (artifact id: '407d6b83a8208f0805346a5cda88d0c4') in 0.016405 seconds
  Import took 0.070801 seconds .

========================================================================
Received Import Request.
  Time since last request: 0.008471 seconds.
  path: Assets/Client/Images/Sprites/Uni/Walls/wall1.png
  artifactKey: Guid(267e92bd64637934081080f4ce645da2) Importer(815301076,1909f56bfc062723c751e8b465ee728b)
Start importing Assets/Client/Images/Sprites/Uni/Walls/wall1.png using Guid(267e92bd64637934081080f4ce645da2) Importer(815301076,1909f56bfc062723c751e8b465ee728b)  -> (artifact id: 'b7c1335941a377d9650b5c322279b1ef') in 0.026173 seconds
  Import took 0.038601 seconds .

========================================================================
Received Import Request.
  Time since last request: 0.000348 seconds.
  path: Assets/Client/Images/Sprites/Uni/Walls/Wall4444.png
  artifactKey: Guid(f3bcaaf98f5066f4da2be43d4118958e) Importer(815301076,1909f56bfc062723c751e8b465ee728b)
Start importing Assets/Client/Images/Sprites/Uni/Walls/Wall4444.png using Guid(f3bcaaf98f5066f4da2be43d4118958e) Importer(815301076,1909f56bfc062723c751e8b465ee728b)  -> (artifact id: '433a6c7c0b82c95d30286816f8899c9b') in 0.016310 seconds
  Import took 0.022649 seconds .

========================================================================
Received Import Request.
  Time since last request: 0.000386 seconds.
  path: Assets/Client/Images/Sprites/Uni/Walls/Wall444.png
  artifactKey: Guid(b08d503ff5caeff4bac3242ffbf489e4) Importer(815301076,1909f56bfc062723c751e8b465ee728b)
Start importing Assets/Client/Images/Sprites/Uni/Walls/Wall444.png using Guid(b08d503ff5caeff4bac3242ffbf489e4) Importer(815301076,1909f56bfc062723c751e8b465ee728b)  -> (artifact id: '175dfb2d52c7acaceb12108c36ecba90') in 0.017221 seconds
  Import took 0.062499 seconds .

========================================================================
Received Import Request.
  Time since last request: 0.001308 seconds.
  path: Assets/Client/Images/Sprites/Uni/Walls/Wall44.png
  artifactKey: Guid(0471d97a62b6a7e4f9db5194ded7ff2f) Importer(815301076,1909f56bfc062723c751e8b465ee728b)
Start importing Assets/Client/Images/Sprites/Uni/Walls/Wall44.png using Guid(0471d97a62b6a7e4f9db5194ded7ff2f) Importer(815301076,1909f56bfc062723c751e8b465ee728b)  -> (artifact id: '9ba45a3b903345fdacd62d376a797e85') in 0.017355 seconds
  Import took 0.080133 seconds .

========================================================================
Received Import Request.
  Time since last request: 0.000428 seconds.
  path: Assets/Client/Images/Sprites/Uni/Walls/wall3.png
  artifactKey: Guid(3b186a67e2ba5874f8d62cdbc00dc05e) Importer(815301076,1909f56bfc062723c751e8b465ee728b)
Start importing Assets/Client/Images/Sprites/Uni/Walls/wall3.png using Guid(3b186a67e2ba5874f8d62cdbc00dc05e) Importer(815301076,1909f56bfc062723c751e8b465ee728b)  -> (artifact id: 'f933fd9c82ce6937fee25c1cdbd0cd32') in 0.016428 seconds
  Import took 0.047035 seconds .

========================================================================
Received Import Request.
  Time since last request: 0.000488 seconds.
  path: Assets/Client/Images/Sprites/Uni/Walls/Wall4.png
  artifactKey: Guid(e7f0b6b3b4475e0438ac015d97b110e5) Importer(815301076,1909f56bfc062723c751e8b465ee728b)
Start importing Assets/Client/Images/Sprites/Uni/Walls/Wall4.png using Guid(e7f0b6b3b4475e0438ac015d97b110e5) Importer(815301076,1909f56bfc062723c751e8b465ee728b)  -> (artifact id: '127d7e248f4842e2fb3e588c34902493') in 0.026317 seconds
  Import took 0.033032 seconds .

========================================================================
Received Import Request.
  Time since last request: 0.000407 seconds.
  path: Assets/Client/Images/Sprites/Uni/Walls/wall11.png
  artifactKey: Guid(bf4a89684aa4dd645ab8a80b8a9a489c) Importer(815301076,1909f56bfc062723c751e8b465ee728b)
Start importing Assets/Client/Images/Sprites/Uni/Walls/wall11.png using Guid(bf4a89684aa4dd645ab8a80b8a9a489c) Importer(815301076,1909f56bfc062723c751e8b465ee728b)  -> (artifact id: 'd4746929d2c26fc340a6eb0a4c0c6014') in 0.015714 seconds
  Import took 0.029926 seconds .

========================================================================
Received Import Request.
  Time since last request: 0.000345 seconds.
  path: Assets/Client/Images/Sprites/Uni/Walls/Wall441.png
  artifactKey: Guid(38895a539d517c1408731a142e80227e) Importer(815301076,1909f56bfc062723c751e8b465ee728b)
Start importing Assets/Client/Images/Sprites/Uni/Walls/Wall441.png using Guid(38895a539d517c1408731a142e80227e) Importer(815301076,1909f56bfc062723c751e8b465ee728b)  -> (artifact id: '1ffd05847400e966fc9e2fd414e84323') in 0.020966 seconds
  Import took 0.031335 seconds .

========================================================================
Received Import Request.
  Time since last request: 0.000480 seconds.
  path: Assets/Client/Images/Sprites/Uni/Walls/wall22.png
  artifactKey: Guid(3d898db6fadb9a04fa22f9d528bedbc3) Importer(815301076,1909f56bfc062723c751e8b465ee728b)
Start importing Assets/Client/Images/Sprites/Uni/Walls/wall22.png using Guid(3d898db6fadb9a04fa22f9d528bedbc3) Importer(815301076,1909f56bfc062723c751e8b465ee728b)  -> (artifact id: '66eb3b007e9c88faa42c797f5d4e56c6') in 0.018862 seconds
  Import took 0.023678 seconds .

========================================================================
Received Import Request.
  Time since last request: 0.000340 seconds.
  path: Assets/Client/Images/Sprites/Uni/Walls/Wall44444.png
  artifactKey: Guid(340fc45c77d0dc5469c427069d70c434) Importer(815301076,1909f56bfc062723c751e8b465ee728b)
Start importing Assets/Client/Images/Sprites/Uni/Walls/Wall44444.png using Guid(340fc45c77d0dc5469c427069d70c434) Importer(815301076,1909f56bfc062723c751e8b465ee728b)  -> (artifact id: '38f0a168ae8c37ac040b699db511600f') in 0.012327 seconds
  Import took 0.017468 seconds .

========================================================================
Received Import Request.
  Time since last request: 0.023577 seconds.
  path: Assets/Client/Images/Sprites/Uni/Walls/Wall44444.png
  artifactKey: Guid(340fc45c77d0dc5469c427069d70c434) Importer(815301076,1909f56bfc062723c751e8b465ee728b)
Start importing Assets/Client/Images/Sprites/Uni/Walls/Wall44444.png using Guid(340fc45c77d0dc5469c427069d70c434) Importer(815301076,1909f56bfc062723c751e8b465ee728b)  -> (artifact id: '38f0a168ae8c37ac040b699db511600f') in 0.014135 seconds
  Import took 0.020145 seconds .

========================================================================
Received Import Request.
  Time since last request: 612.569619 seconds.
  path: Assets/Client/Images/Sprites/Uni/chairs.png
  artifactKey: Guid(70cbbde07ee5cc942aa8d51090fe7e10) Importer(815301076,1909f56bfc062723c751e8b465ee728b)
Start importing Assets/Client/Images/Sprites/Uni/chairs.png using Guid(70cbbde07ee5cc942aa8d51090fe7e10) Importer(815301076,1909f56bfc062723c751e8b465ee728b)  -> (artifact id: 'a1857a8e637e7450ef3c51be90dbf4eb') in 0.027500 seconds
  Import took 0.070638 seconds .

========================================================================
Received Import Request.
  Time since last request: 0.000365 seconds.
  path: Assets/Client/Images/Sprites/Uni/chairs1.png
  artifactKey: Guid(542810072e592e54a86b2c6337e05c4a) Importer(815301076,1909f56bfc062723c751e8b465ee728b)
Start importing Assets/Client/Images/Sprites/Uni/chairs1.png using Guid(542810072e592e54a86b2c6337e05c4a) Importer(815301076,1909f56bfc062723c751e8b465ee728b)  -> (artifact id: '9124eae2224ff90057fd45acc07bdca5') in 0.050079 seconds
  Import took 0.057644 seconds .

========================================================================
Received Import Request.
  Time since last request: 0.000525 seconds.
  path: Assets/Client/Images/Sprites/Uni/Table.png
  artifactKey: Guid(d87a2cb8e0950804d9ae40b1de2104a7) Importer(815301076,1909f56bfc062723c751e8b465ee728b)
Start importing Assets/Client/Images/Sprites/Uni/Table.png using Guid(d87a2cb8e0950804d9ae40b1de2104a7) Importer(815301076,1909f56bfc062723c751e8b465ee728b)  -> (artifact id: '31a3701ce345e6cedea459c72fd45fd2') in 0.039451 seconds
  Import took 0.047677 seconds .

========================================================================
Received Import Request.
  Time since last request: 0.000491 seconds.
  path: Assets/Client/Images/Sprites/Uni/table4.png
  artifactKey: Guid(d2b5714dbe2b42a4d80c2965c352b582) Importer(815301076,1909f56bfc062723c751e8b465ee728b)
Start importing Assets/Client/Images/Sprites/Uni/table4.png using Guid(d2b5714dbe2b42a4d80c2965c352b582) Importer(815301076,1909f56bfc062723c751e8b465ee728b)  -> (artifact id: '9c580550297134a255dd93d67d85d218') in 0.033254 seconds
  Import took 0.041556 seconds .

========================================================================
Received Import Request.
  Time since last request: 0.000512 seconds.
  path: Assets/Client/Images/Sprites/Uni/Table1.png
  artifactKey: Guid(139b57f6aa10c6e4f8df3e089bd1399f) Importer(815301076,1909f56bfc062723c751e8b465ee728b)
Start importing Assets/Client/Images/Sprites/Uni/Table1.png using Guid(139b57f6aa10c6e4f8df3e089bd1399f) Importer(815301076,1909f56bfc062723c751e8b465ee728b)  -> (artifact id: '88e09657a14b97a30be6c3921092d442') in 0.035735 seconds
  Import took 0.079121 seconds .

========================================================================
Received Import Request.
  Time since last request: 0.000331 seconds.
  path: Assets/Client/Images/Sprites/Uni/Table2.png
  artifactKey: Guid(94ef95ec211f5e643851ed15fed77931) Importer(815301076,1909f56bfc062723c751e8b465ee728b)
Start importing Assets/Client/Images/Sprites/Uni/Table2.png using Guid(94ef95ec211f5e643851ed15fed77931) Importer(815301076,1909f56bfc062723c751e8b465ee728b)  -> (artifact id: '2e6a9ac76dcb69da528e0ee011a8e227') in 0.025854 seconds
  Import took 0.062342 seconds .

========================================================================
Received Import Request.
  Time since last request: 0.000441 seconds.
  path: Assets/Client/Images/Sprites/Uni/table3.png
  artifactKey: Guid(d026f74b5e448d94e8521c6be98784a6) Importer(815301076,1909f56bfc062723c751e8b465ee728b)
Start importing Assets/Client/Images/Sprites/Uni/table3.png using Guid(d026f74b5e448d94e8521c6be98784a6) Importer(815301076,1909f56bfc062723c751e8b465ee728b)  -> (artifact id: 'ad30dd0b7d34319899efe93e353de2ed') in 0.029277 seconds
  Import took 0.068490 seconds .

========================================================================
Received Import Request.
  Time since last request: 0.000380 seconds.
  path: Assets/Client/Images/Sprites/Uni/Огнетушитель1.png
  artifactKey: Guid(99157519e3fea4742862f269d967c358) Importer(815301076,1909f56bfc062723c751e8b465ee728b)
Start importing Assets/Client/Images/Sprites/Uni/Огнетушитель1.png using Guid(99157519e3fea4742862f269d967c358) Importer(815301076,1909f56bfc062723c751e8b465ee728b)  -> (artifact id: '77b8c64b6b9748a46652a9a2d8e8acea') in 0.029948 seconds
  Import took 0.074213 seconds .

========================================================================
Received Import Request.
  Time since last request: 0.000369 seconds.
  path: Assets/Client/Images/Sprites/Uni/Огнетушитель.png
  artifactKey: Guid(43a01d97ebeb2764fbd5fe1fdda04dd7) Importer(815301076,1909f56bfc062723c751e8b465ee728b)
Start importing Assets/Client/Images/Sprites/Uni/Огнетушитель.png using Guid(43a01d97ebeb2764fbd5fe1fdda04dd7) Importer(815301076,1909f56bfc062723c751e8b465ee728b)  -> (artifact id: '6f5f69c89870c7b6dc5ebc396380f39c') in 0.028212 seconds
  Import took 0.035280 seconds .

========================================================================
Received Import Request.
  Time since last request: 398.270425 seconds.
  path: Assets/Client/Images/Sprites/Uni/EntraceToLeft.png
  artifactKey: Guid(7b5f4b7a11b25f74fa4ab4055fe62ec3) Importer(815301076,1909f56bfc062723c751e8b465ee728b)
Start importing Assets/Client/Images/Sprites/Uni/EntraceToLeft.png using Guid(7b5f4b7a11b25f74fa4ab4055fe62ec3) Importer(815301076,1909f56bfc062723c751e8b465ee728b)  -> (artifact id: '4903aaaa4cedc51142eacd31c0c2e1e9') in 0.028813 seconds
  Import took 0.069106 seconds .

========================================================================
Received Import Request.
  Time since last request: 0.000474 seconds.
  path: Assets/Client/Images/Sprites/Uni/EntraceToRight1.png
  artifactKey: Guid(233f2ce6ff8e03440b2c8d81f1899ae6) Importer(815301076,1909f56bfc062723c751e8b465ee728b)
Start importing Assets/Client/Images/Sprites/Uni/EntraceToRight1.png using Guid(233f2ce6ff8e03440b2c8d81f1899ae6) Importer(815301076,1909f56bfc062723c751e8b465ee728b)  -> (artifact id: '1db621a036e85e7a876c2011b090a95a') in 0.030602 seconds
  Import took 0.081817 seconds .

========================================================================
Received Import Request.
  Time since last request: 0.000459 seconds.
  path: Assets/Client/Images/Sprites/Uni/EntraceToRight.png
  artifactKey: Guid(74290b2e0c4916e408a57177ccb73a91) Importer(815301076,1909f56bfc062723c751e8b465ee728b)
Start importing Assets/Client/Images/Sprites/Uni/EntraceToRight.png using Guid(74290b2e0c4916e408a57177ccb73a91) Importer(815301076,1909f56bfc062723c751e8b465ee728b)  -> (artifact id: '1f110951fb6193409c543dba7dc848b8') in 0.024206 seconds
  Import took 0.033136 seconds .

========================================================================
Received Import Request.
  Time since last request: 0.000505 seconds.
  path: Assets/Client/Images/Sprites/Uni/EntraceToRight2.png
  artifactKey: Guid(5c879cd490cb40b4aad8b7b77ffc5e9c) Importer(815301076,1909f56bfc062723c751e8b465ee728b)
Start importing Assets/Client/Images/Sprites/Uni/EntraceToRight2.png using Guid(5c879cd490cb40b4aad8b7b77ffc5e9c) Importer(815301076,1909f56bfc062723c751e8b465ee728b)  -> (artifact id: '2f22a164017038d9682714a804b0aaf6') in 0.027054 seconds
  Import took 0.032673 seconds .

========================================================================
Received Import Request.
  Time since last request: 138.260261 seconds.
  path: Assets/Client/Images/Sprites/Uni/Walls/Wall44444.png
  artifactKey: Guid(340fc45c77d0dc5469c427069d70c434) Importer(815301076,1909f56bfc062723c751e8b465ee728b)
Start importing Assets/Client/Images/Sprites/Uni/Walls/Wall44444.png using Guid(340fc45c77d0dc5469c427069d70c434) Importer(815301076,1909f56bfc062723c751e8b465ee728b)  -> (artifact id: '7ad6b3ff5980236d063385fa737e07a4') in 0.017550 seconds
  Import took 0.049377 seconds .

========================================================================
Received Import Request.
  Time since last request: 9.724355 seconds.
  path: Assets/Client/Images/Sprites/Uni/Walls/Wall44444.png
  artifactKey: Guid(340fc45c77d0dc5469c427069d70c434) Importer(815301076,1909f56bfc062723c751e8b465ee728b)
Start importing Assets/Client/Images/Sprites/Uni/Walls/Wall44444.png using Guid(340fc45c77d0dc5469c427069d70c434) Importer(815301076,1909f56bfc062723c751e8b465ee728b)  -> (artifact id: 'f775a7b6f5c07eb20976600782a2f278') in 0.015410 seconds
  Import took 0.063772 seconds .

========================================================================
Received Import Request.
  Time since last request: 6.862059 seconds.
  path: Assets/Client/Images/Sprites/Uni/Walls/Wall44444.png
  artifactKey: Guid(340fc45c77d0dc5469c427069d70c434) Importer(815301076,1909f56bfc062723c751e8b465ee728b)
Start importing Assets/Client/Images/Sprites/Uni/Walls/Wall44444.png using Guid(340fc45c77d0dc5469c427069d70c434) Importer(815301076,1909f56bfc062723c751e8b465ee728b)  -> (artifact id: '615197c5b815d45dcc63542d0d0ab550') in 0.036417 seconds
  Import took 0.042186 seconds .

========================================================================
Received Import Request.
  Time since last request: 0.001338 seconds.
  path: Assets/Client/Images/Sprites/Uni/Walls/Wall44444.png
  artifactKey: Guid(340fc45c77d0dc5469c427069d70c434) Importer(815301076,1909f56bfc062723c751e8b465ee728b)
Start importing Assets/Client/Images/Sprites/Uni/Walls/Wall44444.png using Guid(340fc45c77d0dc5469c427069d70c434) Importer(815301076,1909f56bfc062723c751e8b465ee728b)  -> (artifact id: '615197c5b815d45dcc63542d0d0ab550') in 0.016397 seconds
  Import took 0.023418 seconds .

========================================================================
Received Import Request.
  Time since last request: 40.235473 seconds.
  path: Assets/Client/Images/Sprites/Uni/Walls/Wall44444.png
  artifactKey: Guid(340fc45c77d0dc5469c427069d70c434) Importer(815301076,1909f56bfc062723c751e8b465ee728b)
Start importing Assets/Client/Images/Sprites/Uni/Walls/Wall44444.png using Guid(340fc45c77d0dc5469c427069d70c434) Importer(815301076,1909f56bfc062723c751e8b465ee728b)  -> (artifact id: '4039e8dec6e90df921b9dbbf84c2b67c') in 0.019420 seconds
  Import took 0.025623 seconds .

========================================================================
Received Import Request.
  Time since last request: 0.027340 seconds.
  path: Assets/Client/Images/Sprites/Uni/Walls/Wall44444.png
  artifactKey: Guid(340fc45c77d0dc5469c427069d70c434) Importer(815301076,1909f56bfc062723c751e8b465ee728b)
Start importing Assets/Client/Images/Sprites/Uni/Walls/Wall44444.png using Guid(340fc45c77d0dc5469c427069d70c434) Importer(815301076,1909f56bfc062723c751e8b465ee728b)  -> (artifact id: '4039e8dec6e90df921b9dbbf84c2b67c') in 0.022213 seconds
  Import took 0.029945 seconds .

========================================================================
Received Import Request.
  Time since last request: 6.960687 seconds.
  path: Assets/Client/Images/Sprites/Uni/Walls/Wall44.png
  artifactKey: Guid(0471d97a62b6a7e4f9db5194ded7ff2f) Importer(815301076,1909f56bfc062723c751e8b465ee728b)
Start importing Assets/Client/Images/Sprites/Uni/Walls/Wall44.png using Guid(0471d97a62b6a7e4f9db5194ded7ff2f) Importer(815301076,1909f56bfc062723c751e8b465ee728b)  -> (artifact id: '42dbaa18b087c5d00f49d594e2f7d3a7') in 0.018384 seconds
  Import took 0.024016 seconds .

========================================================================
Received Import Request.
  Time since last request: 0.027638 seconds.
  path: Assets/Client/Images/Sprites/Uni/Walls/Wall44.png
  artifactKey: Guid(0471d97a62b6a7e4f9db5194ded7ff2f) Importer(815301076,1909f56bfc062723c751e8b465ee728b)
Start importing Assets/Client/Images/Sprites/Uni/Walls/Wall44.png using Guid(0471d97a62b6a7e4f9db5194ded7ff2f) Importer(815301076,1909f56bfc062723c751e8b465ee728b)  -> (artifact id: '42dbaa18b087c5d00f49d594e2f7d3a7') in 0.017114 seconds
  Import took 0.023642 seconds .

========================================================================
Received Import Request.
  Time since last request: 271.107788 seconds.
  path: Assets/Client/Images/Sprites/Uni/Walls/Wall44.png
  artifactKey: Guid(0471d97a62b6a7e4f9db5194ded7ff2f) Importer(815301076,1909f56bfc062723c751e8b465ee728b)
Start importing Assets/Client/Images/Sprites/Uni/Walls/Wall44.png using Guid(0471d97a62b6a7e4f9db5194ded7ff2f) Importer(815301076,1909f56bfc062723c751e8b465ee728b)  -> (artifact id: '77fa33063d413c6161a66f128993e087') in 0.026308 seconds
  Import took 0.057397 seconds .

========================================================================
Received Import Request.
  Time since last request: 49.778900 seconds.
  path: Assets/Client/Images/Sprites/Uni/Materials
  artifactKey: Guid(781e9685ea5109d42b474ca407dd4115) Importer(815301076,1909f56bfc062723c751e8b465ee728b)
Start importing Assets/Client/Images/Sprites/Uni/Materials using Guid(781e9685ea5109d42b474ca407dd4115) Importer(815301076,1909f56bfc062723c751e8b465ee728b)  -> (artifact id: '9e835c0ed8e00f7f3f4d3534b4a33a35') in 0.004260 seconds
  Import took 0.011781 seconds .

========================================================================
Received Import Request.
  Time since last request: 6.603110 seconds.
  path: Assets/Client/Images/Sprites/Uni/Walls/Wall44.png
  artifactKey: Guid(0471d97a62b6a7e4f9db5194ded7ff2f) Importer(815301076,1909f56bfc062723c751e8b465ee728b)
Start importing Assets/Client/Images/Sprites/Uni/Walls/Wall44.png using Guid(0471d97a62b6a7e4f9db5194ded7ff2f) Importer(815301076,1909f56bfc062723c751e8b465ee728b)  -> (artifact id: '9faf86958090e29c9d66b65f23d09958') in 0.022291 seconds
  Import took 0.030709 seconds .

========================================================================
Received Import Request.
  Time since last request: 18.934091 seconds.
  path: Assets/Client/Images/Sprites/Uni/Walls/Wall4.png
  artifactKey: Guid(e7f0b6b3b4475e0438ac015d97b110e5) Importer(815301076,1909f56bfc062723c751e8b465ee728b)
Start importing Assets/Client/Images/Sprites/Uni/Walls/Wall4.png using Guid(e7f0b6b3b4475e0438ac015d97b110e5) Importer(815301076,1909f56bfc062723c751e8b465ee728b)  -> (artifact id: 'd2ffb62ca84025593ca7653b3b44c626') in 0.017444 seconds
  Import took 0.067688 seconds .

========================================================================
Received Import Request.
  Time since last request: 0.000634 seconds.
  path: Assets/Client/Images/Sprites/Uni/Walls/Wall4444.png
  artifactKey: Guid(f3bcaaf98f5066f4da2be43d4118958e) Importer(815301076,1909f56bfc062723c751e8b465ee728b)
Start importing Assets/Client/Images/Sprites/Uni/Walls/Wall4444.png using Guid(f3bcaaf98f5066f4da2be43d4118958e) Importer(815301076,1909f56bfc062723c751e8b465ee728b)  -> (artifact id: 'b4dfb764a90fbb73f5e2a7b0fc80d013') in 0.051357 seconds
  Import took 0.065072 seconds .

========================================================================
Received Import Request.
  Time since last request: 0.000349 seconds.
  path: Assets/Client/Images/Sprites/Uni/Walls/Wall444.png
  artifactKey: Guid(b08d503ff5caeff4bac3242ffbf489e4) Importer(815301076,1909f56bfc062723c751e8b465ee728b)
Start importing Assets/Client/Images/Sprites/Uni/Walls/Wall444.png using Guid(b08d503ff5caeff4bac3242ffbf489e4) Importer(815301076,1909f56bfc062723c751e8b465ee728b)  -> (artifact id: '59ed16433198277f816a5457cf5d7184') in 0.041692 seconds
  Import took 0.065171 seconds .

========================================================================
Received Import Request.
  Time since last request: 0.000370 seconds.
  path: Assets/Client/Images/Sprites/Uni/Walls/Wall44.png
  artifactKey: Guid(0471d97a62b6a7e4f9db5194ded7ff2f) Importer(815301076,1909f56bfc062723c751e8b465ee728b)
Start importing Assets/Client/Images/Sprites/Uni/Walls/Wall44.png using Guid(0471d97a62b6a7e4f9db5194ded7ff2f) Importer(815301076,1909f56bfc062723c751e8b465ee728b)  -> (artifact id: '9aa61cfec14d9f701bd32e5e24270809') in 0.020173 seconds
  Import took 0.026307 seconds .

========================================================================
Received Import Request.
  Time since last request: 4.676581 seconds.
  path: Assets/Client/Images/Sprites/Uni/Walls/Materials/Wall4.mat
  artifactKey: Guid(c1a063b3aa353924aaf4f8c1360eeb14) Importer(815301076,1909f56bfc062723c751e8b465ee728b)
Start importing Assets/Client/Images/Sprites/Uni/Walls/Materials/Wall4.mat using Guid(c1a063b3aa353924aaf4f8c1360eeb14) Importer(815301076,1909f56bfc062723c751e8b465ee728b)  -> (artifact id: '82ccbb85550f1ddd9a7f9002f9a08ce8') in 0.018376 seconds
  Import took 0.063599 seconds .

========================================================================
Received Import Request.
  Time since last request: 0.000339 seconds.
  path: Assets/Client/Images/Sprites/Uni/Walls/Materials/Wall44.mat
  artifactKey: Guid(d97de7c06c714354996fba7e3cc62cee) Importer(815301076,1909f56bfc062723c751e8b465ee728b)
Start importing Assets/Client/Images/Sprites/Uni/Walls/Materials/Wall44.mat using Guid(d97de7c06c714354996fba7e3cc62cee) Importer(815301076,1909f56bfc062723c751e8b465ee728b)  -> (artifact id: '6edaf937e4af1209d85b75deeb4dadf0') in 0.025023 seconds
  Import took 0.030536 seconds .

========================================================================
Received Import Request.
  Time since last request: 172.127698 seconds.
  path: Assets/Client/Images/Sprites/Uni/Materials/chairs.mat
  artifactKey: Guid(a52b550656465ef45be14398fc0daeb1) Importer(815301076,1909f56bfc062723c751e8b465ee728b)
Start importing Assets/Client/Images/Sprites/Uni/Materials/chairs.mat using Guid(a52b550656465ef45be14398fc0daeb1) Importer(815301076,1909f56bfc062723c751e8b465ee728b)  -> (artifact id: 'daa5f50f354f96ba6beb7a77b3d0160f') in 0.019670 seconds
  Import took 0.088123 seconds .

========================================================================
Received Import Request.
  Time since last request: 0.000415 seconds.
  path: Assets/Client/Images/Sprites/Uni/Materials/EntraceToRight.mat
  artifactKey: Guid(671998ebf9d096b40a8530cfd11c1b30) Importer(815301076,1909f56bfc062723c751e8b465ee728b)
Start importing Assets/Client/Images/Sprites/Uni/Materials/EntraceToRight.mat using Guid(671998ebf9d096b40a8530cfd11c1b30) Importer(815301076,1909f56bfc062723c751e8b465ee728b)  -> (artifact id: '9ef8edd6a4de9531b4ff261be7d1cc36') in 0.028532 seconds
  Import took 0.035944 seconds .

========================================================================
Received Import Request.
  Time since last request: 6014.252108 seconds.
  path: Assets/Client/Images/Sprites/Uni/Board.png
  artifactKey: Guid(bd7e1501aa8cb6f4380cb6a561ad329b) Importer(815301076,1909f56bfc062723c751e8b465ee728b)
Start importing Assets/Client/Images/Sprites/Uni/Board.png using Guid(bd7e1501aa8cb6f4380cb6a561ad329b) Importer(815301076,1909f56bfc062723c751e8b465ee728b)  -> (artifact id: '44c5d0a9d1eb24399b1141bc5b0929eb') in 0.206540 seconds
  Import took 0.272893 seconds .

========================================================================
Received Import Request.
  Time since last request: 44.626140 seconds.
  path: Assets/Client/Images/Sprites/Uni/bookTable.png
  artifactKey: Guid(d3bf943c6c43f194ea7e2ca5d2a71f26) Importer(815301076,1909f56bfc062723c751e8b465ee728b)
Start importing Assets/Client/Images/Sprites/Uni/bookTable.png using Guid(d3bf943c6c43f194ea7e2ca5d2a71f26) Importer(815301076,1909f56bfc062723c751e8b465ee728b)  -> (artifact id: 'd0ecf0c9e830f899766fed0ba567664e') in 0.078061 seconds
  Import took 0.094693 seconds .

========================================================================
Received Import Request.
  Time since last request: 1275.857939 seconds.
  path: ProjectSettings/TagManager.asset
  artifactKey: Guid(00000000000000003000000000000000) Importer(815301076,1909f56bfc062723c751e8b465ee728b)
Start importing ProjectSettings/TagManager.asset using Guid(00000000000000003000000000000000) Importer(815301076,1909f56bfc062723c751e8b465ee728b)  -> (artifact id: '08cdf5789e20e7ee9e45b67ccefebf0a') in 0.242289 seconds
  Import took 0.329269 seconds .

========================================================================
Received Prepare
Registering precompiled user dll's ...
Registered in 0.009845 seconds.
Begin MonoManager ReloadAssembly
Native extension for WindowsStandalone target not found
Native extension for OSXStandalone target not found
Native extension for WebGL target not found
Refreshing native plugins compatible for Editor in 0.70 ms, found 1 plugins.
Preloading 0 native plugins for Editor in 0.00 ms.
Invoked RoslynAnalysisRunner static constructor.
RoslynAnalysisRunner will not be running.
RoslynAnalysisRunner has terminated.
Mono: successfully reloaded assembly
- Completed reload, in  2.884 seconds
Platform modules already initialized, skipping
Refreshing native plugins compatible for Editor in 1.01 ms, found 1 plugins.
Preloading 0 native plugins for Editor in 0.00 ms.
Unloading 1834 Unused Serialized files (Serialized files now loaded: 0)
System memory in use before: 89.4 MB.
System memory in use after: 89.4 MB.

Unloading 16 unused Assets to reduce memory usage. Loaded Objects now: 2365.
Total: 7.967100 ms (FindLiveObjects: 0.551500 ms CreateObjectMapping: 0.137800 ms MarkObjects: 7.089800 ms  DeleteObjects: 0.185600 ms)

========================================================================
Received Prepare
Registering precompiled user dll's ...
Registered in 0.007096 seconds.
Begin MonoManager ReloadAssembly
Native extension for WindowsStandalone target not found
Native extension for OSXStandalone target not found
Native extension for WebGL target not found
Refreshing native plugins compatible for Editor in 1.03 ms, found 1 plugins.
Preloading 0 native plugins for Editor in 0.00 ms.
Invoked RoslynAnalysisRunner static constructor.
RoslynAnalysisRunner will not be running.
RoslynAnalysisRunner has terminated.
Mono: successfully reloaded assembly
- Completed reload, in  2.706 seconds
Platform modules already initialized, skipping
Refreshing native plugins compatible for Editor in 1.09 ms, found 1 plugins.
Preloading 0 native plugins for Editor in 0.00 ms.
Unloading 1834 Unused Serialized files (Serialized files now loaded: 0)
System memory in use before: 89.4 MB.
System memory in use after: 89.4 MB.

Unloading 15 unused Assets to reduce memory usage. Loaded Objects now: 2369.
Total: 6.488800 ms (FindLiveObjects: 0.594700 ms CreateObjectMapping: 0.163400 ms MarkObjects: 5.550000 ms  DeleteObjects: 0.177900 ms)

========================================================================
Received Import Request.
  Time since last request: 710.920207 seconds.
  path: ProjectSettings/TagManager.asset
  artifactKey: Guid(00000000000000003000000000000000) Importer(815301076,1909f56bfc062723c751e8b465ee728b)
Start importing ProjectSettings/TagManager.asset using Guid(00000000000000003000000000000000) Importer(815301076,1909f56bfc062723c751e8b465ee728b)  -> (artifact id: '8a113e065cba1cd4b3dafad2b23ed33f') in 0.027658 seconds
  Import took 0.062106 seconds .

========================================================================
Received Prepare
Registering precompiled user dll's ...
Registered in 0.006934 seconds.
Begin MonoManager ReloadAssembly
Native extension for WindowsStandalone target not found
Native extension for OSXStandalone target not found
Native extension for WebGL target not found
Refreshing native plugins compatible for Editor in 0.65 ms, found 1 plugins.
Preloading 0 native plugins for Editor in 0.00 ms.
Invoked RoslynAnalysisRunner static constructor.
RoslynAnalysisRunner will not be running.
RoslynAnalysisRunner has terminated.
Mono: successfully reloaded assembly
- Completed reload, in  2.590 seconds
Platform modules already initialized, skipping
Refreshing native plugins compatible for Editor in 1.29 ms, found 1 plugins.
Preloading 0 native plugins for Editor in 0.00 ms.
Unloading 1834 Unused Serialized files (Serialized files now loaded: 0)
System memory in use before: 89.5 MB.
System memory in use after: 89.5 MB.

Unloading 16 unused Assets to reduce memory usage. Loaded Objects now: 2373.
Total: 9.468700 ms (FindLiveObjects: 0.583400 ms CreateObjectMapping: 0.776700 ms MarkObjects: 7.837200 ms  DeleteObjects: 0.268400 ms)

========================================================================
Received Prepare
Registering precompiled user dll's ...
Registered in 0.004688 seconds.
Begin MonoManager ReloadAssembly
Native extension for WindowsStandalone target not found
Native extension for OSXStandalone target not found
Native extension for WebGL target not found
Refreshing native plugins compatible for Editor in 0.99 ms, found 1 plugins.
Preloading 0 native plugins for Editor in 0.00 ms.
Invoked RoslynAnalysisRunner static constructor.
RoslynAnalysisRunner will not be running.
RoslynAnalysisRunner has terminated.
Mono: successfully reloaded assembly
- Completed reload, in  2.589 seconds
Platform modules already initialized, skipping
Refreshing native plugins compatible for Editor in 1.42 ms, found 1 plugins.
Preloading 0 native plugins for Editor in 0.00 ms.
Unloading 1834 Unused Serialized files (Serialized files now loaded: 0)
System memory in use before: 89.5 MB.
System memory in use after: 89.5 MB.

Unloading 15 unused Assets to reduce memory usage. Loaded Objects now: 2377.
Total: 7.431000 ms (FindLiveObjects: 0.292300 ms CreateObjectMapping: 0.137400 ms MarkObjects: 6.722500 ms  DeleteObjects: 0.275500 ms)

========================================================================
Received Prepare
Registering precompiled user dll's ...
Registered in 0.004980 seconds.
Begin MonoManager ReloadAssembly
Native extension for WindowsStandalone target not found
Native extension for OSXStandalone target not found
Native extension for WebGL target not found
Refreshing native plugins compatible for Editor in 0.60 ms, found 1 plugins.
Preloading 0 native plugins for Editor in 0.00 ms.
Invoked RoslynAnalysisRunner static constructor.
RoslynAnalysisRunner will not be running.
RoslynAnalysisRunner has terminated.
Mono: successfully reloaded assembly
- Completed reload, in  3.169 seconds
Platform modules already initialized, skipping
Refreshing native plugins compatible for Editor in 2.34 ms, found 1 plugins.
Preloading 0 native plugins for Editor in 0.00 ms.
Unloading 1834 Unused Serialized files (Serialized files now loaded: 0)
System memory in use before: 89.5 MB.
System memory in use after: 89.5 MB.

Unloading 15 unused Assets to reduce memory usage. Loaded Objects now: 2381.
Total: 10.306100 ms (FindLiveObjects: 0.505500 ms CreateObjectMapping: 0.187800 ms MarkObjects: 9.322700 ms  DeleteObjects: 0.286200 ms)

========================================================================
Received Prepare
Registering precompiled user dll's ...
Registered in 0.006976 seconds.
Begin MonoManager ReloadAssembly
Native extension for WindowsStandalone target not found
Native extension for OSXStandalone target not found
Native extension for WebGL target not found
Refreshing native plugins compatible for Editor in 0.77 ms, found 1 plugins.
Preloading 0 native plugins for Editor in 0.00 ms.
Invoked RoslynAnalysisRunner static constructor.
RoslynAnalysisRunner will not be running.
RoslynAnalysisRunner has terminated.
Mono: successfully reloaded assembly
- Completed reload, in  2.735 seconds
Platform modules already initialized, skipping
Refreshing native plugins compatible for Editor in 1.44 ms, found 1 plugins.
Preloading 0 native plugins for Editor in 0.00 ms.
Unloading 1834 Unused Serialized files (Serialized files now loaded: 0)
System memory in use before: 89.5 MB.
System memory in use after: 89.5 MB.

Unloading 15 unused Assets to reduce memory usage. Loaded Objects now: 2385.
Total: 9.516600 ms (FindLiveObjects: 0.305200 ms CreateObjectMapping: 0.142600 ms MarkObjects: 8.777000 ms  DeleteObjects: 0.289000 ms)

========================================================================
Received Prepare
Registering precompiled user dll's ...
Registered in 0.008181 seconds.
Begin MonoManager ReloadAssembly
Native extension for WindowsStandalone target not found
Native extension for OSXStandalone target not found
Native extension for WebGL target not found
Refreshing native plugins compatible for Editor in 1.08 ms, found 1 plugins.
Preloading 0 native plugins for Editor in 0.00 ms.
Invoked RoslynAnalysisRunner static constructor.
RoslynAnalysisRunner will not be running.
RoslynAnalysisRunner has terminated.
Mono: successfully reloaded assembly
- Completed reload, in  2.561 seconds
Platform modules already initialized, skipping
Refreshing native plugins compatible for Editor in 1.47 ms, found 1 plugins.
Preloading 0 native plugins for Editor in 0.00 ms.
Unloading 1834 Unused Serialized files (Serialized files now loaded: 0)
System memory in use before: 89.5 MB.
System memory in use after: 89.5 MB.

Unloading 15 unused Assets to reduce memory usage. Loaded Objects now: 2389.
Total: 11.426100 ms (FindLiveObjects: 0.532800 ms CreateObjectMapping: 1.156600 ms MarkObjects: 9.424700 ms  DeleteObjects: 0.307700 ms)

========================================================================
Received Prepare
Registering precompiled user dll's ...
Registered in 0.005172 seconds.
Begin MonoManager ReloadAssembly
Native extension for WindowsStandalone target not found
Native extension for OSXStandalone target not found
Native extension for WebGL target not found
Refreshing native plugins compatible for Editor in 0.66 ms, found 1 plugins.
Preloading 0 native plugins for Editor in 0.00 ms.
Invoked RoslynAnalysisRunner static constructor.
RoslynAnalysisRunner will not be running.
RoslynAnalysisRunner has terminated.
Mono: successfully reloaded assembly
- Completed reload, in  2.793 seconds
Platform modules already initialized, skipping
Refreshing native plugins compatible for Editor in 1.01 ms, found 1 plugins.
Preloading 0 native plugins for Editor in 0.00 ms.
Unloading 1834 Unused Serialized files (Serialized files now loaded: 0)
System memory in use before: 89.6 MB.
System memory in use after: 89.5 MB.

Unloading 15 unused Assets to reduce memory usage. Loaded Objects now: 2393.
Total: 22.518300 ms (FindLiveObjects: 0.525800 ms CreateObjectMapping: 0.219500 ms MarkObjects: 21.404300 ms  DeleteObjects: 0.365100 ms)

========================================================================
Received Import Request.
  Time since last request: 588.394946 seconds.
  path: Assets/Client/Scripts/Overworld/PlayerController.cs
  artifactKey: Guid(984b0d74813bdbd43b5e8b92c92d44a1) Importer(815301076,1909f56bfc062723c751e8b465ee728b)
Start importing Assets/Client/Scripts/Overworld/PlayerController.cs using Guid(984b0d74813bdbd43b5e8b92c92d44a1) Importer(815301076,1909f56bfc062723c751e8b465ee728b)  -> (artifact id: '66901ee94f2c6c941b3f86061e8c842d') in 0.044589 seconds
  Import took 0.098216 seconds .

========================================================================
Received Import Request.
  Time since last request: 35.925125 seconds.
  path: Assets/Client/Scripts/Overworld/PlayerController.cs
  artifactKey: Guid(984b0d74813bdbd43b5e8b92c92d44a1) Importer(815301076,1909f56bfc062723c751e8b465ee728b)
Start importing Assets/Client/Scripts/Overworld/PlayerController.cs using Guid(984b0d74813bdbd43b5e8b92c92d44a1) Importer(815301076,1909f56bfc062723c751e8b465ee728b)  -> (artifact id: '8501cd078de66ee14ae3dffc104e78c5') in 0.017456 seconds
  Import took 0.135647 seconds .

========================================================================
Received Prepare
Registering precompiled user dll's ...
Registered in 0.007334 seconds.
Begin MonoManager ReloadAssembly
Native extension for WindowsStandalone target not found
Native extension for OSXStandalone target not found
Native extension for WebGL target not found
Refreshing native plugins compatible for Editor in 0.61 ms, found 1 plugins.
Preloading 0 native plugins for Editor in 0.00 ms.
Invoked RoslynAnalysisRunner static constructor.
RoslynAnalysisRunner will not be running.
RoslynAnalysisRunner has terminated.
Mono: successfully reloaded assembly
- Completed reload, in  2.181 seconds
Platform modules already initialized, skipping
Refreshing native plugins compatible for Editor in 1.58 ms, found 1 plugins.
Preloading 0 native plugins for Editor in 0.00 ms.
Unloading 1834 Unused Serialized files (Serialized files now loaded: 0)
System memory in use before: 89.6 MB.
System memory in use after: 89.6 MB.

Unloading 15 unused Assets to reduce memory usage. Loaded Objects now: 2397.
Total: 8.487100 ms (FindLiveObjects: 0.549000 ms CreateObjectMapping: 0.171500 ms MarkObjects: 7.579000 ms  DeleteObjects: 0.185500 ms)

========================================================================
Received Import Request.
  Time since last request: 111.270948 seconds.
  path: Assets/Client/Scripts/Overworld/PlayerController.cs
  artifactKey: Guid(984b0d74813bdbd43b5e8b92c92d44a1) Importer(815301076,1909f56bfc062723c751e8b465ee728b)
Start importing Assets/Client/Scripts/Overworld/PlayerController.cs using Guid(984b0d74813bdbd43b5e8b92c92d44a1) Importer(815301076,1909f56bfc062723c751e8b465ee728b)  -> (artifact id: 'e82e116445631c2377b6c99c32b138d5') in 0.026644 seconds
  Import took 0.079546 seconds .

========================================================================
Received Prepare
Registering precompiled user dll's ...
Registered in 0.010309 seconds.
Begin MonoManager ReloadAssembly
Native extension for WindowsStandalone target not found
Native extension for OSXStandalone target not found
Native extension for WebGL target not found
Refreshing native plugins compatible for Editor in 0.62 ms, found 1 plugins.
Preloading 0 native plugins for Editor in 0.00 ms.
Invoked RoslynAnalysisRunner static constructor.
RoslynAnalysisRunner will not be running.
RoslynAnalysisRunner has terminated.
Mono: successfully reloaded assembly
- Completed reload, in  2.351 seconds
Platform modules already initialized, skipping
Refreshing native plugins compatible for Editor in 1.01 ms, found 1 plugins.
Preloading 0 native plugins for Editor in 0.00 ms.
Unloading 1834 Unused Serialized files (Serialized files now loaded: 0)
System memory in use before: 89.6 MB.
System memory in use after: 89.6 MB.

Unloading 15 unused Assets to reduce memory usage. Loaded Objects now: 2401.
Total: 7.609900 ms (FindLiveObjects: 0.494400 ms CreateObjectMapping: 0.139500 ms MarkObjects: 6.777500 ms  DeleteObjects: 0.195300 ms)

========================================================================
Received Prepare
Registering precompiled user dll's ...
Registered in 0.005072 seconds.
Begin MonoManager ReloadAssembly
Native extension for WindowsStandalone target not found
Native extension for OSXStandalone target not found
Native extension for WebGL target not found
Refreshing native plugins compatible for Editor in 0.72 ms, found 1 plugins.
Preloading 0 native plugins for Editor in 0.00 ms.
Invoked RoslynAnalysisRunner static constructor.
RoslynAnalysisRunner will not be running.
RoslynAnalysisRunner has terminated.
Mono: successfully reloaded assembly
- Completed reload, in  2.424 seconds
Platform modules already initialized, skipping
Refreshing native plugins compatible for Editor in 1.01 ms, found 1 plugins.
Preloading 0 native plugins for Editor in 0.00 ms.
Unloading 1834 Unused Serialized files (Serialized files now loaded: 0)
System memory in use before: 89.6 MB.
System memory in use after: 89.6 MB.

Unloading 15 unused Assets to reduce memory usage. Loaded Objects now: 2405.
Total: 12.745000 ms (FindLiveObjects: 0.432300 ms CreateObjectMapping: 0.248800 ms MarkObjects: 11.864100 ms  DeleteObjects: 0.196600 ms)

========================================================================
Received Import Request.
  Time since last request: 112.480839 seconds.
  path: Assets/Client/Scenes/Overworld-Uni.unity
  artifactKey: Guid(42c35194c6414b44a913234d793d51ab) Importer(815301076,1909f56bfc062723c751e8b465ee728b)
Start importing Assets/Client/Scenes/Overworld-Uni.unity using Guid(42c35194c6414b44a913234d793d51ab) Importer(815301076,1909f56bfc062723c751e8b465ee728b)  -> (artifact id: '8844da63d37ba71f2d2b52cebc304b31') in 0.046049 seconds
  Import took 0.081816 seconds .

========================================================================
Received Import Request.
  Time since last request: 4.613601 seconds.
  path: Assets/Client/Scenes/Overworld-Uni.unity
  artifactKey: Guid(42c35194c6414b44a913234d793d51ab) Importer(815301076,1909f56bfc062723c751e8b465ee728b)
Start importing Assets/Client/Scenes/Overworld-Uni.unity using Guid(42c35194c6414b44a913234d793d51ab) Importer(815301076,1909f56bfc062723c751e8b465ee728b)  -> (artifact id: 'a4823fd983f13f923133e120256b4e6a') in 0.007496 seconds
  Import took 0.053418 seconds .

========================================================================
Received Prepare
Registering precompiled user dll's ...
Registered in 0.005081 seconds.
Begin MonoManager ReloadAssembly
Native extension for WindowsStandalone target not found
Native extension for OSXStandalone target not found
Native extension for WebGL target not found
Refreshing native plugins compatible for Editor in 0.75 ms, found 1 plugins.
Preloading 0 native plugins for Editor in 0.00 ms.
Invoked RoslynAnalysisRunner static constructor.
RoslynAnalysisRunner will not be running.
RoslynAnalysisRunner has terminated.
Mono: successfully reloaded assembly
- Completed reload, in  2.070 seconds
Platform modules already initialized, skipping
Refreshing native plugins compatible for Editor in 1.44 ms, found 1 plugins.
Preloading 0 native plugins for Editor in 0.00 ms.
Unloading 1834 Unused Serialized files (Serialized files now loaded: 0)
System memory in use before: 89.6 MB.
System memory in use after: 89.6 MB.

Unloading 15 unused Assets to reduce memory usage. Loaded Objects now: 2409.
Total: 6.461800 ms (FindLiveObjects: 0.301500 ms CreateObjectMapping: 0.134000 ms MarkObjects: 5.755400 ms  DeleteObjects: 0.268800 ms)

========================================================================
Received Prepare
Registering precompiled user dll's ...
Registered in 0.008263 seconds.
Begin MonoManager ReloadAssembly
Native extension for WindowsStandalone target not found
Native extension for OSXStandalone target not found
Native extension for WebGL target not found
Refreshing native plugins compatible for Editor in 0.61 ms, found 1 plugins.
Preloading 0 native plugins for Editor in 0.00 ms.
Invoked RoslynAnalysisRunner static constructor.
RoslynAnalysisRunner will not be running.
RoslynAnalysisRunner has terminated.
Mono: successfully reloaded assembly
- Completed reload, in  2.356 seconds
Platform modules already initialized, skipping
Refreshing native plugins compatible for Editor in 0.98 ms, found 1 plugins.
Preloading 0 native plugins for Editor in 0.00 ms.
Unloading 1834 Unused Serialized files (Serialized files now loaded: 0)
System memory in use before: 89.6 MB.
System memory in use after: 89.6 MB.

Unloading 15 unused Assets to reduce memory usage. Loaded Objects now: 2413.
Total: 6.850000 ms (FindLiveObjects: 0.335500 ms CreateObjectMapping: 0.248400 ms MarkObjects: 6.078200 ms  DeleteObjects: 0.186100 ms)

========================================================================
Received Prepare
Registering precompiled user dll's ...
Registered in 0.008869 seconds.
Begin MonoManager ReloadAssembly
Native extension for WindowsStandalone target not found
Native extension for OSXStandalone target not found
Native extension for WebGL target not found
Refreshing native plugins compatible for Editor in 0.69 ms, found 1 plugins.
Preloading 0 native plugins for Editor in 0.00 ms.
Invoked RoslynAnalysisRunner static constructor.
RoslynAnalysisRunner will not be running.
RoslynAnalysisRunner has terminated.
Mono: successfully reloaded assembly
- Completed reload, in  2.255 seconds
Platform modules already initialized, skipping
Refreshing native plugins compatible for Editor in 1.12 ms, found 1 plugins.
Preloading 0 native plugins for Editor in 0.00 ms.
Unloading 1834 Unused Serialized files (Serialized files now loaded: 0)
System memory in use before: 89.6 MB.
System memory in use after: 89.6 MB.

Unloading 15 unused Assets to reduce memory usage. Loaded Objects now: 2417.
Total: 8.792000 ms (FindLiveObjects: 0.320800 ms CreateObjectMapping: 0.142900 ms MarkObjects: 8.133200 ms  DeleteObjects: 0.192900 ms)

