Using pre-set license
Built from '2020.2/staging' branch; Version is '2020.2.7f1 (c53830e277f1) revision 12924976'; Using compiler version '192528614'; Build Type 'Release'
OS: 'Windows 10 Pro; OS build 19044.1645; Version 2009; 64bit' Language: 'en' Physical Memory: 8064 MB
BatchMode: 1, IsHumanControllingUs: 0, StartBugReporterOnCrash: 0, Is64bit: 1, IsPro: 0

 COMMAND LINE ARGUMENTS:
C:\Program Files\Unity\Hub\Editor\2020.2.7f1\Editor\Unity.exe
-adb2
-batchMode
-noUpm
-name
AssetImportWorker2
-projectPath
E:/Games/GitHub/Zombieversity/Zombieversity
-logFile
Logs/AssetImportWorker2.log
-srvPort
61654
Successfully changed project path to: E:/Games/GitHub/Zombieversity/Zombieversity
E:/Games/GitHub/Zombieversity/Zombieversity
Using Asset Import Pipeline V2.
Refreshing native plugins compatible for Editor in 81.82 ms, found 1 plugins.
Preloading 0 native plugins for Editor in 0.00 ms.
Initialize engine version: 2020.2.7f1 (c53830e277f1)
[Subsystems] Discovering subsystems at path C:/Program Files/Unity/Hub/Editor/2020.2.7f1/Editor/Data/Resources/UnitySubsystems
[Subsystems] Discovering subsystems at path E:/Games/GitHub/Zombieversity/Zombieversity/Assets
GfxDevice: creating device client; threaded=0
Direct3D:
    Version:  Direct3D 11.0 [level 11.1]
    Renderer: Intel(R) HD Graphics Family (ID=0xa16)
    Vendor:   
    VRAM:     2048 MB
    Driver:   20.19.15.5126
Initialize mono
Mono path[0] = 'C:/Program Files/Unity/Hub/Editor/2020.2.7f1/Editor/Data/Managed'
Mono path[1] = 'C:/Program Files/Unity/Hub/Editor/2020.2.7f1/Editor/Data/MonoBleedingEdge/lib/mono/unityjit'
Mono config path = 'C:/Program Files/Unity/Hub/Editor/2020.2.7f1/Editor/Data/MonoBleedingEdge/etc'
Using monoOptions --debugger-agent=transport=dt_socket,embedding=1,server=y,suspend=n,address=127.0.0.1:56144
Begin MonoManager ReloadAssembly
Registering precompiled unity dll's ...
Register platform support module: C:/Program Files/Unity/Hub/Editor/2020.2.7f1/Editor/Data/PlaybackEngines/WebGLSupport/UnityEditor.WebGL.Extensions.dll
Register platform support module: C:/Program Files/Unity/Hub/Editor/2020.2.7f1/Editor/Data/PlaybackEngines/MacStandaloneSupport/UnityEditor.OSXStandalone.Extensions.dll
Register platform support module: C:/Program Files/Unity/Hub/Editor/2020.2.7f1/Editor/Data/PlaybackEngines/WindowsStandaloneSupport/UnityEditor.WindowsStandalone.Extensions.dll
Registered in 0.007325 seconds.
Native extension for WindowsStandalone target not found
Native extension for OSXStandalone target not found
Native extension for WebGL target not found
Refreshing native plugins compatible for Editor in 49.29 ms, found 1 plugins.
Preloading 0 native plugins for Editor in 0.00 ms.
Invoked RoslynAnalysisRunner static constructor.
RoslynAnalysisRunner will not be running.
RoslynAnalysisRunner has terminated.
Mono: successfully reloaded assembly
- Completed reload, in  2.450 seconds
Platform modules already initialized, skipping
Registering precompiled user dll's ...
Registered in 0.003493 seconds.
Begin MonoManager ReloadAssembly
Native extension for WindowsStandalone target not found
Native extension for OSXStandalone target not found
Native extension for WebGL target not found
Refreshing native plugins compatible for Editor in 49.30 ms, found 1 plugins.
Preloading 0 native plugins for Editor in 0.00 ms.
Invoked RoslynAnalysisRunner static constructor.
RoslynAnalysisRunner will not be running.
RoslynAnalysisRunner has terminated.
Mono: successfully reloaded assembly
- Completed reload, in  2.248 seconds
Platform modules already initialized, skipping
========================================================================
Worker process is ready to serve import requests
Launched and connected shader compiler UnityShaderCompiler.exe after 0.24 seconds
Refreshing native plugins compatible for Editor in 0.93 ms, found 1 plugins.
Preloading 0 native plugins for Editor in 0.00 ms.
Unloading 1839 Unused Serialized files (Serialized files now loaded: 0)
System memory in use before: 85.7 MB.
System memory in use after: 85.7 MB.

Unloading 27 unused Assets to reduce memory usage. Loaded Objects now: 2286.
Total: 6.670500 ms (FindLiveObjects: 0.384700 ms CreateObjectMapping: 0.148800 ms MarkObjects: 5.860400 ms  DeleteObjects: 0.273900 ms)

========================================================================
Received Import Request.
  path: Assets/Client/Scenes/Overworld-Uni.unity
  artifactKey: Guid(42c35194c6414b44a913234d793d51ab) Importer(815301076,1909f56bfc062723c751e8b465ee728b)
Start importing Assets/Client/Scenes/Overworld-Uni.unity using Guid(42c35194c6414b44a913234d793d51ab) Importer(815301076,1909f56bfc062723c751e8b465ee728b)  -> (artifact id: '2eabea74d61380e8f7989f500127fdd8') in 0.283802 seconds
  Import took 0.504331 seconds .

========================================================================
Received Import Request.
  Time since last request: 1331.640685 seconds.
  path: Assets/Client/Images/Sprites/Uni
  artifactKey: Guid(2fd584dc7c0dd46439e8372c21d82e16) Importer(815301076,1909f56bfc062723c751e8b465ee728b)
Start importing Assets/Client/Images/Sprites/Uni using Guid(2fd584dc7c0dd46439e8372c21d82e16) Importer(815301076,1909f56bfc062723c751e8b465ee728b)  -> (artifact id: '1c8c416ca4c16fc8bd236367cb121569') in 0.083739 seconds
  Import took 0.124119 seconds .

========================================================================
Received Import Request.
  Time since last request: 63.009244 seconds.
  path: Assets/Client/Images/Sprites/Uni/floor.png
  artifactKey: Guid(c13ea08f295c8304cbee57f0813feda7) Importer(815301076,1909f56bfc062723c751e8b465ee728b)
Start importing Assets/Client/Images/Sprites/Uni/floor.png using Guid(c13ea08f295c8304cbee57f0813feda7) Importer(815301076,1909f56bfc062723c751e8b465ee728b)  -> (artifact id: '33f429785569174add931ff76a550fc1') in 0.873493 seconds
  Import took 0.949631 seconds .

========================================================================
Received Import Request.
  Time since last request: 0.305591 seconds.
  path: Assets/Client/Images/Sprites/Uni/floor.png
  artifactKey: Guid(c13ea08f295c8304cbee57f0813feda7) Importer(815301076,1909f56bfc062723c751e8b465ee728b)
Start importing Assets/Client/Images/Sprites/Uni/floor.png using Guid(c13ea08f295c8304cbee57f0813feda7) Importer(815301076,1909f56bfc062723c751e8b465ee728b)  -> (artifact id: '33f429785569174add931ff76a550fc1') in 0.023367 seconds
  Import took 0.028808 seconds .

========================================================================
Received Import Request.
  Time since last request: 7.346956 seconds.
  path: Assets/Client/Images/Sprites/Uni/floor.png
  artifactKey: Guid(c13ea08f295c8304cbee57f0813feda7) Importer(815301076,1909f56bfc062723c751e8b465ee728b)
Start importing Assets/Client/Images/Sprites/Uni/floor.png using Guid(c13ea08f295c8304cbee57f0813feda7) Importer(815301076,1909f56bfc062723c751e8b465ee728b)  -> (artifact id: '3307b722ef94f07ba7b56afeddc55269') in 0.061373 seconds
  Import took 0.077539 seconds .

========================================================================
Received Import Request.
  Time since last request: 19.867691 seconds.
  path: Assets/Client/Images/Sprites/Uni/floor.png
  artifactKey: Guid(c13ea08f295c8304cbee57f0813feda7) Importer(815301076,1909f56bfc062723c751e8b465ee728b)
Start importing Assets/Client/Images/Sprites/Uni/floor.png using Guid(c13ea08f295c8304cbee57f0813feda7) Importer(815301076,1909f56bfc062723c751e8b465ee728b)  -> (artifact id: '409989d41e901f78f753f57d0bc869bf') in 0.103296 seconds
  Import took 0.171616 seconds .

========================================================================
Received Import Request.
  Time since last request: 94.695074 seconds.
  path: Assets/Client/Images/Sprites/Uni/floor_0.asset
  artifactKey: Guid(e05a61c64ce59174a8c8a1aebbe68618) Importer(815301076,1909f56bfc062723c751e8b465ee728b)
Start importing Assets/Client/Images/Sprites/Uni/floor_0.asset using Guid(e05a61c64ce59174a8c8a1aebbe68618) Importer(815301076,1909f56bfc062723c751e8b465ee728b)  -> (artifact id: '0130cda91f42aacca53987edaf54aa98') in 0.157614 seconds
  Import took 0.177151 seconds .

========================================================================
Received Import Request.
  Time since last request: 0.000460 seconds.
  path: Assets/Client/Images/Sprites/Uni/floor_13.asset
  artifactKey: Guid(93f1c9578de174744b8eafd15a69f9ac) Importer(815301076,1909f56bfc062723c751e8b465ee728b)
Start importing Assets/Client/Images/Sprites/Uni/floor_13.asset using Guid(93f1c9578de174744b8eafd15a69f9ac) Importer(815301076,1909f56bfc062723c751e8b465ee728b)  -> (artifact id: 'a5d03275a64bd2d611a5820822c07c0e') in 0.074058 seconds
  Import took 0.097310 seconds .

========================================================================
Received Import Request.
  Time since last request: 0.000469 seconds.
  path: Assets/Client/Images/Sprites/Uni/floor_10.asset
  artifactKey: Guid(b0694f6534c262e45872cc38eb4cf6d1) Importer(815301076,1909f56bfc062723c751e8b465ee728b)
Start importing Assets/Client/Images/Sprites/Uni/floor_10.asset using Guid(b0694f6534c262e45872cc38eb4cf6d1) Importer(815301076,1909f56bfc062723c751e8b465ee728b)  -> (artifact id: 'e88a34720b4a471dec90773ecc73058c') in 0.031232 seconds
  Import took 0.044109 seconds .

========================================================================
Received Import Request.
  Time since last request: 0.000441 seconds.
  path: Assets/Client/Images/Sprites/Uni/floor_6.asset
  artifactKey: Guid(dd893a80552690c4ebd86134571bb39d) Importer(815301076,1909f56bfc062723c751e8b465ee728b)
Start importing Assets/Client/Images/Sprites/Uni/floor_6.asset using Guid(dd893a80552690c4ebd86134571bb39d) Importer(815301076,1909f56bfc062723c751e8b465ee728b)  -> (artifact id: '462f2f6d0fd1fff45775a4840c01e619') in 0.085789 seconds
  Import took 0.112394 seconds .

========================================================================
Received Import Request.
  Time since last request: 0.000571 seconds.
  path: Assets/Client/Images/Sprites/Uni/floor_5.asset
  artifactKey: Guid(903667a73af204f4186ffff251a3ebd7) Importer(815301076,1909f56bfc062723c751e8b465ee728b)
Start importing Assets/Client/Images/Sprites/Uni/floor_5.asset using Guid(903667a73af204f4186ffff251a3ebd7) Importer(815301076,1909f56bfc062723c751e8b465ee728b)  -> (artifact id: '8822a5cf16276c142ce762efc2f9a8b5') in 0.056546 seconds
  Import took 0.089266 seconds .

========================================================================
Received Import Request.
  Time since last request: 0.000612 seconds.
  path: Assets/Client/Images/Sprites/Uni/floor_11.asset
  artifactKey: Guid(e75018e13be937c4db1fd32bd45ae8b6) Importer(815301076,1909f56bfc062723c751e8b465ee728b)
Start importing Assets/Client/Images/Sprites/Uni/floor_11.asset using Guid(e75018e13be937c4db1fd32bd45ae8b6) Importer(815301076,1909f56bfc062723c751e8b465ee728b)  -> (artifact id: '6b2a7ab70ae1cc2cff306cd572251bbd') in 0.047375 seconds
  Import took 0.056662 seconds .

========================================================================
Received Import Request.
  Time since last request: 0.000499 seconds.
  path: Assets/Client/Images/Sprites/Uni/floor_2.asset
  artifactKey: Guid(3f35f1b8ba3aed14aa5f6761a1bd3134) Importer(815301076,1909f56bfc062723c751e8b465ee728b)
Start importing Assets/Client/Images/Sprites/Uni/floor_2.asset using Guid(3f35f1b8ba3aed14aa5f6761a1bd3134) Importer(815301076,1909f56bfc062723c751e8b465ee728b)  -> (artifact id: 'c6d37d475cc32343936e18e988c58d95') in 0.018767 seconds
  Import took 0.054419 seconds .

========================================================================
Received Import Request.
  Time since last request: 0.000425 seconds.
  path: Assets/Client/Images/Sprites/Uni/floor_4.asset
  artifactKey: Guid(3f03c3567cc0fb543909c3a3a3d423ef) Importer(815301076,1909f56bfc062723c751e8b465ee728b)
Start importing Assets/Client/Images/Sprites/Uni/floor_4.asset using Guid(3f03c3567cc0fb543909c3a3a3d423ef) Importer(815301076,1909f56bfc062723c751e8b465ee728b)  -> (artifact id: '8f3fb6eada271da3c2fbd6113272bcf0') in 0.022472 seconds
  Import took 0.072193 seconds .

========================================================================
Received Import Request.
  Time since last request: 0.000485 seconds.
  path: Assets/Client/Images/Sprites/Uni/floor_3.asset
  artifactKey: Guid(43f5ac8fff0823149ac6c9326a55fae1) Importer(815301076,1909f56bfc062723c751e8b465ee728b)
Start importing Assets/Client/Images/Sprites/Uni/floor_3.asset using Guid(43f5ac8fff0823149ac6c9326a55fae1) Importer(815301076,1909f56bfc062723c751e8b465ee728b)  -> (artifact id: 'a2be4ae88b2ae6b0d2eb5b78914373d3') in 0.026732 seconds
  Import took 0.063387 seconds .

========================================================================
Received Import Request.
  Time since last request: 0.000803 seconds.
  path: Assets/Client/Images/Sprites/Uni/floor_7.asset
  artifactKey: Guid(e654ceb47eb85cf4fa828818840292df) Importer(815301076,1909f56bfc062723c751e8b465ee728b)
Start importing Assets/Client/Images/Sprites/Uni/floor_7.asset using Guid(e654ceb47eb85cf4fa828818840292df) Importer(815301076,1909f56bfc062723c751e8b465ee728b)  -> (artifact id: '32c889b8cdc6290f042786c5da18737f') in 0.051016 seconds
  Import took 0.062759 seconds .

========================================================================
Received Import Request.
  Time since last request: 0.002801 seconds.
  path: Assets/Client/Images/Sprites/Uni/floor_15.asset
  artifactKey: Guid(a4cb5000ba009274ea0da6a3e02ea604) Importer(815301076,1909f56bfc062723c751e8b465ee728b)
Start importing Assets/Client/Images/Sprites/Uni/floor_15.asset using Guid(a4cb5000ba009274ea0da6a3e02ea604) Importer(815301076,1909f56bfc062723c751e8b465ee728b)  -> (artifact id: '52d427b5ce548eb690524f6739500a60') in 0.027047 seconds
  Import took 0.091948 seconds .

========================================================================
Received Import Request.
  Time since last request: 0.000572 seconds.
  path: Assets/Client/Images/Sprites/Uni/floor_12.asset
  artifactKey: Guid(03a291a536ad34b4b876ac3abeecbfd5) Importer(815301076,1909f56bfc062723c751e8b465ee728b)
Start importing Assets/Client/Images/Sprites/Uni/floor_12.asset using Guid(03a291a536ad34b4b876ac3abeecbfd5) Importer(815301076,1909f56bfc062723c751e8b465ee728b)  -> (artifact id: 'ba4dbb5f2a87ca8af43dd09b127afd9c') in 0.125315 seconds
  Import took 0.192016 seconds .

========================================================================
Received Import Request.
  Time since last request: 0.000554 seconds.
  path: Assets/Client/Images/Sprites/Uni/floor_1.asset
  artifactKey: Guid(141251cd6e86c3c4cb64aa051813221c) Importer(815301076,1909f56bfc062723c751e8b465ee728b)
Start importing Assets/Client/Images/Sprites/Uni/floor_1.asset using Guid(141251cd6e86c3c4cb64aa051813221c) Importer(815301076,1909f56bfc062723c751e8b465ee728b)  -> (artifact id: '6a07560e59996602e1e1caa94653d69a') in 0.037388 seconds
  Import took 0.043668 seconds .

========================================================================
Received Import Request.
  Time since last request: 0.000377 seconds.
  path: Assets/Client/Images/Sprites/Uni/floor_9.asset
  artifactKey: Guid(8f23cd7b1d521f14188e24beedede84d) Importer(815301076,1909f56bfc062723c751e8b465ee728b)
Start importing Assets/Client/Images/Sprites/Uni/floor_9.asset using Guid(8f23cd7b1d521f14188e24beedede84d) Importer(815301076,1909f56bfc062723c751e8b465ee728b)  -> (artifact id: 'c4b328476e433423f12e73a0f1aaf1ea') in 0.033739 seconds
  Import took 0.040333 seconds .

========================================================================
Received Import Request.
  Time since last request: 0.000404 seconds.
  path: Assets/Client/Images/Sprites/Uni/floor_8.asset
  artifactKey: Guid(a80e1e6ad2e01d2469def7948767237a) Importer(815301076,1909f56bfc062723c751e8b465ee728b)
Start importing Assets/Client/Images/Sprites/Uni/floor_8.asset using Guid(a80e1e6ad2e01d2469def7948767237a) Importer(815301076,1909f56bfc062723c751e8b465ee728b)  -> (artifact id: 'aa7d9811ee6d8196c1c2967190e66b2f') in 0.019814 seconds
  Import took 0.042448 seconds .

========================================================================
Received Import Request.
  Time since last request: 0.001576 seconds.
  path: Assets/Client/Images/Sprites/Uni/floor_14.asset
  artifactKey: Guid(ef7020bdf40f89649be7a13e9b843ece) Importer(815301076,1909f56bfc062723c751e8b465ee728b)
Start importing Assets/Client/Images/Sprites/Uni/floor_14.asset using Guid(ef7020bdf40f89649be7a13e9b843ece) Importer(815301076,1909f56bfc062723c751e8b465ee728b)  -> (artifact id: 'b77845c083dcf61ab010478f323c0f48') in 0.038908 seconds
  Import took 0.065684 seconds .

========================================================================
Received Import Request.
  Time since last request: 76.003071 seconds.
  path: Assets/Client/Images/Sprites/Uni/Uni
  artifactKey: Guid(19a54ea52a0d3114c9898af76c4d384a) Importer(815301076,1909f56bfc062723c751e8b465ee728b)
Start importing Assets/Client/Images/Sprites/Uni/Uni using Guid(19a54ea52a0d3114c9898af76c4d384a) Importer(815301076,1909f56bfc062723c751e8b465ee728b)  -> (artifact id: '7c33e838c960d2465fe26c004b125059') in 0.004528 seconds
  Import took 0.024950 seconds .

========================================================================
Received Import Request.
  Time since last request: 7.973694 seconds.
  path: Assets/Client/Images/Sprites/Uni/Uni_Floor
  artifactKey: Guid(19a54ea52a0d3114c9898af76c4d384a) Importer(815301076,1909f56bfc062723c751e8b465ee728b)
Start importing Assets/Client/Images/Sprites/Uni/Uni_Floor using Guid(19a54ea52a0d3114c9898af76c4d384a) Importer(815301076,1909f56bfc062723c751e8b465ee728b)  -> (artifact id: 'b23af33f4fc7f4830bcbd6e6b8347212') in 0.034233 seconds
  Import took 0.046692 seconds .

========================================================================
Received Import Request.
  Time since last request: 9.337348 seconds.
  path: Assets/Client/Images/Palettes/Tilemaps/Uni/Uni_Floor.prefab
  artifactKey: Guid(e1f03216952d00340bbeea585aea78b6) Importer(815301076,1909f56bfc062723c751e8b465ee728b)
Start importing Assets/Client/Images/Palettes/Tilemaps/Uni/Uni_Floor.prefab using Guid(e1f03216952d00340bbeea585aea78b6) Importer(815301076,1909f56bfc062723c751e8b465ee728b)  -> (artifact id: '33c0f26aa9f69ebb2ca6407d1ba8af3a') in 0.056190 seconds
  Import took 0.065900 seconds .

========================================================================
Received Import Request.
  Time since last request: 165.610066 seconds.
  path: Assets/Client/Images/Sprites/Uni/wall1.png
  artifactKey: Guid(45e845db2668b084fb13d66cf4641d90) Importer(815301076,1909f56bfc062723c751e8b465ee728b)
Start importing Assets/Client/Images/Sprites/Uni/wall1.png using Guid(45e845db2668b084fb13d66cf4641d90) Importer(815301076,1909f56bfc062723c751e8b465ee728b)  -> (artifact id: '7bdf33ee721d92838db352537bd8c596') in 0.085729 seconds
  Import took 0.104835 seconds .

========================================================================
Received Import Request.
  Time since last request: 0.000420 seconds.
  path: Assets/Client/Images/Sprites/Uni/wall3.png
  artifactKey: Guid(19129b8251ec8b74b86191ed6800ec60) Importer(815301076,1909f56bfc062723c751e8b465ee728b)
Start importing Assets/Client/Images/Sprites/Uni/wall3.png using Guid(19129b8251ec8b74b86191ed6800ec60) Importer(815301076,1909f56bfc062723c751e8b465ee728b)  -> (artifact id: '4c3e37f15ad6189319db7bfae9a997be') in 0.097369 seconds
  Import took 0.125779 seconds .

========================================================================
Received Import Request.
  Time since last request: 0.000433 seconds.
  path: Assets/Client/Images/Sprites/Uni/wall2.png
  artifactKey: Guid(88abae079ff8b9d4cac52ad0d499f02f) Importer(815301076,1909f56bfc062723c751e8b465ee728b)
Start importing Assets/Client/Images/Sprites/Uni/wall2.png using Guid(88abae079ff8b9d4cac52ad0d499f02f) Importer(815301076,1909f56bfc062723c751e8b465ee728b)  -> (artifact id: '00cd245083b09afa464636bda7e5d58a') in 0.041736 seconds
  Import took 0.064998 seconds .

========================================================================
Received Import Request.
  Time since last request: 8.615885 seconds.
  path: Assets/Client/Images/Sprites/Uni/wall11.png
  artifactKey: Guid(51b2e39661bcc0445b5d0604ff5265e4) Importer(815301076,1909f56bfc062723c751e8b465ee728b)
Start importing Assets/Client/Images/Sprites/Uni/wall11.png using Guid(51b2e39661bcc0445b5d0604ff5265e4) Importer(815301076,1909f56bfc062723c751e8b465ee728b)  -> (artifact id: '59079a6ad8f383b30f0e7189682cda85') in 0.091654 seconds
  Import took 0.123134 seconds .

========================================================================
Received Import Request.
  Time since last request: 0.000353 seconds.
  path: Assets/Client/Images/Sprites/Uni/wall22.png
  artifactKey: Guid(62940e1a66796f342940d8657c9053cd) Importer(815301076,1909f56bfc062723c751e8b465ee728b)
Start importing Assets/Client/Images/Sprites/Uni/wall22.png using Guid(62940e1a66796f342940d8657c9053cd) Importer(815301076,1909f56bfc062723c751e8b465ee728b)  -> (artifact id: 'e7ee1cb95a762e059c3cf1b00febbe51') in 0.077678 seconds
  Import took 0.122639 seconds .

========================================================================
Received Import Request.
  Time since last request: 0.000518 seconds.
  path: Assets/Client/Images/Sprites/Uni/wall33.png
  artifactKey: Guid(c6596d147e91e8f42a5d737e756bb5fd) Importer(815301076,1909f56bfc062723c751e8b465ee728b)
Start importing Assets/Client/Images/Sprites/Uni/wall33.png using Guid(c6596d147e91e8f42a5d737e756bb5fd) Importer(815301076,1909f56bfc062723c751e8b465ee728b)  -> (artifact id: 'cfdcae4a716ab82743e5da678a2097d4') in 0.075948 seconds
  Import took 0.081868 seconds .

========================================================================
Received Import Request.
  Time since last request: 21.897629 seconds.
  path: Assets/Client/Images/Sprites/Uni/Walls
  artifactKey: Guid(16ed8b1a2fdbcc041b1e871426fa02c8) Importer(815301076,1909f56bfc062723c751e8b465ee728b)
Start importing Assets/Client/Images/Sprites/Uni/Walls using Guid(16ed8b1a2fdbcc041b1e871426fa02c8) Importer(815301076,1909f56bfc062723c751e8b465ee728b)  -> (artifact id: 'ac156e4dce7759902e0fe4051b5d5225') in 0.022446 seconds
  Import took 0.058714 seconds .

========================================================================
Received Import Request.
  Time since last request: 16.972238 seconds.
  path: Assets/Client/Images/Sprites/Uni/Walls/wall1.png
  artifactKey: Guid(267e92bd64637934081080f4ce645da2) Importer(815301076,1909f56bfc062723c751e8b465ee728b)
Start importing Assets/Client/Images/Sprites/Uni/Walls/wall1.png using Guid(267e92bd64637934081080f4ce645da2) Importer(815301076,1909f56bfc062723c751e8b465ee728b)  -> (artifact id: '18e7ab28e955a12172ad1b2ad88eeb4d') in 0.020740 seconds
  Import took 0.044596 seconds .

========================================================================
Received Import Request.
  Time since last request: 0.000849 seconds.
  path: Assets/Client/Images/Sprites/Uni/Walls/wall55.png
  artifactKey: Guid(893d1a7de0778b54a82d66194adefbe0) Importer(815301076,1909f56bfc062723c751e8b465ee728b)
Start importing Assets/Client/Images/Sprites/Uni/Walls/wall55.png using Guid(893d1a7de0778b54a82d66194adefbe0) Importer(815301076,1909f56bfc062723c751e8b465ee728b)  -> (artifact id: '4adbae453642591ece0e04451af8966a') in 0.112099 seconds
  Import took 0.151531 seconds .

========================================================================
Received Import Request.
  Time since last request: 0.000495 seconds.
  path: Assets/Client/Images/Sprites/Uni/Walls/Wall4444.png
  artifactKey: Guid(f3bcaaf98f5066f4da2be43d4118958e) Importer(815301076,1909f56bfc062723c751e8b465ee728b)
Start importing Assets/Client/Images/Sprites/Uni/Walls/Wall4444.png using Guid(f3bcaaf98f5066f4da2be43d4118958e) Importer(815301076,1909f56bfc062723c751e8b465ee728b)  -> (artifact id: '59779eb5de6e63ee148ca3c6f7675068') in 0.085193 seconds
  Import took 0.115905 seconds .

========================================================================
Received Import Request.
  Time since last request: 0.000823 seconds.
  path: Assets/Client/Images/Sprites/Uni/Walls/Wall555.png
  artifactKey: Guid(4a22957c5bd6fae44819eea99281e377) Importer(815301076,1909f56bfc062723c751e8b465ee728b)
Start importing Assets/Client/Images/Sprites/Uni/Walls/Wall555.png using Guid(4a22957c5bd6fae44819eea99281e377) Importer(815301076,1909f56bfc062723c751e8b465ee728b)  -> (artifact id: '42f0b66d3228964dbf9be5e70a5db1e8') in 0.038433 seconds
  Import took 0.051385 seconds .

========================================================================
Received Import Request.
  Time since last request: 0.000460 seconds.
  path: Assets/Client/Images/Sprites/Uni/Walls/wall55555.png
  artifactKey: Guid(ebe390ab14679374d9f4aaa0d4f73439) Importer(815301076,1909f56bfc062723c751e8b465ee728b)
Start importing Assets/Client/Images/Sprites/Uni/Walls/wall55555.png using Guid(ebe390ab14679374d9f4aaa0d4f73439) Importer(815301076,1909f56bfc062723c751e8b465ee728b)  -> (artifact id: 'a04360633379f64ed25826f1121abd54') in 0.070689 seconds
  Import took 0.081704 seconds .

========================================================================
Received Import Request.
  Time since last request: 0.000386 seconds.
  path: Assets/Client/Images/Sprites/Uni/Walls/wall5555.png
  artifactKey: Guid(7074d7012200c584fbbe1b521b9a9bd2) Importer(815301076,1909f56bfc062723c751e8b465ee728b)
Start importing Assets/Client/Images/Sprites/Uni/Walls/wall5555.png using Guid(7074d7012200c584fbbe1b521b9a9bd2) Importer(815301076,1909f56bfc062723c751e8b465ee728b)  -> (artifact id: 'dfd3219ccbdb8c64115cbdae25d38250') in 0.060012 seconds
  Import took 0.093719 seconds .

========================================================================
Received Import Request.
  Time since last request: 0.000356 seconds.
  path: Assets/Client/Images/Sprites/Uni/Walls/Wall444.png
  artifactKey: Guid(b08d503ff5caeff4bac3242ffbf489e4) Importer(815301076,1909f56bfc062723c751e8b465ee728b)
Start importing Assets/Client/Images/Sprites/Uni/Walls/Wall444.png using Guid(b08d503ff5caeff4bac3242ffbf489e4) Importer(815301076,1909f56bfc062723c751e8b465ee728b)  -> (artifact id: '7475817ca5ce470988bb7eb40a9f1637') in 0.074358 seconds
  Import took 0.079610 seconds .

========================================================================
Received Import Request.
  Time since last request: 0.000344 seconds.
  path: Assets/Client/Images/Sprites/Uni/Walls/wall2.png
  artifactKey: Guid(a7b68542271c42f4ea85e2ebae720862) Importer(815301076,1909f56bfc062723c751e8b465ee728b)
Start importing Assets/Client/Images/Sprites/Uni/Walls/wall2.png using Guid(a7b68542271c42f4ea85e2ebae720862) Importer(815301076,1909f56bfc062723c751e8b465ee728b)  -> (artifact id: '55edcd245532e1062f52f04ac13d4725') in 0.012327 seconds
  Import took 0.021304 seconds .

========================================================================
Received Import Request.
  Time since last request: 0.000447 seconds.
  path: Assets/Client/Images/Sprites/Uni/Walls/Wall5.png
  artifactKey: Guid(05050d4708e7545489b16869d4b7876b) Importer(815301076,1909f56bfc062723c751e8b465ee728b)
Start importing Assets/Client/Images/Sprites/Uni/Walls/Wall5.png using Guid(05050d4708e7545489b16869d4b7876b) Importer(815301076,1909f56bfc062723c751e8b465ee728b)  -> (artifact id: 'c1153d0e4d9509ce02fe84812d1d33b6') in 0.057339 seconds
  Import took 0.063929 seconds .

========================================================================
Received Import Request.
  Time since last request: 0.000399 seconds.
  path: Assets/Client/Images/Sprites/Uni/Walls/wall555555.png
  artifactKey: Guid(99ad689631ea46f41930d512a4ee6502) Importer(815301076,1909f56bfc062723c751e8b465ee728b)
Start importing Assets/Client/Images/Sprites/Uni/Walls/wall555555.png using Guid(99ad689631ea46f41930d512a4ee6502) Importer(815301076,1909f56bfc062723c751e8b465ee728b)  -> (artifact id: '11d964af8df611c5249e5347831ded21') in 0.061027 seconds
  Import took 0.067480 seconds .

========================================================================
Received Import Request.
  Time since last request: 0.000416 seconds.
  path: Assets/Client/Images/Sprites/Uni/Walls/Wall44.png
  artifactKey: Guid(0471d97a62b6a7e4f9db5194ded7ff2f) Importer(815301076,1909f56bfc062723c751e8b465ee728b)
Start importing Assets/Client/Images/Sprites/Uni/Walls/Wall44.png using Guid(0471d97a62b6a7e4f9db5194ded7ff2f) Importer(815301076,1909f56bfc062723c751e8b465ee728b)  -> (artifact id: '781f56a1e8f6bcdd959565c36ee2a907') in 0.045779 seconds
  Import took 0.076490 seconds .

========================================================================
Received Import Request.
  Time since last request: 0.000476 seconds.
  path: Assets/Client/Images/Sprites/Uni/Walls/wall3.png
  artifactKey: Guid(3b186a67e2ba5874f8d62cdbc00dc05e) Importer(815301076,1909f56bfc062723c751e8b465ee728b)
Start importing Assets/Client/Images/Sprites/Uni/Walls/wall3.png using Guid(3b186a67e2ba5874f8d62cdbc00dc05e) Importer(815301076,1909f56bfc062723c751e8b465ee728b)  -> (artifact id: '4ce57c84c5bb945a592667e0f68395d2') in 0.018485 seconds
  Import took 0.036661 seconds .

========================================================================
Received Import Request.
  Time since last request: 0.000414 seconds.
  path: Assets/Client/Images/Sprites/Uni/Walls/Wall4.png
  artifactKey: Guid(e7f0b6b3b4475e0438ac015d97b110e5) Importer(815301076,1909f56bfc062723c751e8b465ee728b)
Start importing Assets/Client/Images/Sprites/Uni/Walls/Wall4.png using Guid(e7f0b6b3b4475e0438ac015d97b110e5) Importer(815301076,1909f56bfc062723c751e8b465ee728b)  -> (artifact id: '136b3fd6e46d10b0a92fe3341497ce72') in 0.051198 seconds
  Import took 0.088792 seconds .

========================================================================
Received Import Request.
  Time since last request: 0.000403 seconds.
  path: Assets/Client/Images/Sprites/Uni/Walls/wall11.png
  artifactKey: Guid(bf4a89684aa4dd645ab8a80b8a9a489c) Importer(815301076,1909f56bfc062723c751e8b465ee728b)
Start importing Assets/Client/Images/Sprites/Uni/Walls/wall11.png using Guid(bf4a89684aa4dd645ab8a80b8a9a489c) Importer(815301076,1909f56bfc062723c751e8b465ee728b)  -> (artifact id: '365d75e148635020bd2e587c18ca1f96') in 0.023228 seconds
  Import took 0.069415 seconds .

========================================================================
Received Import Request.
  Time since last request: 0.000505 seconds.
  path: Assets/Client/Images/Sprites/Uni/Walls/wall33.png
  artifactKey: Guid(1388d169e1d1e1a4c959d17c86156453) Importer(815301076,1909f56bfc062723c751e8b465ee728b)
Start importing Assets/Client/Images/Sprites/Uni/Walls/wall33.png using Guid(1388d169e1d1e1a4c959d17c86156453) Importer(815301076,1909f56bfc062723c751e8b465ee728b)  -> (artifact id: '8c153084b39676cfb6b21a0b775bbd39') in 0.027757 seconds
  Import took 0.034932 seconds .

========================================================================
Received Import Request.
  Time since last request: 0.000575 seconds.
  path: Assets/Client/Images/Sprites/Uni/Walls/wall22.png
  artifactKey: Guid(3d898db6fadb9a04fa22f9d528bedbc3) Importer(815301076,1909f56bfc062723c751e8b465ee728b)
Start importing Assets/Client/Images/Sprites/Uni/Walls/wall22.png using Guid(3d898db6fadb9a04fa22f9d528bedbc3) Importer(815301076,1909f56bfc062723c751e8b465ee728b)  -> (artifact id: '158ac4fa5ef95b63a79e756acaa2e5aa') in 0.075219 seconds
  Import took 0.100380 seconds .

========================================================================
Received Import Request.
  Time since last request: 0.000398 seconds.
  path: Assets/Client/Images/Sprites/Uni/Walls/Wall44444.png
  artifactKey: Guid(340fc45c77d0dc5469c427069d70c434) Importer(815301076,1909f56bfc062723c751e8b465ee728b)
Start importing Assets/Client/Images/Sprites/Uni/Walls/Wall44444.png using Guid(340fc45c77d0dc5469c427069d70c434) Importer(815301076,1909f56bfc062723c751e8b465ee728b)  -> (artifact id: '5bb32d80f1f9e32d18a42c11a6cf8989') in 0.023643 seconds
  Import took 0.034373 seconds .

========================================================================
Received Import Request.
  Time since last request: 1079.457590 seconds.
  path: Assets/Client/Images/Sprites/Uni/CanteenTable.png
  artifactKey: Guid(959f19f844750d241a761a99dc752976) Importer(815301076,1909f56bfc062723c751e8b465ee728b)
Start importing Assets/Client/Images/Sprites/Uni/CanteenTable.png using Guid(959f19f844750d241a761a99dc752976) Importer(815301076,1909f56bfc062723c751e8b465ee728b)  -> (artifact id: '9645a95d1b915dd13f3bcab407a58f6b') in 0.113985 seconds
  Import took 0.124784 seconds .

========================================================================
Received Import Request.
  Time since last request: 0.005388 seconds.
  path: Assets/Client/Images/Sprites/Uni/CanteenTable.png
  artifactKey: Guid(959f19f844750d241a761a99dc752976) Importer(815301076,1909f56bfc062723c751e8b465ee728b)
Start importing Assets/Client/Images/Sprites/Uni/CanteenTable.png using Guid(959f19f844750d241a761a99dc752976) Importer(815301076,1909f56bfc062723c751e8b465ee728b)  -> (artifact id: '9645a95d1b915dd13f3bcab407a58f6b') in 0.027577 seconds
  Import took 0.035488 seconds .

========================================================================
Received Import Request.
  Time since last request: 94.750857 seconds.
  path: Assets/Client/Images/Sprites/Uni/Table.png
  artifactKey: Guid(d87a2cb8e0950804d9ae40b1de2104a7) Importer(815301076,1909f56bfc062723c751e8b465ee728b)
Start importing Assets/Client/Images/Sprites/Uni/Table.png using Guid(d87a2cb8e0950804d9ae40b1de2104a7) Importer(815301076,1909f56bfc062723c751e8b465ee728b)  -> (artifact id: 'e2e65880519909bb11fa301e0459fd2e') in 0.307787 seconds
  Import took 0.334865 seconds .

========================================================================
Received Import Request.
  Time since last request: 54.685844 seconds.
  path: Assets/Client/Images/Sprites/Uni/Огнетушитель.png
  artifactKey: Guid(43a01d97ebeb2764fbd5fe1fdda04dd7) Importer(815301076,1909f56bfc062723c751e8b465ee728b)
Start importing Assets/Client/Images/Sprites/Uni/Огнетушитель.png using Guid(43a01d97ebeb2764fbd5fe1fdda04dd7) Importer(815301076,1909f56bfc062723c751e8b465ee728b)  -> (artifact id: '3bcd56322912f7a80ed5c46fe3ec375d') in 0.043856 seconds
  Import took 0.080058 seconds .

========================================================================
Received Import Request.
  Time since last request: 22.512389 seconds.
  path: Assets/Client/Images/Sprites/Uni/Garbage.png
  artifactKey: Guid(230e322321a7068448b3f505c5ff5912) Importer(815301076,1909f56bfc062723c751e8b465ee728b)
Start importing Assets/Client/Images/Sprites/Uni/Garbage.png using Guid(230e322321a7068448b3f505c5ff5912) Importer(815301076,1909f56bfc062723c751e8b465ee728b)  -> (artifact id: 'b8e895ff6320bc068c4ca244423a1afd') in 0.146700 seconds
  Import took 0.284330 seconds .

AssetImportWorkerClient::OnTransportError - code=2 error=End of file
